{"name": "E1", "date": "2016-05-15T19:04:15", "results": [{"origin": "/home/anya/at/uam/submissions/adamjiss/e1", "students": [{"section": "N/A", "student_number": "0999113766", "last": "Adam", "first": "Jissan", "student_id": "adamjiss", "email": "jissan.adam@mail.utoronto.ca", "source": "N/A"}], "results": {"e1tester.LinearScaleFuncTest": {"failures": {}, "errors": {}, "passes": {"e1tester.LinearScaleFuncTest:testScale": "testing functionality of scale", "e1tester.LinearScaleFuncTest:testReflectionScale": "testing signature of scale", "e1tester.LinearScaleFuncTest:testReflectionClass": "testing class declaration"}}, "e1tester.LinearScalerTest": {"failures": {}, "errors": {}, "passes": {"e1tester.LinearScalerTest:testGetScaleFunc": "testing functionality of getScaleFunc", "e1tester.LinearScalerTest:testReflectionGetScaleFunc": "testing signature of getScaleFunc", "e1tester.LinearScalerTest:testReflectionClass": "testing class declaration"}}}, "assignment": "E1", "date": "2016-05-15T19:04:15"}, {"origin": "/home/anya/at/uam/submissions/amarouch/e1", "students": [{"section": "N/A", "student_number": "1000886302", "last": "Amarouche", "first": "Thezyrie", "student_id": "amarouch", "email": "thezyrie.amarouche@mail.utoronto.ca", "source": "N/A"}], "results": {"e1tester.LinearScaleFuncTest": {"failures": {}, "errors": {}, "passes": {"e1tester.LinearScaleFuncTest:testScale": "testing functionality of scale", "e1tester.LinearScaleFuncTest:testReflectionScale": "testing signature of scale", "e1tester.LinearScaleFuncTest:testReflectionClass": "testing class declaration"}}, "e1tester.LinearScalerTest": {"failures": {}, "errors": {}, "passes": {"e1tester.LinearScalerTest:testGetScaleFunc": "testing functionality of getScaleFunc", "e1tester.LinearScalerTest:testReflectionGetScaleFunc": "testing signature of getScaleFunc", "e1tester.LinearScalerTest:testReflectionClass": "testing class declaration"}}}, "assignment": "E1", "date": "2016-05-15T19:04:15"}, {"origin": "/home/anya/at/uam/submissions/ananth32/e1", "students": [{"section": "N/A", "student_number": "1000654268", "last": "Ananthamanokaran", "first": "Raheson", "student_id": "ananth32", "email": "raheson.ananthamanokaran@mail.utoronto.ca", "source": "N/A"}], "results": {"e1tester.LinearScaleFuncTest": {"failures": {}, "errors": {}, "passes": {"e1tester.LinearScaleFuncTest:testScale": "testing functionality of scale", "e1tester.LinearScaleFuncTest:testReflectionScale": "testing signature of scale", "e1tester.LinearScaleFuncTest:testReflectionClass": "testing class declaration"}}, "e1tester.LinearScalerTest": {"failures": {}, "errors": {}, "passes": {"e1tester.LinearScalerTest:testGetScaleFunc": "testing functionality of getScaleFunc", "e1tester.LinearScalerTest:testReflectionGetScaleFunc": "testing signature of getScaleFunc", "e1tester.LinearScalerTest:testReflectionClass": "testing class declaration"}}}, "assignment": "E1", "date": "2016-05-15T19:04:15"}, {"origin": "/home/anya/at/uam/submissions/balakr28/e1", "students": [{"section": "N/A", "student_number": "0999468366", "last": "Balakrishnan", "first": "Krisanthan", "student_id": "balakr28", "email": "krish.balakrishnan@mail.utoronto.ca", "source": "N/A"}], "results": {"e1tester.LinearScaleFuncTest": {"failures": {}, "errors": {}, "passes": {"e1tester.LinearScaleFuncTest:testScale": "testing functionality of scale", "e1tester.LinearScaleFuncTest:testReflectionScale": "testing signature of scale", "e1tester.LinearScaleFuncTest:testReflectionClass": "testing class declaration"}}, "e1tester.LinearScalerTest": {"failures": {}, "errors": {}, "passes": {"e1tester.LinearScalerTest:testGetScaleFunc": "testing functionality of getScaleFunc", "e1tester.LinearScalerTest:testReflectionGetScaleFunc": "testing signature of getScaleFunc", "e1tester.LinearScalerTest:testReflectionClass": "testing class declaration"}}}, "assignment": "E1", "date": "2016-05-15T19:04:15"}, {"origin": "/home/anya/at/uam/submissions/bhanda32/e1", "students": [{"section": "N/A", "student_number": "0999872776", "last": "Bhandari", "first": "Parag", "student_id": "bhanda32", "email": "parag.bhandari@mail.utoronto.ca", "source": "N/A"}], "results": {"e1tester.LinearScaleFuncTest": {"failures": {}, "errors": {}, "passes": {"e1tester.LinearScaleFuncTest:testScale": "testing functionality of scale", "e1tester.LinearScaleFuncTest:testReflectionScale": "testing signature of scale", "e1tester.LinearScaleFuncTest:testReflectionClass": "testing class declaration"}}, "e1tester.LinearScalerTest": {"failures": {}, "errors": {}, "passes": {"e1tester.LinearScalerTest:testGetScaleFunc": "testing functionality of getScaleFunc", "e1tester.LinearScalerTest:testReflectionGetScaleFunc": "testing signature of getScaleFunc", "e1tester.LinearScalerTest:testReflectionClass": "testing class declaration"}}}, "assignment": "E1", "date": "2016-05-15T19:04:15"}, {"origin": "/home/anya/at/uam/submissions/biharisa/e1", "students": [{"section": "N/A", "student_number": "0999893496", "last": "Bihari", "first": "Sameerkhan", "student_id": "biharisa", "email": "sameerkhan.bihari@mail.utoronto.ca", "source": "N/A"}], "results": {"e1tester.LinearScaleFuncTest": {"failures": {}, "errors": {}, "passes": {"e1tester.LinearScaleFuncTest:testScale": "testing functionality of scale", "e1tester.LinearScaleFuncTest:testReflectionScale": "testing signature of scale", "e1tester.LinearScaleFuncTest:testReflectionClass": "testing class declaration"}}, "e1tester.LinearScalerTest": {"failures": {}, "errors": {}, "passes": {"e1tester.LinearScalerTest:testGetScaleFunc": "testing functionality of getScaleFunc", "e1tester.LinearScalerTest:testReflectionGetScaleFunc": "testing signature of getScaleFunc", "e1tester.LinearScalerTest:testReflectionClass": "testing class declaration"}}}, "assignment": "E1", "date": "2016-05-15T19:04:15"}, {"origin": "/home/anya/at/uam/submissions/bonachit/e1", "students": [{"section": "N/A", "student_number": "0999482563", "last": "Bonachita", "first": "Justus", "student_id": "bonachit", "email": "justus.bonachita@mail.utoronto.ca", "source": "N/A"}], "results": {"e1tester.LinearScaleFuncTest": {"failures": {"e1tester.LinearScaleFuncTest:testScale": {"description": "testing functionality of scale", "details": "java.lang.InstantiationError: scaler.LinearScaleFunc\n\tat e1tester.LinearScaleFuncTest.testScale(LinearScaleFuncTest.java:50)\n\tat sun.reflect.NativeMethodAccessorImpl.invoke0(Native Method)\n\tat sun.reflect.NativeMethodAccessorImpl.invoke(NativeMethodAccessorImpl.java:62)\n\tat sun.reflect.DelegatingMethodAccessorImpl.invoke(DelegatingMethodAccessorImpl.java:43)\n\tat java.lang.reflect.Method.invoke(Method.java:498)\n\tat org.junit.runners.model.FrameworkMethod$1.runReflectiveCall(FrameworkMethod.java:50)\n\tat org.junit.internal.runners.model.ReflectiveCallable.run(ReflectiveCallable.java:12)\n\tat org.junit.runners.model.FrameworkMethod.invokeExplosively(FrameworkMethod.java:47)\n\tat org.junit.internal.runners.statements.InvokeMethod.evaluate(InvokeMethod.java:17)\n\tat org.junit.internal.runners.statements.FailOnTimeout$CallableStatement.call(FailOnTimeout.java:298)\n\tat org.junit.internal.runners.statements.FailOnTimeout$CallableStatement.call(FailOnTimeout.java:292)\n\tat java.util.concurrent.FutureTask.run(FutureTask.java:266)\n\tat java.lang.Thread.run(Thread.java:745)\n", "message": "scaler.LinearScaleFunc"}, "e1tester.LinearScaleFuncTest:testReflectionClass": {"description": "testing class declaration", "details": "java.lang.AssertionError: LinearScaleFunc should not be an abstract class.\n\tat org.junit.Assert.fail(Assert.java:88)\n\tat org.junit.Assert.assertTrue(Assert.java:41)\n\tat org.junit.Assert.assertFalse(Assert.java:64)\n\tat e1tester.LinearScaleFuncTest.testReflectionClass(LinearScaleFuncTest.java:26)\n\tat sun.reflect.NativeMethodAccessorImpl.invoke0(Native Method)\n\tat sun.reflect.NativeMethodAccessorImpl.invoke(NativeMethodAccessorImpl.java:62)\n\tat sun.reflect.DelegatingMethodAccessorImpl.invoke(DelegatingMethodAccessorImpl.java:43)\n\tat java.lang.reflect.Method.invoke(Method.java:498)\n\tat org.junit.runners.model.FrameworkMethod$1.runReflectiveCall(FrameworkMethod.java:50)\n\tat org.junit.internal.runners.model.ReflectiveCallable.run(ReflectiveCallable.java:12)\n\tat org.junit.runners.model.FrameworkMethod.invokeExplosively(FrameworkMethod.java:47)\n\tat org.junit.internal.runners.statements.InvokeMethod.evaluate(InvokeMethod.java:17)\n\tat org.junit.internal.runners.statements.FailOnTimeout$CallableStatement.call(FailOnTimeout.java:298)\n\tat org.junit.internal.runners.statements.FailOnTimeout$CallableStatement.call(FailOnTimeout.java:292)\n\tat java.util.concurrent.FutureTask.run(FutureTask.java:266)\n\tat java.lang.Thread.run(Thread.java:745)\n", "message": "LinearScaleFunc should not be an abstract class."}}, "errors": {}, "passes": {"e1tester.LinearScaleFuncTest:testReflectionScale": "testing signature of scale"}}, "e1tester.LinearScalerTest": {"failures": {}, "errors": {}, "passes": {"e1tester.LinearScalerTest:testGetScaleFunc": "testing functionality of getScaleFunc", "e1tester.LinearScalerTest:testReflectionGetScaleFunc": "testing signature of getScaleFunc", "e1tester.LinearScalerTest:testReflectionClass": "testing class declaration"}}}, "assignment": "E1", "date": "2016-05-15T19:04:15"}, {"origin": "/home/anya/at/uam/submissions/bridge11/e1", "students": [{"section": "N/A", "student_number": "0999981328", "last": "Bridgemohansingh", "first": "Kyle", "student_id": "bridge11", "email": "kyle.bridgemohansingh@mail.utoronto.ca", "source": "N/A"}], "results": {"e1tester.LinearScaleFuncTest": {"failures": {}, "errors": {}, "passes": {"e1tester.LinearScaleFuncTest:testScale": "testing functionality of scale", "e1tester.LinearScaleFuncTest:testReflectionScale": "testing signature of scale", "e1tester.LinearScaleFuncTest:testReflectionClass": "testing class declaration"}}, "e1tester.LinearScalerTest": {"failures": {}, "errors": {}, "passes": {"e1tester.LinearScalerTest:testGetScaleFunc": "testing functionality of getScaleFunc", "e1tester.LinearScalerTest:testReflectionGetScaleFunc": "testing signature of getScaleFunc", "e1tester.LinearScalerTest:testReflectionClass": "testing class declaration"}}}, "assignment": "E1", "date": "2016-05-15T19:04:15"}, {"origin": "/home/anya/at/uam/submissions/bursupau/e1", "students": [{"section": "N/A", "student_number": "1000546493", "last": "Bursu", "first": "Paul", "student_id": "bursupau", "email": "paul.bursu@mail.utoronto.ca", "source": "N/A"}], "results": {"e1tester.LinearScaleFuncTest": {"failures": {}, "errors": {}, "passes": {"e1tester.LinearScaleFuncTest:testScale": "testing functionality of scale", "e1tester.LinearScaleFuncTest:testReflectionScale": "testing signature of scale", "e1tester.LinearScaleFuncTest:testReflectionClass": "testing class declaration"}}, "e1tester.LinearScalerTest": {"failures": {}, "errors": {}, "passes": {"e1tester.LinearScalerTest:testGetScaleFunc": "testing functionality of getScaleFunc", "e1tester.LinearScalerTest:testReflectionGetScaleFunc": "testing signature of getScaleFunc", "e1tester.LinearScalerTest:testReflectionClass": "testing class declaration"}}}, "assignment": "E1", "date": "2016-05-15T19:04:15"}, {"origin": "/home/anya/at/uam/submissions/caojack1/e1", "students": [{"section": "N/A", "student_number": "1000021889", "last": "Cao", "first": "Jacky", "student_id": "caojack1", "email": "jackie.cao@mail.utoronto.ca", "source": "N/A"}], "results": {"e1tester.LinearScaleFuncTest": {"failures": {}, "errors": {}, "passes": {"e1tester.LinearScaleFuncTest:testScale": "testing functionality of scale", "e1tester.LinearScaleFuncTest:testReflectionScale": "testing signature of scale", "e1tester.LinearScaleFuncTest:testReflectionClass": "testing class declaration"}}, "e1tester.LinearScalerTest": {"failures": {}, "errors": {}, "passes": {"e1tester.LinearScalerTest:testGetScaleFunc": "testing functionality of getScaleFunc", "e1tester.LinearScalerTest:testReflectionGetScaleFunc": "testing signature of getScaleFunc", "e1tester.LinearScalerTest:testReflectionClass": "testing class declaration"}}}, "assignment": "E1", "date": "2016-05-15T19:04:15"}, {"origin": "/home/anya/at/uam/submissions/chanbry3/e1", "students": [{"section": "N/A", "student_number": "1000727145", "last": "Chan", "first": "Bryan", "student_id": "chanbry3", "email": "bryanpy.chan@mail.utoronto.ca", "source": "N/A"}], "results": {"e1tester.LinearScaleFuncTest": {"failures": {}, "errors": {}, "passes": {"e1tester.LinearScaleFuncTest:testScale": "testing functionality of scale", "e1tester.LinearScaleFuncTest:testReflectionScale": "testing signature of scale", "e1tester.LinearScaleFuncTest:testReflectionClass": "testing class declaration"}}, "e1tester.LinearScalerTest": {"failures": {}, "errors": {}, "passes": {"e1tester.LinearScalerTest:testGetScaleFunc": "testing functionality of getScaleFunc", "e1tester.LinearScalerTest:testReflectionGetScaleFunc": "testing signature of getScaleFunc", "e1tester.LinearScalerTest:testReflectionClass": "testing class declaration"}}}, "assignment": "E1", "date": "2016-05-15T19:04:15"}, {"origin": "/home/anya/at/uam/submissions/chanca32/e1", "students": [{"section": "N/A", "student_number": "0999940364", "last": "Chan", "first": "Calvin", "student_id": "chanca32", "email": "calvinkt.chan@mail.utoronto.ca", "source": "N/A"}], "results": {"e1tester.LinearScaleFuncTest": {"failures": {"e1tester.LinearScaleFuncTest:testScale": {"description": "testing functionality of scale", "details": "java.lang.NoClassDefFoundError: scaler/LinearScaleFunc\n\tat e1tester.LinearScaleFuncTest.testScale(LinearScaleFuncTest.java:50)\n\tat sun.reflect.NativeMethodAccessorImpl.invoke0(Native Method)\n\tat sun.reflect.NativeMethodAccessorImpl.invoke(NativeMethodAccessorImpl.java:62)\n\tat sun.reflect.DelegatingMethodAccessorImpl.invoke(DelegatingMethodAccessorImpl.java:43)\n\tat java.lang.reflect.Method.invoke(Method.java:498)\n\tat org.junit.runners.model.FrameworkMethod$1.runReflectiveCall(FrameworkMethod.java:50)\n\tat org.junit.internal.runners.model.ReflectiveCallable.run(ReflectiveCallable.java:12)\n\tat org.junit.runners.model.FrameworkMethod.invokeExplosively(FrameworkMethod.java:47)\n\tat org.junit.internal.runners.statements.InvokeMethod.evaluate(InvokeMethod.java:17)\n\tat org.junit.internal.runners.statements.FailOnTimeout$CallableStatement.call(FailOnTimeout.java:298)\n\tat org.junit.internal.runners.statements.FailOnTimeout$CallableStatement.call(FailOnTimeout.java:292)\n\tat java.util.concurrent.FutureTask.run(FutureTask.java:266)\n\tat java.lang.Thread.run(Thread.java:745)\nCaused by: java.lang.ClassNotFoundException: scaler.LinearScaleFunc\n\tat java.net.URLClassLoader.findClass(URLClassLoader.java:381)\n\tat java.lang.ClassLoader.loadClass(ClassLoader.java:424)\n\tat sun.misc.Launcher$AppClassLoader.loadClass(Launcher.java:331)\n\tat java.lang.ClassLoader.loadClass(ClassLoader.java:357)\n\t... 13 more\n", "message": "Missing a required class: scaler/LinearScaleFunc"}, "e1tester.LinearScaleFuncTest:testReflectionScale": {"description": "testing signature of scale", "details": "java.lang.NoClassDefFoundError: scaler/LinearScaleFunc\n\tat e1tester.LinearScaleFuncTest.testReflectionScale(LinearScaleFuncTest.java:33)\n\tat sun.reflect.NativeMethodAccessorImpl.invoke0(Native Method)\n\tat sun.reflect.NativeMethodAccessorImpl.invoke(NativeMethodAccessorImpl.java:62)\n\tat sun.reflect.DelegatingMethodAccessorImpl.invoke(DelegatingMethodAccessorImpl.java:43)\n\tat java.lang.reflect.Method.invoke(Method.java:498)\n\tat org.junit.runners.model.FrameworkMethod$1.runReflectiveCall(FrameworkMethod.java:50)\n\tat org.junit.internal.runners.model.ReflectiveCallable.run(ReflectiveCallable.java:12)\n\tat org.junit.runners.model.FrameworkMethod.invokeExplosively(FrameworkMethod.java:47)\n\tat org.junit.internal.runners.statements.InvokeMethod.evaluate(InvokeMethod.java:17)\n\tat org.junit.internal.runners.statements.FailOnTimeout$CallableStatement.call(FailOnTimeout.java:298)\n\tat org.junit.internal.runners.statements.FailOnTimeout$CallableStatement.call(FailOnTimeout.java:292)\n\tat java.util.concurrent.FutureTask.run(FutureTask.java:266)\n\tat java.lang.Thread.run(Thread.java:745)\n", "message": "Missing a required class: scaler/LinearScaleFunc"}, "e1tester.LinearScaleFuncTest:testReflectionClass": {"description": "testing class declaration", "details": "java.lang.NoClassDefFoundError: scaler/LinearScaleFunc\n\tat e1tester.LinearScaleFuncTest.testReflectionClass(LinearScaleFuncTest.java:24)\n\tat sun.reflect.NativeMethodAccessorImpl.invoke0(Native Method)\n\tat sun.reflect.NativeMethodAccessorImpl.invoke(NativeMethodAccessorImpl.java:62)\n\tat sun.reflect.DelegatingMethodAccessorImpl.invoke(DelegatingMethodAccessorImpl.java:43)\n\tat java.lang.reflect.Method.invoke(Method.java:498)\n\tat org.junit.runners.model.FrameworkMethod$1.runReflectiveCall(FrameworkMethod.java:50)\n\tat org.junit.internal.runners.model.ReflectiveCallable.run(ReflectiveCallable.java:12)\n\tat org.junit.runners.model.FrameworkMethod.invokeExplosively(FrameworkMethod.java:47)\n\tat org.junit.internal.runners.statements.InvokeMethod.evaluate(InvokeMethod.java:17)\n\tat org.junit.internal.runners.statements.FailOnTimeout$CallableStatement.call(FailOnTimeout.java:298)\n\tat org.junit.internal.runners.statements.FailOnTimeout$CallableStatement.call(FailOnTimeout.java:292)\n\tat java.util.concurrent.FutureTask.run(FutureTask.java:266)\n\tat java.lang.Thread.run(Thread.java:745)\n", "message": "Missing a required class: scaler/LinearScaleFunc"}}, "errors": {}, "passes": {}}, "e1tester.LinearScalerTest": {"failures": {"e1tester.LinearScalerTest:testGetScaleFunc": {"description": "testing functionality of getScaleFunc", "details": "java.lang.NoClassDefFoundError: scaler/LinearScaler\n\tat e1tester.LinearScalerTest.testGetScaleFunc(LinearScalerTest.java:50)\n\tat sun.reflect.NativeMethodAccessorImpl.invoke0(Native Method)\n\tat sun.reflect.NativeMethodAccessorImpl.invoke(NativeMethodAccessorImpl.java:62)\n\tat sun.reflect.DelegatingMethodAccessorImpl.invoke(DelegatingMethodAccessorImpl.java:43)\n\tat java.lang.reflect.Method.invoke(Method.java:498)\n\tat org.junit.runners.model.FrameworkMethod$1.runReflectiveCall(FrameworkMethod.java:50)\n\tat org.junit.internal.runners.model.ReflectiveCallable.run(ReflectiveCallable.java:12)\n\tat org.junit.runners.model.FrameworkMethod.invokeExplosively(FrameworkMethod.java:47)\n\tat org.junit.internal.runners.statements.InvokeMethod.evaluate(InvokeMethod.java:17)\n\tat org.junit.internal.runners.statements.FailOnTimeout$CallableStatement.call(FailOnTimeout.java:298)\n\tat org.junit.internal.runners.statements.FailOnTimeout$CallableStatement.call(FailOnTimeout.java:292)\n\tat java.util.concurrent.FutureTask.run(FutureTask.java:266)\n\tat java.lang.Thread.run(Thread.java:745)\n", "message": "Missing a required class: scaler/LinearScaler"}, "e1tester.LinearScalerTest:testReflectionGetScaleFunc": {"description": "testing signature of getScaleFunc", "details": "java.lang.NoClassDefFoundError: scaler/LinearScaler\n\tat e1tester.LinearScalerTest.testReflectionGetScaleFunc(LinearScalerTest.java:31)\n\tat sun.reflect.NativeMethodAccessorImpl.invoke0(Native Method)\n\tat sun.reflect.NativeMethodAccessorImpl.invoke(NativeMethodAccessorImpl.java:62)\n\tat sun.reflect.DelegatingMethodAccessorImpl.invoke(DelegatingMethodAccessorImpl.java:43)\n\tat java.lang.reflect.Method.invoke(Method.java:498)\n\tat org.junit.runners.model.FrameworkMethod$1.runReflectiveCall(FrameworkMethod.java:50)\n\tat org.junit.internal.runners.model.ReflectiveCallable.run(ReflectiveCallable.java:12)\n\tat org.junit.runners.model.FrameworkMethod.invokeExplosively(FrameworkMethod.java:47)\n\tat org.junit.internal.runners.statements.InvokeMethod.evaluate(InvokeMethod.java:17)\n\tat org.junit.internal.runners.statements.FailOnTimeout$CallableStatement.call(FailOnTimeout.java:298)\n\tat org.junit.internal.runners.statements.FailOnTimeout$CallableStatement.call(FailOnTimeout.java:292)\n\tat java.util.concurrent.FutureTask.run(FutureTask.java:266)\n\tat java.lang.Thread.run(Thread.java:745)\nCaused by: java.lang.ClassNotFoundException: scaler.LinearScaler\n\tat java.net.URLClassLoader.findClass(URLClassLoader.java:381)\n\tat java.lang.ClassLoader.loadClass(ClassLoader.java:424)\n\tat sun.misc.Launcher$AppClassLoader.loadClass(Launcher.java:331)\n\tat java.lang.ClassLoader.loadClass(ClassLoader.java:357)\n\t... 13 more\n", "message": "Missing a required class: scaler/LinearScaler"}, "e1tester.LinearScalerTest:testReflectionClass": {"description": "testing class declaration", "details": "java.lang.NoClassDefFoundError: scaler/LinearScaler\n\tat e1tester.LinearScalerTest.testReflectionClass(LinearScalerTest.java:22)\n\tat sun.reflect.NativeMethodAccessorImpl.invoke0(Native Method)\n\tat sun.reflect.NativeMethodAccessorImpl.invoke(NativeMethodAccessorImpl.java:62)\n\tat sun.reflect.DelegatingMethodAccessorImpl.invoke(DelegatingMethodAccessorImpl.java:43)\n\tat java.lang.reflect.Method.invoke(Method.java:498)\n\tat org.junit.runners.model.FrameworkMethod$1.runReflectiveCall(FrameworkMethod.java:50)\n\tat org.junit.internal.runners.model.ReflectiveCallable.run(ReflectiveCallable.java:12)\n\tat org.junit.runners.model.FrameworkMethod.invokeExplosively(FrameworkMethod.java:47)\n\tat org.junit.internal.runners.statements.InvokeMethod.evaluate(InvokeMethod.java:17)\n\tat org.junit.internal.runners.statements.FailOnTimeout$CallableStatement.call(FailOnTimeout.java:298)\n\tat org.junit.internal.runners.statements.FailOnTimeout$CallableStatement.call(FailOnTimeout.java:292)\n\tat java.util.concurrent.FutureTask.run(FutureTask.java:266)\n\tat java.lang.Thread.run(Thread.java:745)\n", "message": "Missing a required class: scaler/LinearScaler"}}, "errors": {}, "passes": {}}}, "assignment": "E1", "date": "2016-05-15T19:04:15"}, {"origin": "/home/anya/at/uam/submissions/chanka50/e1", "students": [{"section": "N/A", "student_number": "1000509595", "last": "Chan", "first": "Ka", "student_id": "chanka50", "email": "kachon.chan@mail.utoronto.ca", "source": "N/A"}], "results": {"e1tester.LinearScaleFuncTest": {"failures": {}, "errors": {}, "passes": {"e1tester.LinearScaleFuncTest:testScale": "testing functionality of scale", "e1tester.LinearScaleFuncTest:testReflectionScale": "testing signature of scale", "e1tester.LinearScaleFuncTest:testReflectionClass": "testing class declaration"}}, "e1tester.LinearScalerTest": {"failures": {}, "errors": {}, "passes": {"e1tester.LinearScalerTest:testGetScaleFunc": "testing functionality of getScaleFunc", "e1tester.LinearScalerTest:testReflectionGetScaleFunc": "testing signature of getScaleFunc", "e1tester.LinearScalerTest:testReflectionClass": "testing class declaration"}}}, "assignment": "E1", "date": "2016-05-15T19:04:15"}, {"origin": "/home/anya/at/uam/submissions/chanry10/e1", "students": [{"section": "N/A", "student_number": "1000482612", "last": "Chan", "first": "Ryan", "student_id": "chanry10", "email": "rh.chan@mail.utoronto.ca", "source": "N/A"}], "results": {"e1tester.LinearScaleFuncTest": {"failures": {"e1tester.LinearScaleFuncTest:testScale": {"description": "testing functionality of scale", "details": "java.lang.AssertionError: scale returns an incorrect value. expected:<4.8> but was:<0.0>\n\tat org.junit.Assert.fail(Assert.java:88)\n\tat org.junit.Assert.failNotEquals(Assert.java:834)\n\tat org.junit.Assert.assertEquals(Assert.java:553)\n\tat e1tester.LinearScaleFuncTest.testScale(LinearScaleFuncTest.java:51)\n\tat sun.reflect.NativeMethodAccessorImpl.invoke0(Native Method)\n\tat sun.reflect.NativeMethodAccessorImpl.invoke(NativeMethodAccessorImpl.java:62)\n\tat sun.reflect.DelegatingMethodAccessorImpl.invoke(DelegatingMethodAccessorImpl.java:43)\n\tat java.lang.reflect.Method.invoke(Method.java:498)\n\tat org.junit.runners.model.FrameworkMethod$1.runReflectiveCall(FrameworkMethod.java:50)\n\tat org.junit.internal.runners.model.ReflectiveCallable.run(ReflectiveCallable.java:12)\n\tat org.junit.runners.model.FrameworkMethod.invokeExplosively(FrameworkMethod.java:47)\n\tat org.junit.internal.runners.statements.InvokeMethod.evaluate(InvokeMethod.java:17)\n\tat org.junit.internal.runners.statements.FailOnTimeout$CallableStatement.call(FailOnTimeout.java:298)\n\tat org.junit.internal.runners.statements.FailOnTimeout$CallableStatement.call(FailOnTimeout.java:292)\n\tat java.util.concurrent.FutureTask.run(FutureTask.java:266)\n\tat java.lang.Thread.run(Thread.java:745)\n", "message": "scale returns an incorrect value. expected:<4.8> but was:<0.0>"}}, "errors": {}, "passes": {"e1tester.LinearScaleFuncTest:testReflectionScale": "testing signature of scale", "e1tester.LinearScaleFuncTest:testReflectionClass": "testing class declaration"}}, "e1tester.LinearScalerTest": {"failures": {"e1tester.LinearScalerTest:testGetScaleFunc": {"description": "testing functionality of getScaleFunc", "details": "java.lang.IncompatibleClassChangeError: Expecting non-static method scaler.LinearScaler.getScaleFunc(II)Lscaler/LinearScaleFunc;\n\tat e1tester.LinearScalerTest.testGetScaleFunc(LinearScalerTest.java:51)\n\tat sun.reflect.NativeMethodAccessorImpl.invoke0(Native Method)\n\tat sun.reflect.NativeMethodAccessorImpl.invoke(NativeMethodAccessorImpl.java:62)\n\tat sun.reflect.DelegatingMethodAccessorImpl.invoke(DelegatingMethodAccessorImpl.java:43)\n\tat java.lang.reflect.Method.invoke(Method.java:498)\n\tat org.junit.runners.model.FrameworkMethod$1.runReflectiveCall(FrameworkMethod.java:50)\n\tat org.junit.internal.runners.model.ReflectiveCallable.run(ReflectiveCallable.java:12)\n\tat org.junit.runners.model.FrameworkMethod.invokeExplosively(FrameworkMethod.java:47)\n\tat org.junit.internal.runners.statements.InvokeMethod.evaluate(InvokeMethod.java:17)\n\tat org.junit.internal.runners.statements.FailOnTimeout$CallableStatement.call(FailOnTimeout.java:298)\n\tat org.junit.internal.runners.statements.FailOnTimeout$CallableStatement.call(FailOnTimeout.java:292)\n\tat java.util.concurrent.FutureTask.run(FutureTask.java:266)\n\tat java.lang.Thread.run(Thread.java:745)\n", "message": "Expecting non-static method scaler.LinearScaler.getScaleFunc(II)Lscaler/LinearScaleFunc;"}}, "errors": {}, "passes": {"e1tester.LinearScalerTest:testReflectionGetScaleFunc": "testing signature of getScaleFunc", "e1tester.LinearScalerTest:testReflectionClass": "testing class declaration"}}}, "assignment": "E1", "date": "2016-05-15T19:04:15"}, {"origin": "/home/anya/at/uam/submissions/chenhuih/e1", "students": [{"section": "N/A", "student_number": "1000966939", "last": "Chen", "first": "Huihua", "student_id": "chenhuih", "email": "frankie.chen@mail.utoronto.ca", "source": "N/A"}], "results": {"e1tester.LinearScaleFuncTest": {"failures": {}, "errors": {}, "passes": {"e1tester.LinearScaleFuncTest:testScale": "testing functionality of scale", "e1tester.LinearScaleFuncTest:testReflectionScale": "testing signature of scale", "e1tester.LinearScaleFuncTest:testReflectionClass": "testing class declaration"}}, "e1tester.LinearScalerTest": {"failures": {}, "errors": {}, "passes": {"e1tester.LinearScalerTest:testGetScaleFunc": "testing functionality of getScaleFunc", "e1tester.LinearScalerTest:testReflectionGetScaleFunc": "testing signature of getScaleFunc", "e1tester.LinearScalerTest:testReflectionClass": "testing class declaration"}}}, "assignment": "E1", "date": "2016-05-15T19:04:15"}, {"origin": "/home/anya/at/uam/submissions/chenyuj5/e1", "students": [{"section": "N/A", "student_number": "1000657381", "last": "Chen", "first": "Yujian", "student_id": "chenyuj5", "email": "yujian.chen@mail.utoronto.ca", "source": "N/A"}], "results": {"e1tester.LinearScaleFuncTest": {"failures": {}, "errors": {}, "passes": {"e1tester.LinearScaleFuncTest:testScale": "testing functionality of scale", "e1tester.LinearScaleFuncTest:testReflectionScale": "testing signature of scale", "e1tester.LinearScaleFuncTest:testReflectionClass": "testing class declaration"}}, "e1tester.LinearScalerTest": {"failures": {}, "errors": {}, "passes": {"e1tester.LinearScalerTest:testGetScaleFunc": "testing functionality of getScaleFunc", "e1tester.LinearScalerTest:testReflectionGetScaleFunc": "testing signature of getScaleFunc", "e1tester.LinearScalerTest:testReflectionClass": "testing class declaration"}}}, "assignment": "E1", "date": "2016-05-15T19:04:15"}, {"origin": "/home/anya/at/uam/submissions/choellio/e1", "students": [{"section": "N/A", "student_number": "0999173898", "last": "Cho", "first": "Elliot", "student_id": "choellio", "email": "elliot.cho@mail.utoronto.ca", "source": "N/A"}], "results": {"e1tester.LinearScaleFuncTest": {"failures": {"e1tester.LinearScaleFuncTest:testScale": {"description": "testing functionality of scale", "details": "java.lang.NoClassDefFoundError: scaler/LinearScaleFunc\n\tat e1tester.LinearScaleFuncTest.testScale(LinearScaleFuncTest.java:50)\n\tat sun.reflect.NativeMethodAccessorImpl.invoke0(Native Method)\n\tat sun.reflect.NativeMethodAccessorImpl.invoke(NativeMethodAccessorImpl.java:62)\n\tat sun.reflect.DelegatingMethodAccessorImpl.invoke(DelegatingMethodAccessorImpl.java:43)\n\tat java.lang.reflect.Method.invoke(Method.java:498)\n\tat org.junit.runners.model.FrameworkMethod$1.runReflectiveCall(FrameworkMethod.java:50)\n\tat org.junit.internal.runners.model.ReflectiveCallable.run(ReflectiveCallable.java:12)\n\tat org.junit.runners.model.FrameworkMethod.invokeExplosively(FrameworkMethod.java:47)\n\tat org.junit.internal.runners.statements.InvokeMethod.evaluate(InvokeMethod.java:17)\n\tat org.junit.internal.runners.statements.FailOnTimeout$CallableStatement.call(FailOnTimeout.java:298)\n\tat org.junit.internal.runners.statements.FailOnTimeout$CallableStatement.call(FailOnTimeout.java:292)\n\tat java.util.concurrent.FutureTask.run(FutureTask.java:266)\n\tat java.lang.Thread.run(Thread.java:745)\nCaused by: java.lang.ClassNotFoundException: scaler.LinearScaleFunc\n\tat java.net.URLClassLoader.findClass(URLClassLoader.java:381)\n\tat java.lang.ClassLoader.loadClass(ClassLoader.java:424)\n\tat sun.misc.Launcher$AppClassLoader.loadClass(Launcher.java:331)\n\tat java.lang.ClassLoader.loadClass(ClassLoader.java:357)\n\t... 13 more\n", "message": "Missing a required class: scaler/LinearScaleFunc"}, "e1tester.LinearScaleFuncTest:testReflectionScale": {"description": "testing signature of scale", "details": "java.lang.NoClassDefFoundError: scaler/LinearScaleFunc\n\tat e1tester.LinearScaleFuncTest.testReflectionScale(LinearScaleFuncTest.java:33)\n\tat sun.reflect.NativeMethodAccessorImpl.invoke0(Native Method)\n\tat sun.reflect.NativeMethodAccessorImpl.invoke(NativeMethodAccessorImpl.java:62)\n\tat sun.reflect.DelegatingMethodAccessorImpl.invoke(DelegatingMethodAccessorImpl.java:43)\n\tat java.lang.reflect.Method.invoke(Method.java:498)\n\tat org.junit.runners.model.FrameworkMethod$1.runReflectiveCall(FrameworkMethod.java:50)\n\tat org.junit.internal.runners.model.ReflectiveCallable.run(ReflectiveCallable.java:12)\n\tat org.junit.runners.model.FrameworkMethod.invokeExplosively(FrameworkMethod.java:47)\n\tat org.junit.internal.runners.statements.InvokeMethod.evaluate(InvokeMethod.java:17)\n\tat org.junit.internal.runners.statements.FailOnTimeout$CallableStatement.call(FailOnTimeout.java:298)\n\tat org.junit.internal.runners.statements.FailOnTimeout$CallableStatement.call(FailOnTimeout.java:292)\n\tat java.util.concurrent.FutureTask.run(FutureTask.java:266)\n\tat java.lang.Thread.run(Thread.java:745)\n", "message": "Missing a required class: scaler/LinearScaleFunc"}, "e1tester.LinearScaleFuncTest:testReflectionClass": {"description": "testing class declaration", "details": "java.lang.NoClassDefFoundError: scaler/LinearScaleFunc\n\tat e1tester.LinearScaleFuncTest.testReflectionClass(LinearScaleFuncTest.java:24)\n\tat sun.reflect.NativeMethodAccessorImpl.invoke0(Native Method)\n\tat sun.reflect.NativeMethodAccessorImpl.invoke(NativeMethodAccessorImpl.java:62)\n\tat sun.reflect.DelegatingMethodAccessorImpl.invoke(DelegatingMethodAccessorImpl.java:43)\n\tat java.lang.reflect.Method.invoke(Method.java:498)\n\tat org.junit.runners.model.FrameworkMethod$1.runReflectiveCall(FrameworkMethod.java:50)\n\tat org.junit.internal.runners.model.ReflectiveCallable.run(ReflectiveCallable.java:12)\n\tat org.junit.runners.model.FrameworkMethod.invokeExplosively(FrameworkMethod.java:47)\n\tat org.junit.internal.runners.statements.InvokeMethod.evaluate(InvokeMethod.java:17)\n\tat org.junit.internal.runners.statements.FailOnTimeout$CallableStatement.call(FailOnTimeout.java:298)\n\tat org.junit.internal.runners.statements.FailOnTimeout$CallableStatement.call(FailOnTimeout.java:292)\n\tat java.util.concurrent.FutureTask.run(FutureTask.java:266)\n\tat java.lang.Thread.run(Thread.java:745)\n", "message": "Missing a required class: scaler/LinearScaleFunc"}}, "errors": {}, "passes": {}}, "e1tester.LinearScalerTest": {"failures": {"e1tester.LinearScalerTest:testGetScaleFunc": {"description": "testing functionality of getScaleFunc", "details": "java.lang.NoClassDefFoundError: scaler/LinearScaler\n\tat e1tester.LinearScalerTest.testGetScaleFunc(LinearScalerTest.java:50)\n\tat sun.reflect.NativeMethodAccessorImpl.invoke0(Native Method)\n\tat sun.reflect.NativeMethodAccessorImpl.invoke(NativeMethodAccessorImpl.java:62)\n\tat sun.reflect.DelegatingMethodAccessorImpl.invoke(DelegatingMethodAccessorImpl.java:43)\n\tat java.lang.reflect.Method.invoke(Method.java:498)\n\tat org.junit.runners.model.FrameworkMethod$1.runReflectiveCall(FrameworkMethod.java:50)\n\tat org.junit.internal.runners.model.ReflectiveCallable.run(ReflectiveCallable.java:12)\n\tat org.junit.runners.model.FrameworkMethod.invokeExplosively(FrameworkMethod.java:47)\n\tat org.junit.internal.runners.statements.InvokeMethod.evaluate(InvokeMethod.java:17)\n\tat org.junit.internal.runners.statements.FailOnTimeout$CallableStatement.call(FailOnTimeout.java:298)\n\tat org.junit.internal.runners.statements.FailOnTimeout$CallableStatement.call(FailOnTimeout.java:292)\n\tat java.util.concurrent.FutureTask.run(FutureTask.java:266)\n\tat java.lang.Thread.run(Thread.java:745)\n", "message": "Missing a required class: scaler/LinearScaler"}, "e1tester.LinearScalerTest:testReflectionGetScaleFunc": {"description": "testing signature of getScaleFunc", "details": "java.lang.NoClassDefFoundError: scaler/LinearScaler\n\tat e1tester.LinearScalerTest.testReflectionGetScaleFunc(LinearScalerTest.java:31)\n\tat sun.reflect.NativeMethodAccessorImpl.invoke0(Native Method)\n\tat sun.reflect.NativeMethodAccessorImpl.invoke(NativeMethodAccessorImpl.java:62)\n\tat sun.reflect.DelegatingMethodAccessorImpl.invoke(DelegatingMethodAccessorImpl.java:43)\n\tat java.lang.reflect.Method.invoke(Method.java:498)\n\tat org.junit.runners.model.FrameworkMethod$1.runReflectiveCall(FrameworkMethod.java:50)\n\tat org.junit.internal.runners.model.ReflectiveCallable.run(ReflectiveCallable.java:12)\n\tat org.junit.runners.model.FrameworkMethod.invokeExplosively(FrameworkMethod.java:47)\n\tat org.junit.internal.runners.statements.InvokeMethod.evaluate(InvokeMethod.java:17)\n\tat org.junit.internal.runners.statements.FailOnTimeout$CallableStatement.call(FailOnTimeout.java:298)\n\tat org.junit.internal.runners.statements.FailOnTimeout$CallableStatement.call(FailOnTimeout.java:292)\n\tat java.util.concurrent.FutureTask.run(FutureTask.java:266)\n\tat java.lang.Thread.run(Thread.java:745)\nCaused by: java.lang.ClassNotFoundException: scaler.LinearScaler\n\tat java.net.URLClassLoader.findClass(URLClassLoader.java:381)\n\tat java.lang.ClassLoader.loadClass(ClassLoader.java:424)\n\tat sun.misc.Launcher$AppClassLoader.loadClass(Launcher.java:331)\n\tat java.lang.ClassLoader.loadClass(ClassLoader.java:357)\n\t... 13 more\n", "message": "Missing a required class: scaler/LinearScaler"}, "e1tester.LinearScalerTest:testReflectionClass": {"description": "testing class declaration", "details": "java.lang.NoClassDefFoundError: scaler/LinearScaler\n\tat e1tester.LinearScalerTest.testReflectionClass(LinearScalerTest.java:22)\n\tat sun.reflect.NativeMethodAccessorImpl.invoke0(Native Method)\n\tat sun.reflect.NativeMethodAccessorImpl.invoke(NativeMethodAccessorImpl.java:62)\n\tat sun.reflect.DelegatingMethodAccessorImpl.invoke(DelegatingMethodAccessorImpl.java:43)\n\tat java.lang.reflect.Method.invoke(Method.java:498)\n\tat org.junit.runners.model.FrameworkMethod$1.runReflectiveCall(FrameworkMethod.java:50)\n\tat org.junit.internal.runners.model.ReflectiveCallable.run(ReflectiveCallable.java:12)\n\tat org.junit.runners.model.FrameworkMethod.invokeExplosively(FrameworkMethod.java:47)\n\tat org.junit.internal.runners.statements.InvokeMethod.evaluate(InvokeMethod.java:17)\n\tat org.junit.internal.runners.statements.FailOnTimeout$CallableStatement.call(FailOnTimeout.java:298)\n\tat org.junit.internal.runners.statements.FailOnTimeout$CallableStatement.call(FailOnTimeout.java:292)\n\tat java.util.concurrent.FutureTask.run(FutureTask.java:266)\n\tat java.lang.Thread.run(Thread.java:745)\n", "message": "Missing a required class: scaler/LinearScaler"}}, "errors": {}, "passes": {}}}, "assignment": "E1", "date": "2016-05-15T19:04:15"}, {"origin": "/home/anya/at/uam/submissions/chowder5/e1", "students": [{"section": "N/A", "student_number": "0999941504", "last": "Chow", "first": "Derek", "student_id": "chowder5", "email": "derek.chow@mail.utoronto.ca", "source": "N/A"}], "results": {"e1tester.LinearScaleFuncTest": {"failures": {}, "errors": {}, "passes": {"e1tester.LinearScaleFuncTest:testScale": "testing functionality of scale", "e1tester.LinearScaleFuncTest:testReflectionScale": "testing signature of scale", "e1tester.LinearScaleFuncTest:testReflectionClass": "testing class declaration"}}, "e1tester.LinearScalerTest": {"failures": {}, "errors": {}, "passes": {"e1tester.LinearScalerTest:testGetScaleFunc": "testing functionality of getScaleFunc", "e1tester.LinearScalerTest:testReflectionGetScaleFunc": "testing signature of getScaleFunc", "e1tester.LinearScalerTest:testReflectionClass": "testing class declaration"}}}, "assignment": "E1", "date": "2016-05-15T19:04:15"}, {"origin": "/home/anya/at/uam/submissions/chowelio/e1", "students": [{"section": "N/A", "student_number": "0998287036", "last": "Chow", "first": "Eliot", "student_id": "chowelio", "email": "eliot.chow@mail.utoronto.ca", "source": "N/A"}], "results": {"e1tester.LinearScaleFuncTest": {"failures": {}, "errors": {}, "passes": {"e1tester.LinearScaleFuncTest:testScale": "testing functionality of scale", "e1tester.LinearScaleFuncTest:testReflectionScale": "testing signature of scale", "e1tester.LinearScaleFuncTest:testReflectionClass": "testing class declaration"}}, "e1tester.LinearScalerTest": {"failures": {}, "errors": {}, "passes": {"e1tester.LinearScalerTest:testGetScaleFunc": "testing functionality of getScaleFunc", "e1tester.LinearScalerTest:testReflectionGetScaleFunc": "testing signature of getScaleFunc", "e1tester.LinearScalerTest:testReflectionClass": "testing class declaration"}}}, "assignment": "E1", "date": "2016-05-15T19:04:15"}, {"origin": "/home/anya/at/uam/submissions/chuchenj/e1", "students": [{"section": "N/A", "student_number": "1000522801", "last": "Chu", "first": "Ray", "student_id": "chuchenj", "email": "ray.chu@mail.utoronto.ca", "source": "N/A"}], "results": {"e1tester.LinearScaleFuncTest": {"failures": {}, "errors": {}, "passes": {"e1tester.LinearScaleFuncTest:testScale": "testing functionality of scale", "e1tester.LinearScaleFuncTest:testReflectionScale": "testing signature of scale", "e1tester.LinearScaleFuncTest:testReflectionClass": "testing class declaration"}}, "e1tester.LinearScalerTest": {"failures": {"e1tester.LinearScalerTest:testGetScaleFunc": {"description": "testing functionality of getScaleFunc", "details": "java.lang.NoSuchMethodError: scaler.LinearScaler.getScaleFunc(II)Lscaler/LinearScaleFunc;\n\tat e1tester.LinearScalerTest.testGetScaleFunc(LinearScalerTest.java:51)\n\tat sun.reflect.NativeMethodAccessorImpl.invoke0(Native Method)\n\tat sun.reflect.NativeMethodAccessorImpl.invoke(NativeMethodAccessorImpl.java:62)\n\tat sun.reflect.DelegatingMethodAccessorImpl.invoke(DelegatingMethodAccessorImpl.java:43)\n\tat java.lang.reflect.Method.invoke(Method.java:498)\n\tat org.junit.runners.model.FrameworkMethod$1.runReflectiveCall(FrameworkMethod.java:50)\n\tat org.junit.internal.runners.model.ReflectiveCallable.run(ReflectiveCallable.java:12)\n\tat org.junit.runners.model.FrameworkMethod.invokeExplosively(FrameworkMethod.java:47)\n\tat org.junit.internal.runners.statements.InvokeMethod.evaluate(InvokeMethod.java:17)\n\tat org.junit.internal.runners.statements.FailOnTimeout$CallableStatement.call(FailOnTimeout.java:298)\n\tat org.junit.internal.runners.statements.FailOnTimeout$CallableStatement.call(FailOnTimeout.java:292)\n\tat java.util.concurrent.FutureTask.run(FutureTask.java:266)\n\tat java.lang.Thread.run(Thread.java:745)\n", "message": "scaler.LinearScaler.getScaleFunc(II)Lscaler/LinearScaleFunc;"}, "e1tester.LinearScalerTest:testReflectionGetScaleFunc": {"description": "testing signature of getScaleFunc", "details": "java.lang.AssertionError: LinearScaler must implement getScaleFunc(int, int).\n\tat org.junit.Assert.fail(Assert.java:88)\n\tat e1tester.LinearScalerTest.testReflectionGetScaleFunc(LinearScalerTest.java:41)\n\tat sun.reflect.NativeMethodAccessorImpl.invoke0(Native Method)\n\tat sun.reflect.NativeMethodAccessorImpl.invoke(NativeMethodAccessorImpl.java:62)\n\tat sun.reflect.DelegatingMethodAccessorImpl.invoke(DelegatingMethodAccessorImpl.java:43)\n\tat java.lang.reflect.Method.invoke(Method.java:498)\n\tat org.junit.runners.model.FrameworkMethod$1.runReflectiveCall(FrameworkMethod.java:50)\n\tat org.junit.internal.runners.model.ReflectiveCallable.run(ReflectiveCallable.java:12)\n\tat org.junit.runners.model.FrameworkMethod.invokeExplosively(FrameworkMethod.java:47)\n\tat org.junit.internal.runners.statements.InvokeMethod.evaluate(InvokeMethod.java:17)\n\tat org.junit.internal.runners.statements.FailOnTimeout$CallableStatement.call(FailOnTimeout.java:298)\n\tat org.junit.internal.runners.statements.FailOnTimeout$CallableStatement.call(FailOnTimeout.java:292)\n\tat java.util.concurrent.FutureTask.run(FutureTask.java:266)\n\tat java.lang.Thread.run(Thread.java:745)\n", "message": "LinearScaler must implement getScaleFunc(int, int)."}}, "errors": {}, "passes": {"e1tester.LinearScalerTest:testReflectionClass": "testing class declaration"}}}, "assignment": "E1", "date": "2016-05-15T19:04:15"}, {"date": "2016-05-15T19:04:15", "students": [{"section": "N/A", "student_number": "1000829375", "last": "Chu", "first": "Kenneth", "student_id": "chukenn3", "email": "kennethyiufai.chu@mail.utoronto.ca", "source": "N/A"}], "results": {"e1tester.LinearScaleFuncTest": {"failures": {}, "errors": {}, "passes": {"e1tester.LinearScaleFuncTest:testScale": "testing functionality of scale", "e1tester.LinearScaleFuncTest:testReflectionScale": "testing signature of scale", "e1tester.LinearScaleFuncTest:testReflectionClass": "testing class declaration"}}, "e1tester.LinearScalerTest": {"failures": {}, "errors": {}, "passes": {"e1tester.LinearScalerTest:testGetScaleFunc": "testing functionality of getScaleFunc", "e1tester.LinearScalerTest:testReflectionGetScaleFunc": "testing signature of getScaleFunc", "e1tester.LinearScalerTest:testReflectionClass": "testing class declaration"}}}, "assignment": "E1", "origin": "/home/anya/at/uam/submissions/chukenn3/e1"}, {"origin": "/home/anya/at/uam/submissions/chunarma/e1", "students": [{"section": "N/A", "student_number": "1000603563", "last": "Chun", "first": "Armand", "student_id": "chunarma", "email": "armand.chun@mail.utoronto.ca", "source": "N/A"}], "results": {"e1tester.LinearScaleFuncTest": {"failures": {}, "errors": {}, "passes": {"e1tester.LinearScaleFuncTest:testScale": "testing functionality of scale", "e1tester.LinearScaleFuncTest:testReflectionScale": "testing signature of scale", "e1tester.LinearScaleFuncTest:testReflectionClass": "testing class declaration"}}, "e1tester.LinearScalerTest": {"failures": {}, "errors": {}, "passes": {"e1tester.LinearScalerTest:testGetScaleFunc": "testing functionality of getScaleFunc", "e1tester.LinearScalerTest:testReflectionGetScaleFunc": "testing signature of getScaleFunc", "e1tester.LinearScalerTest:testReflectionClass": "testing class declaration"}}}, "assignment": "E1", "date": "2016-05-15T19:04:15"}, {"origin": "/home/anya/at/uam/submissions/cooperb7/e1", "students": [{"section": "N/A", "student_number": "1000486431", "last": "Cooper", "first": "Benjamin", "student_id": "cooperb7", "email": "ben.cooper@mail.utoronto.ca", "source": "N/A"}], "results": {"e1tester.LinearScaleFuncTest": {"failures": {"e1tester.LinearScaleFuncTest:testScale": {"description": "testing functionality of scale", "details": "java.lang.NoClassDefFoundError: scaler/LinearScaleFunc (wrong name: scalar/LinearScaleFunc)\n\tat java.lang.ClassLoader.defineClass1(Native Method)\n\tat java.lang.ClassLoader.defineClass(ClassLoader.java:760)\n\tat java.security.SecureClassLoader.defineClass(SecureClassLoader.java:142)\n\tat java.net.URLClassLoader.defineClass(URLClassLoader.java:467)\n\tat java.net.URLClassLoader.access$100(URLClassLoader.java:73)\n\tat java.net.URLClassLoader$1.run(URLClassLoader.java:368)\n\tat java.net.URLClassLoader$1.run(URLClassLoader.java:362)\n\tat java.security.AccessController.doPrivileged(Native Method)\n\tat java.net.URLClassLoader.findClass(URLClassLoader.java:361)\n\tat java.lang.ClassLoader.loadClass(ClassLoader.java:424)\n\tat sun.misc.Launcher$AppClassLoader.loadClass(Launcher.java:331)\n\tat java.lang.ClassLoader.loadClass(ClassLoader.java:357)\n\tat e1tester.LinearScaleFuncTest.testScale(LinearScaleFuncTest.java:50)\n\tat sun.reflect.NativeMethodAccessorImpl.invoke0(Native Method)\n\tat sun.reflect.NativeMethodAccessorImpl.invoke(NativeMethodAccessorImpl.java:62)\n\tat sun.reflect.DelegatingMethodAccessorImpl.invoke(DelegatingMethodAccessorImpl.java:43)\n\tat java.lang.reflect.Method.invoke(Method.java:498)\n\tat org.junit.runners.model.FrameworkMethod$1.runReflectiveCall(FrameworkMethod.java:50)\n\tat org.junit.internal.runners.model.ReflectiveCallable.run(ReflectiveCallable.java:12)\n\tat org.junit.runners.model.FrameworkMethod.invokeExplosively(FrameworkMethod.java:47)\n\tat org.junit.internal.runners.statements.InvokeMethod.evaluate(InvokeMethod.java:17)\n\tat org.junit.internal.runners.statements.FailOnTimeout$CallableStatement.call(FailOnTimeout.java:298)\n\tat org.junit.internal.runners.statements.FailOnTimeout$CallableStatement.call(FailOnTimeout.java:292)\n\tat java.util.concurrent.FutureTask.run(FutureTask.java:266)\n\tat java.lang.Thread.run(Thread.java:745)\n", "message": "Missing a required class: scaler/LinearScaleFunc (wrong name: scalar/LinearScaleFunc)"}, "e1tester.LinearScaleFuncTest:testReflectionScale": {"description": "testing signature of scale", "details": "java.lang.NoClassDefFoundError: scaler/LinearScaleFunc\n\tat e1tester.LinearScaleFuncTest.testReflectionScale(LinearScaleFuncTest.java:33)\n\tat sun.reflect.NativeMethodAccessorImpl.invoke0(Native Method)\n\tat sun.reflect.NativeMethodAccessorImpl.invoke(NativeMethodAccessorImpl.java:62)\n\tat sun.reflect.DelegatingMethodAccessorImpl.invoke(DelegatingMethodAccessorImpl.java:43)\n\tat java.lang.reflect.Method.invoke(Method.java:498)\n\tat org.junit.runners.model.FrameworkMethod$1.runReflectiveCall(FrameworkMethod.java:50)\n\tat org.junit.internal.runners.model.ReflectiveCallable.run(ReflectiveCallable.java:12)\n\tat org.junit.runners.model.FrameworkMethod.invokeExplosively(FrameworkMethod.java:47)\n\tat org.junit.internal.runners.statements.InvokeMethod.evaluate(InvokeMethod.java:17)\n\tat org.junit.internal.runners.statements.FailOnTimeout$CallableStatement.call(FailOnTimeout.java:298)\n\tat org.junit.internal.runners.statements.FailOnTimeout$CallableStatement.call(FailOnTimeout.java:292)\n\tat java.util.concurrent.FutureTask.run(FutureTask.java:266)\n\tat java.lang.Thread.run(Thread.java:745)\n", "message": "Missing a required class: scaler/LinearScaleFunc"}, "e1tester.LinearScaleFuncTest:testReflectionClass": {"description": "testing class declaration", "details": "java.lang.NoClassDefFoundError: scaler/LinearScaleFunc\n\tat e1tester.LinearScaleFuncTest.testReflectionClass(LinearScaleFuncTest.java:24)\n\tat sun.reflect.NativeMethodAccessorImpl.invoke0(Native Method)\n\tat sun.reflect.NativeMethodAccessorImpl.invoke(NativeMethodAccessorImpl.java:62)\n\tat sun.reflect.DelegatingMethodAccessorImpl.invoke(DelegatingMethodAccessorImpl.java:43)\n\tat java.lang.reflect.Method.invoke(Method.java:498)\n\tat org.junit.runners.model.FrameworkMethod$1.runReflectiveCall(FrameworkMethod.java:50)\n\tat org.junit.internal.runners.model.ReflectiveCallable.run(ReflectiveCallable.java:12)\n\tat org.junit.runners.model.FrameworkMethod.invokeExplosively(FrameworkMethod.java:47)\n\tat org.junit.internal.runners.statements.InvokeMethod.evaluate(InvokeMethod.java:17)\n\tat org.junit.internal.runners.statements.FailOnTimeout$CallableStatement.call(FailOnTimeout.java:298)\n\tat org.junit.internal.runners.statements.FailOnTimeout$CallableStatement.call(FailOnTimeout.java:292)\n\tat java.util.concurrent.FutureTask.run(FutureTask.java:266)\n\tat java.lang.Thread.run(Thread.java:745)\n", "message": "Missing a required class: scaler/LinearScaleFunc"}}, "errors": {}, "passes": {}}, "e1tester.LinearScalerTest": {"failures": {"e1tester.LinearScalerTest:testGetScaleFunc": {"description": "testing functionality of getScaleFunc", "details": "java.lang.NoClassDefFoundError: scaler/LinearScaler\n\tat e1tester.LinearScalerTest.testGetScaleFunc(LinearScalerTest.java:50)\n\tat sun.reflect.NativeMethodAccessorImpl.invoke0(Native Method)\n\tat sun.reflect.NativeMethodAccessorImpl.invoke(NativeMethodAccessorImpl.java:62)\n\tat sun.reflect.DelegatingMethodAccessorImpl.invoke(DelegatingMethodAccessorImpl.java:43)\n\tat java.lang.reflect.Method.invoke(Method.java:498)\n\tat org.junit.runners.model.FrameworkMethod$1.runReflectiveCall(FrameworkMethod.java:50)\n\tat org.junit.internal.runners.model.ReflectiveCallable.run(ReflectiveCallable.java:12)\n\tat org.junit.runners.model.FrameworkMethod.invokeExplosively(FrameworkMethod.java:47)\n\tat org.junit.internal.runners.statements.InvokeMethod.evaluate(InvokeMethod.java:17)\n\tat org.junit.internal.runners.statements.FailOnTimeout$CallableStatement.call(FailOnTimeout.java:298)\n\tat org.junit.internal.runners.statements.FailOnTimeout$CallableStatement.call(FailOnTimeout.java:292)\n\tat java.util.concurrent.FutureTask.run(FutureTask.java:266)\n\tat java.lang.Thread.run(Thread.java:745)\n", "message": "Missing a required class: scaler/LinearScaler"}, "e1tester.LinearScalerTest:testReflectionGetScaleFunc": {"description": "testing signature of getScaleFunc", "details": "java.lang.NoClassDefFoundError: scaler/LinearScaler (wrong name: scalar/LinearScaler)\n\tat java.lang.ClassLoader.defineClass1(Native Method)\n\tat java.lang.ClassLoader.defineClass(ClassLoader.java:760)\n\tat java.security.SecureClassLoader.defineClass(SecureClassLoader.java:142)\n\tat java.net.URLClassLoader.defineClass(URLClassLoader.java:467)\n\tat java.net.URLClassLoader.access$100(URLClassLoader.java:73)\n\tat java.net.URLClassLoader$1.run(URLClassLoader.java:368)\n\tat java.net.URLClassLoader$1.run(URLClassLoader.java:362)\n\tat java.security.AccessController.doPrivileged(Native Method)\n\tat java.net.URLClassLoader.findClass(URLClassLoader.java:361)\n\tat java.lang.ClassLoader.loadClass(ClassLoader.java:424)\n\tat sun.misc.Launcher$AppClassLoader.loadClass(Launcher.java:331)\n\tat java.lang.ClassLoader.loadClass(ClassLoader.java:357)\n\tat e1tester.LinearScalerTest.testReflectionGetScaleFunc(LinearScalerTest.java:31)\n\tat sun.reflect.NativeMethodAccessorImpl.invoke0(Native Method)\n\tat sun.reflect.NativeMethodAccessorImpl.invoke(NativeMethodAccessorImpl.java:62)\n\tat sun.reflect.DelegatingMethodAccessorImpl.invoke(DelegatingMethodAccessorImpl.java:43)\n\tat java.lang.reflect.Method.invoke(Method.java:498)\n\tat org.junit.runners.model.FrameworkMethod$1.runReflectiveCall(FrameworkMethod.java:50)\n\tat org.junit.internal.runners.model.ReflectiveCallable.run(ReflectiveCallable.java:12)\n\tat org.junit.runners.model.FrameworkMethod.invokeExplosively(FrameworkMethod.java:47)\n\tat org.junit.internal.runners.statements.InvokeMethod.evaluate(InvokeMethod.java:17)\n\tat org.junit.internal.runners.statements.FailOnTimeout$CallableStatement.call(FailOnTimeout.java:298)\n\tat org.junit.internal.runners.statements.FailOnTimeout$CallableStatement.call(FailOnTimeout.java:292)\n\tat java.util.concurrent.FutureTask.run(FutureTask.java:266)\n\tat java.lang.Thread.run(Thread.java:745)\n", "message": "Missing a required class: scaler/LinearScaler (wrong name: scalar/LinearScaler)"}, "e1tester.LinearScalerTest:testReflectionClass": {"description": "testing class declaration", "details": "java.lang.NoClassDefFoundError: scaler/LinearScaler\n\tat e1tester.LinearScalerTest.testReflectionClass(LinearScalerTest.java:22)\n\tat sun.reflect.NativeMethodAccessorImpl.invoke0(Native Method)\n\tat sun.reflect.NativeMethodAccessorImpl.invoke(NativeMethodAccessorImpl.java:62)\n\tat sun.reflect.DelegatingMethodAccessorImpl.invoke(DelegatingMethodAccessorImpl.java:43)\n\tat java.lang.reflect.Method.invoke(Method.java:498)\n\tat org.junit.runners.model.FrameworkMethod$1.runReflectiveCall(FrameworkMethod.java:50)\n\tat org.junit.internal.runners.model.ReflectiveCallable.run(ReflectiveCallable.java:12)\n\tat org.junit.runners.model.FrameworkMethod.invokeExplosively(FrameworkMethod.java:47)\n\tat org.junit.internal.runners.statements.InvokeMethod.evaluate(InvokeMethod.java:17)\n\tat org.junit.internal.runners.statements.FailOnTimeout$CallableStatement.call(FailOnTimeout.java:298)\n\tat org.junit.internal.runners.statements.FailOnTimeout$CallableStatement.call(FailOnTimeout.java:292)\n\tat java.util.concurrent.FutureTask.run(FutureTask.java:266)\n\tat java.lang.Thread.run(Thread.java:745)\n", "message": "Missing a required class: scaler/LinearScaler"}}, "errors": {}, "passes": {}}}, "assignment": "E1", "date": "2016-05-15T19:04:15"}, {"origin": "/home/anya/at/uam/submissions/cuencavi/e1", "students": [{"section": "N/A", "student_number": "0999692042", "last": "Cuenca", "first": "Vincent", "student_id": "cuencavi", "email": "vincent.cuenca@mail.utoronto.ca", "source": "N/A"}], "results": {"e1tester.LinearScaleFuncTest": {"failures": {}, "errors": {}, "passes": {"e1tester.LinearScaleFuncTest:testScale": "testing functionality of scale", "e1tester.LinearScaleFuncTest:testReflectionScale": "testing signature of scale", "e1tester.LinearScaleFuncTest:testReflectionClass": "testing class declaration"}}, "e1tester.LinearScalerTest": {"failures": {}, "errors": {}, "passes": {"e1tester.LinearScalerTest:testGetScaleFunc": "testing functionality of getScaleFunc", "e1tester.LinearScalerTest:testReflectionGetScaleFunc": "testing signature of getScaleFunc", "e1tester.LinearScalerTest:testReflectionClass": "testing class declaration"}}}, "assignment": "E1", "date": "2016-05-15T19:04:15"}, {"origin": "/home/anya/at/uam/submissions/darminal/e1", "students": [{"section": "N/A", "student_number": "0999207282", "last": "Darmin", "first": "Alexei", "student_id": "darminal", "email": "alexei.darmin@mail.utoronto.ca", "source": "N/A"}], "results": {"e1tester.LinearScaleFuncTest": {"failures": {}, "errors": {}, "passes": {"e1tester.LinearScaleFuncTest:testScale": "testing functionality of scale", "e1tester.LinearScaleFuncTest:testReflectionScale": "testing signature of scale", "e1tester.LinearScaleFuncTest:testReflectionClass": "testing class declaration"}}, "e1tester.LinearScalerTest": {"failures": {"e1tester.LinearScalerTest:testGetScaleFunc": {"description": "testing functionality of getScaleFunc", "details": "java.lang.IncompatibleClassChangeError: Expecting non-static method scaler.LinearScaler.getScaleFunc(II)Lscaler/LinearScaleFunc;\n\tat e1tester.LinearScalerTest.testGetScaleFunc(LinearScalerTest.java:51)\n\tat sun.reflect.NativeMethodAccessorImpl.invoke0(Native Method)\n\tat sun.reflect.NativeMethodAccessorImpl.invoke(NativeMethodAccessorImpl.java:62)\n\tat sun.reflect.DelegatingMethodAccessorImpl.invoke(DelegatingMethodAccessorImpl.java:43)\n\tat java.lang.reflect.Method.invoke(Method.java:498)\n\tat org.junit.runners.model.FrameworkMethod$1.runReflectiveCall(FrameworkMethod.java:50)\n\tat org.junit.internal.runners.model.ReflectiveCallable.run(ReflectiveCallable.java:12)\n\tat org.junit.runners.model.FrameworkMethod.invokeExplosively(FrameworkMethod.java:47)\n\tat org.junit.internal.runners.statements.InvokeMethod.evaluate(InvokeMethod.java:17)\n\tat org.junit.internal.runners.statements.FailOnTimeout$CallableStatement.call(FailOnTimeout.java:298)\n\tat org.junit.internal.runners.statements.FailOnTimeout$CallableStatement.call(FailOnTimeout.java:292)\n\tat java.util.concurrent.FutureTask.run(FutureTask.java:266)\n\tat java.lang.Thread.run(Thread.java:745)\n", "message": "Expecting non-static method scaler.LinearScaler.getScaleFunc(II)Lscaler/LinearScaleFunc;"}}, "errors": {}, "passes": {"e1tester.LinearScalerTest:testReflectionGetScaleFunc": "testing signature of getScaleFunc", "e1tester.LinearScalerTest:testReflectionClass": "testing class declaration"}}}, "assignment": "E1", "date": "2016-05-15T19:04:15"}, {"origin": "/home/anya/at/uam/submissions/depanoca/e1", "students": [{"section": "N/A", "student_number": "1000699513", "last": "De Pano", "first": "Carlos", "student_id": "depanoca", "email": "carlos.depano@mail.utoronto.ca", "source": "N/A"}], "results": {"e1tester.LinearScaleFuncTest": {"failures": {}, "errors": {}, "passes": {"e1tester.LinearScaleFuncTest:testScale": "testing functionality of scale", "e1tester.LinearScaleFuncTest:testReflectionScale": "testing signature of scale", "e1tester.LinearScaleFuncTest:testReflectionClass": "testing class declaration"}}, "e1tester.LinearScalerTest": {"failures": {}, "errors": {}, "passes": {"e1tester.LinearScalerTest:testGetScaleFunc": "testing functionality of getScaleFunc", "e1tester.LinearScalerTest:testReflectionGetScaleFunc": "testing signature of getScaleFunc", "e1tester.LinearScalerTest:testReflectionClass": "testing class declaration"}}}, "assignment": "E1", "date": "2016-05-15T19:04:15"}, {"date": "2016-05-15T19:04:15", "students": [{"section": "N/A", "student_number": "1000698550", "last": "Druery", "first": "Colin", "student_id": "drueryco", "email": "colin.druery@mail.utoronto.ca", "source": "N/A"}], "results": {"e1tester.LinearScaleFuncTest": {"failures": {}, "errors": {}, "passes": {"e1tester.LinearScaleFuncTest:testScale": "testing functionality of scale", "e1tester.LinearScaleFuncTest:testReflectionScale": "testing signature of scale", "e1tester.LinearScaleFuncTest:testReflectionClass": "testing class declaration"}}, "e1tester.LinearScalerTest": {"failures": {}, "errors": {}, "passes": {"e1tester.LinearScalerTest:testGetScaleFunc": "testing functionality of getScaleFunc", "e1tester.LinearScalerTest:testReflectionGetScaleFunc": "testing signature of getScaleFunc", "e1tester.LinearScalerTest:testReflectionClass": "testing class declaration"}}}, "assignment": "E1", "origin": "/home/anya/at/uam/submissions/drueryco/e1"}, {"origin": "/home/anya/at/uam/submissions/efimovvl/e1", "students": [{"section": "N/A", "student_number": "1000537895", "last": "Efimov", "first": "Vladimir", "student_id": "efimovvl", "email": "vladimir.efimov@mail.utoronto.ca", "source": "N/A"}], "results": {"e1tester.LinearScaleFuncTest": {"failures": {}, "errors": {}, "passes": {"e1tester.LinearScaleFuncTest:testScale": "testing functionality of scale", "e1tester.LinearScaleFuncTest:testReflectionScale": "testing signature of scale", "e1tester.LinearScaleFuncTest:testReflectionClass": "testing class declaration"}}, "e1tester.LinearScalerTest": {"failures": {"e1tester.LinearScalerTest:testGetScaleFunc": {"description": "testing functionality of getScaleFunc", "details": "java.lang.IllegalAccessError: tried to access method scaler.LinearScaler.getScaleFunc(II)Lscaler/LinearScaleFunc; from class e1tester.LinearScalerTest\n\tat e1tester.LinearScalerTest.testGetScaleFunc(LinearScalerTest.java:51)\n\tat sun.reflect.NativeMethodAccessorImpl.invoke0(Native Method)\n\tat sun.reflect.NativeMethodAccessorImpl.invoke(NativeMethodAccessorImpl.java:62)\n\tat sun.reflect.DelegatingMethodAccessorImpl.invoke(DelegatingMethodAccessorImpl.java:43)\n\tat java.lang.reflect.Method.invoke(Method.java:498)\n\tat org.junit.runners.model.FrameworkMethod$1.runReflectiveCall(FrameworkMethod.java:50)\n\tat org.junit.internal.runners.model.ReflectiveCallable.run(ReflectiveCallable.java:12)\n\tat org.junit.runners.model.FrameworkMethod.invokeExplosively(FrameworkMethod.java:47)\n\tat org.junit.internal.runners.statements.InvokeMethod.evaluate(InvokeMethod.java:17)\n\tat org.junit.internal.runners.statements.FailOnTimeout$CallableStatement.call(FailOnTimeout.java:298)\n\tat org.junit.internal.runners.statements.FailOnTimeout$CallableStatement.call(FailOnTimeout.java:292)\n\tat java.util.concurrent.FutureTask.run(FutureTask.java:266)\n\tat java.lang.Thread.run(Thread.java:745)\n", "message": "tried to access method scaler.LinearScaler.getScaleFunc(II)Lscaler/LinearScaleFunc; from class e1tester.LinearScalerTest"}, "e1tester.LinearScalerTest:testReflectionGetScaleFunc": {"description": "testing signature of getScaleFunc", "details": "java.lang.AssertionError: LinearScaler must implement getScaleFunc(int, int).\n\tat org.junit.Assert.fail(Assert.java:88)\n\tat e1tester.LinearScalerTest.testReflectionGetScaleFunc(LinearScalerTest.java:41)\n\tat sun.reflect.NativeMethodAccessorImpl.invoke0(Native Method)\n\tat sun.reflect.NativeMethodAccessorImpl.invoke(NativeMethodAccessorImpl.java:62)\n\tat sun.reflect.DelegatingMethodAccessorImpl.invoke(DelegatingMethodAccessorImpl.java:43)\n\tat java.lang.reflect.Method.invoke(Method.java:498)\n\tat org.junit.runners.model.FrameworkMethod$1.runReflectiveCall(FrameworkMethod.java:50)\n\tat org.junit.internal.runners.model.ReflectiveCallable.run(ReflectiveCallable.java:12)\n\tat org.junit.runners.model.FrameworkMethod.invokeExplosively(FrameworkMethod.java:47)\n\tat org.junit.internal.runners.statements.InvokeMethod.evaluate(InvokeMethod.java:17)\n\tat org.junit.internal.runners.statements.FailOnTimeout$CallableStatement.call(FailOnTimeout.java:298)\n\tat org.junit.internal.runners.statements.FailOnTimeout$CallableStatement.call(FailOnTimeout.java:292)\n\tat java.util.concurrent.FutureTask.run(FutureTask.java:266)\n\tat java.lang.Thread.run(Thread.java:745)\n", "message": "LinearScaler must implement getScaleFunc(int, int)."}}, "errors": {}, "passes": {"e1tester.LinearScalerTest:testReflectionClass": "testing class declaration"}}}, "assignment": "E1", "date": "2016-05-15T19:04:15"}, {"origin": "/home/anya/at/uam/submissions/fergu238/e1", "students": [{"section": "N/A", "student_number": "0996267132", "last": "Ferguson", "first": "Ian", "student_id": "fergu238", "email": "i.ferguson@mail.utoronto.ca", "source": "N/A"}], "results": {"e1tester.LinearScaleFuncTest": {"failures": {}, "errors": {}, "passes": {"e1tester.LinearScaleFuncTest:testScale": "testing functionality of scale", "e1tester.LinearScaleFuncTest:testReflectionScale": "testing signature of scale", "e1tester.LinearScaleFuncTest:testReflectionClass": "testing class declaration"}}, "e1tester.LinearScalerTest": {"failures": {}, "errors": {}, "passes": {"e1tester.LinearScalerTest:testGetScaleFunc": "testing functionality of getScaleFunc", "e1tester.LinearScalerTest:testReflectionGetScaleFunc": "testing signature of getScaleFunc", "e1tester.LinearScalerTest:testReflectionClass": "testing class declaration"}}}, "assignment": "E1", "date": "2016-05-15T19:04:15"}, {"origin": "/home/anya/at/uam/submissions/fucharle/e1", "students": [{"section": "N/A", "student_number": "1000637723", "last": "Fu", "first": "Charles", "student_id": "fucharle", "email": "ccharles.fu@mail.utoronto.ca", "source": "N/A"}], "results": {"e1tester.LinearScaleFuncTest": {"failures": {}, "errors": {}, "passes": {"e1tester.LinearScaleFuncTest:testScale": "testing functionality of scale", "e1tester.LinearScaleFuncTest:testReflectionScale": "testing signature of scale", "e1tester.LinearScaleFuncTest:testReflectionClass": "testing class declaration"}}, "e1tester.LinearScalerTest": {"failures": {}, "errors": {}, "passes": {"e1tester.LinearScalerTest:testGetScaleFunc": "testing functionality of getScaleFunc", "e1tester.LinearScalerTest:testReflectionGetScaleFunc": "testing signature of getScaleFunc", "e1tester.LinearScalerTest:testReflectionClass": "testing class declaration"}}}, "assignment": "E1", "date": "2016-05-15T19:04:15"}, {"origin": "/home/anya/at/uam/submissions/ganesh39/e1", "students": [{"section": "N/A", "student_number": "1000655445", "last": "Ganeshamoorthy", "first": "Kirisanth", "student_id": "ganesh39", "email": "k.ganeshamoorthy@utoronto.ca", "source": "N/A"}], "results": {"e1tester.LinearScaleFuncTest": {"failures": {}, "errors": {}, "passes": {"e1tester.LinearScaleFuncTest:testScale": "testing functionality of scale", "e1tester.LinearScaleFuncTest:testReflectionScale": "testing signature of scale", "e1tester.LinearScaleFuncTest:testReflectionClass": "testing class declaration"}}, "e1tester.LinearScalerTest": {"failures": {}, "errors": {}, "passes": {"e1tester.LinearScalerTest:testGetScaleFunc": "testing functionality of getScaleFunc", "e1tester.LinearScalerTest:testReflectionGetScaleFunc": "testing signature of getScaleFunc", "e1tester.LinearScalerTest:testReflectionClass": "testing class declaration"}}}, "assignment": "E1", "date": "2016-05-15T19:04:15"}, {"origin": "/home/anya/at/uam/submissions/ganeshro/e1", "students": [{"section": "N/A", "student_number": "0999846653", "last": "Ganesh", "first": "Roger", "student_id": "ganeshro", "email": "roger.ganesh@mail.utoronto.ca", "source": "N/A"}], "results": {"e1tester.LinearScaleFuncTest": {"failures": {"e1tester.LinearScaleFuncTest:testScale": {"description": "testing functionality of scale", "details": "java.lang.NoSuchMethodError: scaler.LinearScaleFunc.<init>(II)V\n\tat e1tester.LinearScaleFuncTest.testScale(LinearScaleFuncTest.java:50)\n\tat sun.reflect.NativeMethodAccessorImpl.invoke0(Native Method)\n\tat sun.reflect.NativeMethodAccessorImpl.invoke(NativeMethodAccessorImpl.java:62)\n\tat sun.reflect.DelegatingMethodAccessorImpl.invoke(DelegatingMethodAccessorImpl.java:43)\n\tat java.lang.reflect.Method.invoke(Method.java:498)\n\tat org.junit.runners.model.FrameworkMethod$1.runReflectiveCall(FrameworkMethod.java:50)\n\tat org.junit.internal.runners.model.ReflectiveCallable.run(ReflectiveCallable.java:12)\n\tat org.junit.runners.model.FrameworkMethod.invokeExplosively(FrameworkMethod.java:47)\n\tat org.junit.internal.runners.statements.InvokeMethod.evaluate(InvokeMethod.java:17)\n\tat org.junit.internal.runners.statements.FailOnTimeout$CallableStatement.call(FailOnTimeout.java:298)\n\tat org.junit.internal.runners.statements.FailOnTimeout$CallableStatement.call(FailOnTimeout.java:292)\n\tat java.util.concurrent.FutureTask.run(FutureTask.java:266)\n\tat java.lang.Thread.run(Thread.java:745)\n", "message": "scaler.LinearScaleFunc.<init>(II)V"}}, "errors": {}, "passes": {"e1tester.LinearScaleFuncTest:testReflectionScale": "testing signature of scale", "e1tester.LinearScaleFuncTest:testReflectionClass": "testing class declaration"}}, "e1tester.LinearScalerTest": {"failures": {}, "errors": {}, "passes": {"e1tester.LinearScalerTest:testGetScaleFunc": "testing functionality of getScaleFunc", "e1tester.LinearScalerTest:testReflectionGetScaleFunc": "testing signature of getScaleFunc", "e1tester.LinearScalerTest:testReflectionClass": "testing class declaration"}}}, "assignment": "E1", "date": "2016-05-15T19:04:15"}, {"origin": "/home/anya/at/uam/submissions/ganyue/e1", "students": [{"section": "N/A", "student_number": "1000620606", "last": "Gan", "first": "Yue", "student_id": "ganyue", "email": "yue.gan@mail.utoronto.ca", "source": "N/A"}], "results": {"e1tester.LinearScaleFuncTest": {"failures": {"e1tester.LinearScaleFuncTest:testScale": {"description": "testing functionality of scale", "details": "java.lang.AssertionError: scale returns an incorrect value. expected:<4.8> but was:<0.0020833333333333333>\n\tat org.junit.Assert.fail(Assert.java:88)\n\tat org.junit.Assert.failNotEquals(Assert.java:834)\n\tat org.junit.Assert.assertEquals(Assert.java:553)\n\tat e1tester.LinearScaleFuncTest.testScale(LinearScaleFuncTest.java:51)\n\tat sun.reflect.NativeMethodAccessorImpl.invoke0(Native Method)\n\tat sun.reflect.NativeMethodAccessorImpl.invoke(NativeMethodAccessorImpl.java:62)\n\tat sun.reflect.DelegatingMethodAccessorImpl.invoke(DelegatingMethodAccessorImpl.java:43)\n\tat java.lang.reflect.Method.invoke(Method.java:498)\n\tat org.junit.runners.model.FrameworkMethod$1.runReflectiveCall(FrameworkMethod.java:50)\n\tat org.junit.internal.runners.model.ReflectiveCallable.run(ReflectiveCallable.java:12)\n\tat org.junit.runners.model.FrameworkMethod.invokeExplosively(FrameworkMethod.java:47)\n\tat org.junit.internal.runners.statements.InvokeMethod.evaluate(InvokeMethod.java:17)\n\tat org.junit.internal.runners.statements.FailOnTimeout$CallableStatement.call(FailOnTimeout.java:298)\n\tat org.junit.internal.runners.statements.FailOnTimeout$CallableStatement.call(FailOnTimeout.java:292)\n\tat java.util.concurrent.FutureTask.run(FutureTask.java:266)\n\tat java.lang.Thread.run(Thread.java:745)\n", "message": "scale returns an incorrect value. expected:<4.8> but was:<0.0020833333333333333>"}}, "errors": {}, "passes": {"e1tester.LinearScaleFuncTest:testReflectionScale": "testing signature of scale", "e1tester.LinearScaleFuncTest:testReflectionClass": "testing class declaration"}}, "e1tester.LinearScalerTest": {"failures": {"e1tester.LinearScalerTest:testGetScaleFunc": {"description": "testing functionality of getScaleFunc", "details": "java.lang.AssertionError: incorrect function returned by getScaleFunc. expected:<1.0> but was:<0.25>\n\tat org.junit.Assert.fail(Assert.java:88)\n\tat org.junit.Assert.failNotEquals(Assert.java:834)\n\tat org.junit.Assert.assertEquals(Assert.java:553)\n\tat e1tester.LinearScalerTest.testGetScaleFunc(LinearScalerTest.java:52)\n\tat sun.reflect.NativeMethodAccessorImpl.invoke0(Native Method)\n\tat sun.reflect.NativeMethodAccessorImpl.invoke(NativeMethodAccessorImpl.java:62)\n\tat sun.reflect.DelegatingMethodAccessorImpl.invoke(DelegatingMethodAccessorImpl.java:43)\n\tat java.lang.reflect.Method.invoke(Method.java:498)\n\tat org.junit.runners.model.FrameworkMethod$1.runReflectiveCall(FrameworkMethod.java:50)\n\tat org.junit.internal.runners.model.ReflectiveCallable.run(ReflectiveCallable.java:12)\n\tat org.junit.runners.model.FrameworkMethod.invokeExplosively(FrameworkMethod.java:47)\n\tat org.junit.internal.runners.statements.InvokeMethod.evaluate(InvokeMethod.java:17)\n\tat org.junit.internal.runners.statements.FailOnTimeout$CallableStatement.call(FailOnTimeout.java:298)\n\tat org.junit.internal.runners.statements.FailOnTimeout$CallableStatement.call(FailOnTimeout.java:292)\n\tat java.util.concurrent.FutureTask.run(FutureTask.java:266)\n\tat java.lang.Thread.run(Thread.java:745)\n", "message": "incorrect function returned by getScaleFunc. expected:<1.0> but was:<0.25>"}}, "errors": {}, "passes": {"e1tester.LinearScalerTest:testReflectionGetScaleFunc": "testing signature of getScaleFunc", "e1tester.LinearScalerTest:testReflectionClass": "testing class declaration"}}}, "assignment": "E1", "date": "2016-05-15T19:04:15"}, {"origin": "/home/anya/at/uam/submissions/greensl4/e1", "students": [{"section": "N/A", "student_number": "1000865281", "last": "Greenslade", "first": "Joshua", "student_id": "greensl4", "email": "joshua.greenslade@mail.utoronto.ca", "source": "N/A"}], "results": {"e1tester.LinearScaleFuncTest": {"failures": {}, "errors": {}, "passes": {"e1tester.LinearScaleFuncTest:testScale": "testing functionality of scale", "e1tester.LinearScaleFuncTest:testReflectionScale": "testing signature of scale", "e1tester.LinearScaleFuncTest:testReflectionClass": "testing class declaration"}}, "e1tester.LinearScalerTest": {"failures": {}, "errors": {}, "passes": {"e1tester.LinearScalerTest:testGetScaleFunc": "testing functionality of getScaleFunc", "e1tester.LinearScalerTest:testReflectionGetScaleFunc": "testing signature of getScaleFunc", "e1tester.LinearScalerTest:testReflectionClass": "testing class declaration"}}}, "assignment": "E1", "date": "2016-05-15T19:04:15"}, {"origin": "/home/anya/at/uam/submissions/hennawy1/e1", "students": [{"section": "N/A", "student_number": "1000433907", "last": "Hennawy", "first": "Maged", "student_id": "hennawy1", "email": "maged.hennawy@mail.utoronto.ca", "source": "N/A"}], "results": {"e1tester.LinearScaleFuncTest": {"failures": {}, "errors": {}, "passes": {"e1tester.LinearScaleFuncTest:testScale": "testing functionality of scale", "e1tester.LinearScaleFuncTest:testReflectionScale": "testing signature of scale", "e1tester.LinearScaleFuncTest:testReflectionClass": "testing class declaration"}}, "e1tester.LinearScalerTest": {"failures": {}, "errors": {}, "passes": {"e1tester.LinearScalerTest:testGetScaleFunc": "testing functionality of getScaleFunc", "e1tester.LinearScalerTest:testReflectionGetScaleFunc": "testing signature of getScaleFunc", "e1tester.LinearScalerTest:testReflectionClass": "testing class declaration"}}}, "assignment": "E1", "date": "2016-05-15T19:04:15"}, {"origin": "/home/anya/at/uam/submissions/hochun2/e1", "students": [{"section": "N/A", "student_number": "1000831237", "last": "Ho", "first": "Chun", "student_id": "hochun2", "email": "marco.ho@mail.utoronto.ca", "source": "N/A"}], "results": {"e1tester.LinearScaleFuncTest": {"failures": {}, "errors": {}, "passes": {"e1tester.LinearScaleFuncTest:testScale": "testing functionality of scale", "e1tester.LinearScaleFuncTest:testReflectionScale": "testing signature of scale", "e1tester.LinearScaleFuncTest:testReflectionClass": "testing class declaration"}}, "e1tester.LinearScalerTest": {"failures": {}, "errors": {}, "passes": {"e1tester.LinearScalerTest:testGetScaleFunc": "testing functionality of getScaleFunc", "e1tester.LinearScalerTest:testReflectionGetScaleFunc": "testing signature of getScaleFunc", "e1tester.LinearScalerTest:testReflectionClass": "testing class declaration"}}}, "assignment": "E1", "date": "2016-05-15T19:04:15"}, {"origin": "/home/anya/at/uam/submissions/huxiaot2/e1", "students": [{"section": "N/A", "student_number": "0998468803", "last": "Hu", "first": "Xiaotian", "student_id": "huxiaot2", "email": "xjack.hu@mail.utoronto.ca", "source": "N/A"}], "results": {"e1tester.LinearScaleFuncTest": {"failures": {}, "errors": {}, "passes": {"e1tester.LinearScaleFuncTest:testScale": "testing functionality of scale", "e1tester.LinearScaleFuncTest:testReflectionScale": "testing signature of scale", "e1tester.LinearScaleFuncTest:testReflectionClass": "testing class declaration"}}, "e1tester.LinearScalerTest": {"failures": {}, "errors": {}, "passes": {"e1tester.LinearScalerTest:testGetScaleFunc": "testing functionality of getScaleFunc", "e1tester.LinearScalerTest:testReflectionGetScaleFunc": "testing signature of getScaleFunc", "e1tester.LinearScalerTest:testReflectionClass": "testing class declaration"}}}, "assignment": "E1", "date": "2016-05-15T19:04:15"}, {"origin": "/home/anya/at/uam/submissions/huyuxuan/e1", "students": [{"section": "N/A", "student_number": "1000351460", "last": "Hu", "first": "Yuxuan", "student_id": "huyuxuan", "email": "yuxuan.hu@mail.utoronto.ca", "source": "N/A"}], "results": {"e1tester.LinearScaleFuncTest": {"failures": {}, "errors": {}, "passes": {"e1tester.LinearScaleFuncTest:testScale": "testing functionality of scale", "e1tester.LinearScaleFuncTest:testReflectionScale": "testing signature of scale", "e1tester.LinearScaleFuncTest:testReflectionClass": "testing class declaration"}}, "e1tester.LinearScalerTest": {"failures": {}, "errors": {}, "passes": {"e1tester.LinearScalerTest:testGetScaleFunc": "testing functionality of getScaleFunc", "e1tester.LinearScalerTest:testReflectionGetScaleFunc": "testing signature of getScaleFunc", "e1tester.LinearScalerTest:testReflectionClass": "testing class declaration"}}}, "assignment": "E1", "date": "2016-05-15T19:04:15"}, {"origin": "/home/anya/at/uam/submissions/islammo8/e1", "students": [{"section": "N/A", "student_number": "0998966105", "last": "Islam", "first": "Mohammad", "student_id": "islammo8", "email": "tanjid.islam@mail.utoronto.ca", "source": "N/A"}], "results": {"e1tester.LinearScaleFuncTest": {"failures": {}, "errors": {}, "passes": {"e1tester.LinearScaleFuncTest:testScale": "testing functionality of scale", "e1tester.LinearScaleFuncTest:testReflectionScale": "testing signature of scale", "e1tester.LinearScaleFuncTest:testReflectionClass": "testing class declaration"}}, "e1tester.LinearScalerTest": {"failures": {"e1tester.LinearScalerTest:testGetScaleFunc": {"description": "testing functionality of getScaleFunc", "details": "java.lang.IncompatibleClassChangeError: Expecting non-static method scaler.LinearScaler.getScaleFunc(II)Lscaler/LinearScaleFunc;\n\tat e1tester.LinearScalerTest.testGetScaleFunc(LinearScalerTest.java:51)\n\tat sun.reflect.NativeMethodAccessorImpl.invoke0(Native Method)\n\tat sun.reflect.NativeMethodAccessorImpl.invoke(NativeMethodAccessorImpl.java:62)\n\tat sun.reflect.DelegatingMethodAccessorImpl.invoke(DelegatingMethodAccessorImpl.java:43)\n\tat java.lang.reflect.Method.invoke(Method.java:498)\n\tat org.junit.runners.model.FrameworkMethod$1.runReflectiveCall(FrameworkMethod.java:50)\n\tat org.junit.internal.runners.model.ReflectiveCallable.run(ReflectiveCallable.java:12)\n\tat org.junit.runners.model.FrameworkMethod.invokeExplosively(FrameworkMethod.java:47)\n\tat org.junit.internal.runners.statements.InvokeMethod.evaluate(InvokeMethod.java:17)\n\tat org.junit.internal.runners.statements.FailOnTimeout$CallableStatement.call(FailOnTimeout.java:298)\n\tat org.junit.internal.runners.statements.FailOnTimeout$CallableStatement.call(FailOnTimeout.java:292)\n\tat java.util.concurrent.FutureTask.run(FutureTask.java:266)\n\tat java.lang.Thread.run(Thread.java:745)\n", "message": "Expecting non-static method scaler.LinearScaler.getScaleFunc(II)Lscaler/LinearScaleFunc;"}}, "errors": {}, "passes": {"e1tester.LinearScalerTest:testReflectionGetScaleFunc": "testing signature of getScaleFunc", "e1tester.LinearScalerTest:testReflectionClass": "testing class declaration"}}}, "assignment": "E1", "date": "2016-05-15T19:04:15"}, {"origin": "/home/anya/at/uam/submissions/justolam/e1", "students": [{"section": "N/A", "student_number": "1000478333", "last": "Justo", "first": "Lambert", "student_id": "justolam", "email": "lambert.justo@mail.utoronto.ca", "source": "N/A"}], "results": {"e1tester.LinearScaleFuncTest": {"failures": {}, "errors": {}, "passes": {"e1tester.LinearScaleFuncTest:testScale": "testing functionality of scale", "e1tester.LinearScaleFuncTest:testReflectionScale": "testing signature of scale", "e1tester.LinearScaleFuncTest:testReflectionClass": "testing class declaration"}}, "e1tester.LinearScalerTest": {"failures": {}, "errors": {}, "passes": {"e1tester.LinearScalerTest:testGetScaleFunc": "testing functionality of getScaleFunc", "e1tester.LinearScalerTest:testReflectionGetScaleFunc": "testing signature of getScaleFunc", "e1tester.LinearScalerTest:testReflectionClass": "testing class declaration"}}}, "assignment": "E1", "date": "2016-05-15T19:04:15"}, {"origin": "/home/anya/at/uam/submissions/kirowpau/e1", "students": [{"section": "N/A", "student_number": "0998876006", "last": "Kirow", "first": "Paul", "student_id": "kirowpau", "email": "paul.kirow@mail.utoronto.ca", "source": "N/A"}], "results": {"e1tester.LinearScaleFuncTest": {"failures": {}, "errors": {}, "passes": {"e1tester.LinearScaleFuncTest:testScale": "testing functionality of scale", "e1tester.LinearScaleFuncTest:testReflectionScale": "testing signature of scale", "e1tester.LinearScaleFuncTest:testReflectionClass": "testing class declaration"}}, "e1tester.LinearScalerTest": {"failures": {}, "errors": {}, "passes": {"e1tester.LinearScalerTest:testGetScaleFunc": "testing functionality of getScaleFunc", "e1tester.LinearScalerTest:testReflectionGetScaleFunc": "testing signature of getScaleFunc", "e1tester.LinearScalerTest:testReflectionClass": "testing class declaration"}}}, "assignment": "E1", "date": "2016-05-15T19:04:15"}, {"origin": "/home/anya/at/uam/submissions/kokelvin/e1", "students": [{"section": "N/A", "student_number": "0999924774", "last": "Ko", "first": "Kelvin", "student_id": "kokelvin", "email": "kelvinko.ko@mail.utoronto.ca", "source": "N/A"}], "results": {"e1tester.LinearScaleFuncTest": {"failures": {}, "errors": {}, "passes": {"e1tester.LinearScaleFuncTest:testScale": "testing functionality of scale", "e1tester.LinearScaleFuncTest:testReflectionScale": "testing signature of scale", "e1tester.LinearScaleFuncTest:testReflectionClass": "testing class declaration"}}, "e1tester.LinearScalerTest": {"failures": {}, "errors": {}, "passes": {"e1tester.LinearScalerTest:testGetScaleFunc": "testing functionality of getScaleFunc", "e1tester.LinearScalerTest:testReflectionGetScaleFunc": "testing signature of getScaleFunc", "e1tester.LinearScalerTest:testReflectionClass": "testing class declaration"}}}, "assignment": "E1", "date": "2016-05-15T19:04:15"}, {"origin": "/home/anya/at/uam/submissions/krolryan/e1", "students": [{"section": "N/A", "student_number": "1002835667", "last": "Krol", "first": "Ryan", "student_id": "krolryan", "email": "ryan.krol@mail.utoronto.ca", "source": "N/A"}], "results": {"e1tester.LinearScaleFuncTest": {"failures": {}, "errors": {}, "passes": {"e1tester.LinearScaleFuncTest:testScale": "testing functionality of scale", "e1tester.LinearScaleFuncTest:testReflectionScale": "testing signature of scale", "e1tester.LinearScaleFuncTest:testReflectionClass": "testing class declaration"}}, "e1tester.LinearScalerTest": {"failures": {}, "errors": {}, "passes": {"e1tester.LinearScalerTest:testGetScaleFunc": "testing functionality of getScaleFunc", "e1tester.LinearScalerTest:testReflectionGetScaleFunc": "testing signature of getScaleFunc", "e1tester.LinearScalerTest:testReflectionClass": "testing class declaration"}}}, "assignment": "E1", "date": "2016-05-15T19:04:15"}, {"origin": "/home/anya/at/uam/submissions/lacarmen/e1", "students": [{"section": "N/A", "student_number": "1000492380", "last": "La", "first": "Carmen", "student_id": "lacarmen", "email": "carmen.la@mail.utoronto.ca", "source": "N/A"}], "results": {"e1tester.LinearScaleFuncTest": {"failures": {}, "errors": {}, "passes": {"e1tester.LinearScaleFuncTest:testScale": "testing functionality of scale", "e1tester.LinearScaleFuncTest:testReflectionScale": "testing signature of scale", "e1tester.LinearScaleFuncTest:testReflectionClass": "testing class declaration"}}, "e1tester.LinearScalerTest": {"failures": {"e1tester.LinearScalerTest:testGetScaleFunc": {"description": "testing functionality of getScaleFunc", "details": "java.lang.IncompatibleClassChangeError: Expecting non-static method scaler.LinearScaler.getScaleFunc(II)Lscaler/LinearScaleFunc;\n\tat e1tester.LinearScalerTest.testGetScaleFunc(LinearScalerTest.java:51)\n\tat sun.reflect.NativeMethodAccessorImpl.invoke0(Native Method)\n\tat sun.reflect.NativeMethodAccessorImpl.invoke(NativeMethodAccessorImpl.java:62)\n\tat sun.reflect.DelegatingMethodAccessorImpl.invoke(DelegatingMethodAccessorImpl.java:43)\n\tat java.lang.reflect.Method.invoke(Method.java:498)\n\tat org.junit.runners.model.FrameworkMethod$1.runReflectiveCall(FrameworkMethod.java:50)\n\tat org.junit.internal.runners.model.ReflectiveCallable.run(ReflectiveCallable.java:12)\n\tat org.junit.runners.model.FrameworkMethod.invokeExplosively(FrameworkMethod.java:47)\n\tat org.junit.internal.runners.statements.InvokeMethod.evaluate(InvokeMethod.java:17)\n\tat org.junit.internal.runners.statements.FailOnTimeout$CallableStatement.call(FailOnTimeout.java:298)\n\tat org.junit.internal.runners.statements.FailOnTimeout$CallableStatement.call(FailOnTimeout.java:292)\n\tat java.util.concurrent.FutureTask.run(FutureTask.java:266)\n\tat java.lang.Thread.run(Thread.java:745)\n", "message": "Expecting non-static method scaler.LinearScaler.getScaleFunc(II)Lscaler/LinearScaleFunc;"}}, "errors": {}, "passes": {"e1tester.LinearScalerTest:testReflectionGetScaleFunc": "testing signature of getScaleFunc", "e1tester.LinearScalerTest:testReflectionClass": "testing class declaration"}}}, "assignment": "E1", "date": "2016-05-15T19:04:15"}, {"origin": "/home/anya/at/uam/submissions/laiyukha/e1", "students": [{"section": "N/A", "student_number": "1000583362", "last": "Lai", "first": "Yuk-Hang", "student_id": "laiyukha", "email": "yukhang.lai@mail.utoronto.ca", "source": "N/A"}], "results": {"e1tester.LinearScaleFuncTest": {"failures": {}, "errors": {}, "passes": {"e1tester.LinearScaleFuncTest:testScale": "testing functionality of scale", "e1tester.LinearScaleFuncTest:testReflectionScale": "testing signature of scale", "e1tester.LinearScaleFuncTest:testReflectionClass": "testing class declaration"}}, "e1tester.LinearScalerTest": {"failures": {}, "errors": {}, "passes": {"e1tester.LinearScalerTest:testGetScaleFunc": "testing functionality of getScaleFunc", "e1tester.LinearScalerTest:testReflectionGetScaleFunc": "testing signature of getScaleFunc", "e1tester.LinearScalerTest:testReflectionClass": "testing class declaration"}}}, "assignment": "E1", "date": "2016-05-15T19:04:15"}, {"origin": "/home/anya/at/uam/submissions/laljeetr/e1", "students": [{"section": "N/A", "student_number": "0999691365", "last": "Laljeet", "first": "Ryan", "student_id": "laljeetr", "email": "ryan.laljeet@mail.utoronto.ca", "source": "N/A"}], "results": {"e1tester.LinearScaleFuncTest": {"failures": {}, "errors": {}, "passes": {"e1tester.LinearScaleFuncTest:testScale": "testing functionality of scale", "e1tester.LinearScaleFuncTest:testReflectionScale": "testing signature of scale", "e1tester.LinearScaleFuncTest:testReflectionClass": "testing class declaration"}}, "e1tester.LinearScalerTest": {"failures": {"e1tester.LinearScalerTest:testGetScaleFunc": {"description": "testing functionality of getScaleFunc", "details": "java.lang.NoSuchMethodError: scaler.LinearScaler.getScaleFunc(II)Lscaler/LinearScaleFunc;\n\tat e1tester.LinearScalerTest.testGetScaleFunc(LinearScalerTest.java:51)\n\tat sun.reflect.NativeMethodAccessorImpl.invoke0(Native Method)\n\tat sun.reflect.NativeMethodAccessorImpl.invoke(NativeMethodAccessorImpl.java:62)\n\tat sun.reflect.DelegatingMethodAccessorImpl.invoke(DelegatingMethodAccessorImpl.java:43)\n\tat java.lang.reflect.Method.invoke(Method.java:498)\n\tat org.junit.runners.model.FrameworkMethod$1.runReflectiveCall(FrameworkMethod.java:50)\n\tat org.junit.internal.runners.model.ReflectiveCallable.run(ReflectiveCallable.java:12)\n\tat org.junit.runners.model.FrameworkMethod.invokeExplosively(FrameworkMethod.java:47)\n\tat org.junit.internal.runners.statements.InvokeMethod.evaluate(InvokeMethod.java:17)\n\tat org.junit.internal.runners.statements.FailOnTimeout$CallableStatement.call(FailOnTimeout.java:298)\n\tat org.junit.internal.runners.statements.FailOnTimeout$CallableStatement.call(FailOnTimeout.java:292)\n\tat java.util.concurrent.FutureTask.run(FutureTask.java:266)\n\tat java.lang.Thread.run(Thread.java:745)\n", "message": "scaler.LinearScaler.getScaleFunc(II)Lscaler/LinearScaleFunc;"}, "e1tester.LinearScalerTest:testReflectionGetScaleFunc": {"description": "testing signature of getScaleFunc", "details": "java.lang.AssertionError: LinearScaler must implement getScaleFunc(int, int).\n\tat org.junit.Assert.fail(Assert.java:88)\n\tat e1tester.LinearScalerTest.testReflectionGetScaleFunc(LinearScalerTest.java:41)\n\tat sun.reflect.NativeMethodAccessorImpl.invoke0(Native Method)\n\tat sun.reflect.NativeMethodAccessorImpl.invoke(NativeMethodAccessorImpl.java:62)\n\tat sun.reflect.DelegatingMethodAccessorImpl.invoke(DelegatingMethodAccessorImpl.java:43)\n\tat java.lang.reflect.Method.invoke(Method.java:498)\n\tat org.junit.runners.model.FrameworkMethod$1.runReflectiveCall(FrameworkMethod.java:50)\n\tat org.junit.internal.runners.model.ReflectiveCallable.run(ReflectiveCallable.java:12)\n\tat org.junit.runners.model.FrameworkMethod.invokeExplosively(FrameworkMethod.java:47)\n\tat org.junit.internal.runners.statements.InvokeMethod.evaluate(InvokeMethod.java:17)\n\tat org.junit.internal.runners.statements.FailOnTimeout$CallableStatement.call(FailOnTimeout.java:298)\n\tat org.junit.internal.runners.statements.FailOnTimeout$CallableStatement.call(FailOnTimeout.java:292)\n\tat java.util.concurrent.FutureTask.run(FutureTask.java:266)\n\tat java.lang.Thread.run(Thread.java:745)\n", "message": "LinearScaler must implement getScaleFunc(int, int)."}}, "errors": {}, "passes": {"e1tester.LinearScalerTest:testReflectionClass": "testing class declaration"}}}, "assignment": "E1", "date": "2016-05-15T19:04:15"}, {"origin": "/home/anya/at/uam/submissions/lamkenny/e1", "students": [{"section": "N/A", "student_number": "0999604094", "last": "Lam", "first": "Kenny", "student_id": "lamkenny", "email": "kenny.lam@mail.utoronto.ca", "source": "N/A"}], "results": {"e1tester.LinearScaleFuncTest": {"failures": {}, "errors": {}, "passes": {"e1tester.LinearScaleFuncTest:testScale": "testing functionality of scale", "e1tester.LinearScaleFuncTest:testReflectionScale": "testing signature of scale", "e1tester.LinearScaleFuncTest:testReflectionClass": "testing class declaration"}}, "e1tester.LinearScalerTest": {"failures": {}, "errors": {}, "passes": {"e1tester.LinearScalerTest:testGetScaleFunc": "testing functionality of getScaleFunc", "e1tester.LinearScalerTest:testReflectionGetScaleFunc": "testing signature of getScaleFunc", "e1tester.LinearScalerTest:testReflectionClass": "testing class declaration"}}}, "assignment": "E1", "date": "2016-05-15T19:04:15"}, {"origin": "/home/anya/at/uam/submissions/leungme2/e1", "students": [{"section": "N/A", "student_number": "0999120017", "last": "Leung", "first": "Melody", "student_id": "leungme2", "email": "melody.leung@mail.utoronto.ca", "source": "N/A"}], "results": {"e1tester.LinearScaleFuncTest": {"failures": {}, "errors": {}, "passes": {"e1tester.LinearScaleFuncTest:testScale": "testing functionality of scale", "e1tester.LinearScaleFuncTest:testReflectionScale": "testing signature of scale", "e1tester.LinearScaleFuncTest:testReflectionClass": "testing class declaration"}}, "e1tester.LinearScalerTest": {"failures": {}, "errors": {}, "passes": {"e1tester.LinearScalerTest:testGetScaleFunc": "testing functionality of getScaleFunc", "e1tester.LinearScalerTest:testReflectionGetScaleFunc": "testing signature of getScaleFunc", "e1tester.LinearScalerTest:testReflectionClass": "testing class declaration"}}}, "assignment": "E1", "date": "2016-05-15T19:04:15"}, {"origin": "/home/anya/at/uam/submissions/lianxin/e1", "students": [], "results": {"e1tester.LinearScaleFuncTest": {"failures": {}, "errors": {}, "passes": {"e1tester.LinearScaleFuncTest:testScale": "testing functionality of scale", "e1tester.LinearScaleFuncTest:testReflectionScale": "testing signature of scale", "e1tester.LinearScaleFuncTest:testReflectionClass": "testing class declaration"}}, "e1tester.LinearScalerTest": {"failures": {}, "errors": {}, "passes": {"e1tester.LinearScalerTest:testGetScaleFunc": "testing functionality of getScaleFunc", "e1tester.LinearScalerTest:testReflectionGetScaleFunc": "testing signature of getScaleFunc", "e1tester.LinearScalerTest:testReflectionClass": "testing class declaration"}}}, "assignment": "E1", "date": "2016-05-15T19:04:15"}, {"origin": "/home/anya/at/uam/submissions/linhong2/e1", "students": [{"section": "N/A", "student_number": "1000003006", "last": "Lin", "first": "Hong", "student_id": "linhong2", "email": "hongyu.lin@mail.utoronto.ca", "source": "N/A"}], "results": {"e1tester.LinearScaleFuncTest": {"failures": {"e1tester.LinearScaleFuncTest:testScale": {"description": "testing functionality of scale", "details": "java.lang.NoClassDefFoundError: scaler/LinearScaleFunc (wrong name: scalar/LinearScaleFunc)\n\tat java.lang.ClassLoader.defineClass1(Native Method)\n\tat java.lang.ClassLoader.defineClass(ClassLoader.java:760)\n\tat java.security.SecureClassLoader.defineClass(SecureClassLoader.java:142)\n\tat java.net.URLClassLoader.defineClass(URLClassLoader.java:467)\n\tat java.net.URLClassLoader.access$100(URLClassLoader.java:73)\n\tat java.net.URLClassLoader$1.run(URLClassLoader.java:368)\n\tat java.net.URLClassLoader$1.run(URLClassLoader.java:362)\n\tat java.security.AccessController.doPrivileged(Native Method)\n\tat java.net.URLClassLoader.findClass(URLClassLoader.java:361)\n\tat java.lang.ClassLoader.loadClass(ClassLoader.java:424)\n\tat sun.misc.Launcher$AppClassLoader.loadClass(Launcher.java:331)\n\tat java.lang.ClassLoader.loadClass(ClassLoader.java:357)\n\tat e1tester.LinearScaleFuncTest.testScale(LinearScaleFuncTest.java:50)\n\tat sun.reflect.NativeMethodAccessorImpl.invoke0(Native Method)\n\tat sun.reflect.NativeMethodAccessorImpl.invoke(NativeMethodAccessorImpl.java:62)\n\tat sun.reflect.DelegatingMethodAccessorImpl.invoke(DelegatingMethodAccessorImpl.java:43)\n\tat java.lang.reflect.Method.invoke(Method.java:498)\n\tat org.junit.runners.model.FrameworkMethod$1.runReflectiveCall(FrameworkMethod.java:50)\n\tat org.junit.internal.runners.model.ReflectiveCallable.run(ReflectiveCallable.java:12)\n\tat org.junit.runners.model.FrameworkMethod.invokeExplosively(FrameworkMethod.java:47)\n\tat org.junit.internal.runners.statements.InvokeMethod.evaluate(InvokeMethod.java:17)\n\tat org.junit.internal.runners.statements.FailOnTimeout$CallableStatement.call(FailOnTimeout.java:298)\n\tat org.junit.internal.runners.statements.FailOnTimeout$CallableStatement.call(FailOnTimeout.java:292)\n\tat java.util.concurrent.FutureTask.run(FutureTask.java:266)\n\tat java.lang.Thread.run(Thread.java:745)\n", "message": "Missing a required class: scaler/LinearScaleFunc (wrong name: scalar/LinearScaleFunc)"}, "e1tester.LinearScaleFuncTest:testReflectionScale": {"description": "testing signature of scale", "details": "java.lang.NoClassDefFoundError: scaler/LinearScaleFunc\n\tat e1tester.LinearScaleFuncTest.testReflectionScale(LinearScaleFuncTest.java:33)\n\tat sun.reflect.NativeMethodAccessorImpl.invoke0(Native Method)\n\tat sun.reflect.NativeMethodAccessorImpl.invoke(NativeMethodAccessorImpl.java:62)\n\tat sun.reflect.DelegatingMethodAccessorImpl.invoke(DelegatingMethodAccessorImpl.java:43)\n\tat java.lang.reflect.Method.invoke(Method.java:498)\n\tat org.junit.runners.model.FrameworkMethod$1.runReflectiveCall(FrameworkMethod.java:50)\n\tat org.junit.internal.runners.model.ReflectiveCallable.run(ReflectiveCallable.java:12)\n\tat org.junit.runners.model.FrameworkMethod.invokeExplosively(FrameworkMethod.java:47)\n\tat org.junit.internal.runners.statements.InvokeMethod.evaluate(InvokeMethod.java:17)\n\tat org.junit.internal.runners.statements.FailOnTimeout$CallableStatement.call(FailOnTimeout.java:298)\n\tat org.junit.internal.runners.statements.FailOnTimeout$CallableStatement.call(FailOnTimeout.java:292)\n\tat java.util.concurrent.FutureTask.run(FutureTask.java:266)\n\tat java.lang.Thread.run(Thread.java:745)\n", "message": "Missing a required class: scaler/LinearScaleFunc"}, "e1tester.LinearScaleFuncTest:testReflectionClass": {"description": "testing class declaration", "details": "java.lang.NoClassDefFoundError: scaler/LinearScaleFunc\n\tat e1tester.LinearScaleFuncTest.testReflectionClass(LinearScaleFuncTest.java:24)\n\tat sun.reflect.NativeMethodAccessorImpl.invoke0(Native Method)\n\tat sun.reflect.NativeMethodAccessorImpl.invoke(NativeMethodAccessorImpl.java:62)\n\tat sun.reflect.DelegatingMethodAccessorImpl.invoke(DelegatingMethodAccessorImpl.java:43)\n\tat java.lang.reflect.Method.invoke(Method.java:498)\n\tat org.junit.runners.model.FrameworkMethod$1.runReflectiveCall(FrameworkMethod.java:50)\n\tat org.junit.internal.runners.model.ReflectiveCallable.run(ReflectiveCallable.java:12)\n\tat org.junit.runners.model.FrameworkMethod.invokeExplosively(FrameworkMethod.java:47)\n\tat org.junit.internal.runners.statements.InvokeMethod.evaluate(InvokeMethod.java:17)\n\tat org.junit.internal.runners.statements.FailOnTimeout$CallableStatement.call(FailOnTimeout.java:298)\n\tat org.junit.internal.runners.statements.FailOnTimeout$CallableStatement.call(FailOnTimeout.java:292)\n\tat java.util.concurrent.FutureTask.run(FutureTask.java:266)\n\tat java.lang.Thread.run(Thread.java:745)\n", "message": "Missing a required class: scaler/LinearScaleFunc"}}, "errors": {}, "passes": {}}, "e1tester.LinearScalerTest": {"failures": {"e1tester.LinearScalerTest:testGetScaleFunc": {"description": "testing functionality of getScaleFunc", "details": "java.lang.NoClassDefFoundError: scaler/LinearScaler\n\tat e1tester.LinearScalerTest.testGetScaleFunc(LinearScalerTest.java:50)\n\tat sun.reflect.NativeMethodAccessorImpl.invoke0(Native Method)\n\tat sun.reflect.NativeMethodAccessorImpl.invoke(NativeMethodAccessorImpl.java:62)\n\tat sun.reflect.DelegatingMethodAccessorImpl.invoke(DelegatingMethodAccessorImpl.java:43)\n\tat java.lang.reflect.Method.invoke(Method.java:498)\n\tat org.junit.runners.model.FrameworkMethod$1.runReflectiveCall(FrameworkMethod.java:50)\n\tat org.junit.internal.runners.model.ReflectiveCallable.run(ReflectiveCallable.java:12)\n\tat org.junit.runners.model.FrameworkMethod.invokeExplosively(FrameworkMethod.java:47)\n\tat org.junit.internal.runners.statements.InvokeMethod.evaluate(InvokeMethod.java:17)\n\tat org.junit.internal.runners.statements.FailOnTimeout$CallableStatement.call(FailOnTimeout.java:298)\n\tat org.junit.internal.runners.statements.FailOnTimeout$CallableStatement.call(FailOnTimeout.java:292)\n\tat java.util.concurrent.FutureTask.run(FutureTask.java:266)\n\tat java.lang.Thread.run(Thread.java:745)\n", "message": "Missing a required class: scaler/LinearScaler"}, "e1tester.LinearScalerTest:testReflectionGetScaleFunc": {"description": "testing signature of getScaleFunc", "details": "java.lang.NoClassDefFoundError: scaler/LinearScaler (wrong name: scalar/LinearScaler)\n\tat java.lang.ClassLoader.defineClass1(Native Method)\n\tat java.lang.ClassLoader.defineClass(ClassLoader.java:760)\n\tat java.security.SecureClassLoader.defineClass(SecureClassLoader.java:142)\n\tat java.net.URLClassLoader.defineClass(URLClassLoader.java:467)\n\tat java.net.URLClassLoader.access$100(URLClassLoader.java:73)\n\tat java.net.URLClassLoader$1.run(URLClassLoader.java:368)\n\tat java.net.URLClassLoader$1.run(URLClassLoader.java:362)\n\tat java.security.AccessController.doPrivileged(Native Method)\n\tat java.net.URLClassLoader.findClass(URLClassLoader.java:361)\n\tat java.lang.ClassLoader.loadClass(ClassLoader.java:424)\n\tat sun.misc.Launcher$AppClassLoader.loadClass(Launcher.java:331)\n\tat java.lang.ClassLoader.loadClass(ClassLoader.java:357)\n\tat e1tester.LinearScalerTest.testReflectionGetScaleFunc(LinearScalerTest.java:31)\n\tat sun.reflect.NativeMethodAccessorImpl.invoke0(Native Method)\n\tat sun.reflect.NativeMethodAccessorImpl.invoke(NativeMethodAccessorImpl.java:62)\n\tat sun.reflect.DelegatingMethodAccessorImpl.invoke(DelegatingMethodAccessorImpl.java:43)\n\tat java.lang.reflect.Method.invoke(Method.java:498)\n\tat org.junit.runners.model.FrameworkMethod$1.runReflectiveCall(FrameworkMethod.java:50)\n\tat org.junit.internal.runners.model.ReflectiveCallable.run(ReflectiveCallable.java:12)\n\tat org.junit.runners.model.FrameworkMethod.invokeExplosively(FrameworkMethod.java:47)\n\tat org.junit.internal.runners.statements.InvokeMethod.evaluate(InvokeMethod.java:17)\n\tat org.junit.internal.runners.statements.FailOnTimeout$CallableStatement.call(FailOnTimeout.java:298)\n\tat org.junit.internal.runners.statements.FailOnTimeout$CallableStatement.call(FailOnTimeout.java:292)\n\tat java.util.concurrent.FutureTask.run(FutureTask.java:266)\n\tat java.lang.Thread.run(Thread.java:745)\n", "message": "Missing a required class: scaler/LinearScaler (wrong name: scalar/LinearScaler)"}, "e1tester.LinearScalerTest:testReflectionClass": {"description": "testing class declaration", "details": "java.lang.NoClassDefFoundError: scaler/LinearScaler\n\tat e1tester.LinearScalerTest.testReflectionClass(LinearScalerTest.java:22)\n\tat sun.reflect.NativeMethodAccessorImpl.invoke0(Native Method)\n\tat sun.reflect.NativeMethodAccessorImpl.invoke(NativeMethodAccessorImpl.java:62)\n\tat sun.reflect.DelegatingMethodAccessorImpl.invoke(DelegatingMethodAccessorImpl.java:43)\n\tat java.lang.reflect.Method.invoke(Method.java:498)\n\tat org.junit.runners.model.FrameworkMethod$1.runReflectiveCall(FrameworkMethod.java:50)\n\tat org.junit.internal.runners.model.ReflectiveCallable.run(ReflectiveCallable.java:12)\n\tat org.junit.runners.model.FrameworkMethod.invokeExplosively(FrameworkMethod.java:47)\n\tat org.junit.internal.runners.statements.InvokeMethod.evaluate(InvokeMethod.java:17)\n\tat org.junit.internal.runners.statements.FailOnTimeout$CallableStatement.call(FailOnTimeout.java:298)\n\tat org.junit.internal.runners.statements.FailOnTimeout$CallableStatement.call(FailOnTimeout.java:292)\n\tat java.util.concurrent.FutureTask.run(FutureTask.java:266)\n\tat java.lang.Thread.run(Thread.java:745)\n", "message": "Missing a required class: scaler/LinearScaler"}}, "errors": {}, "passes": {}}}, "assignment": "E1", "date": "2016-05-15T19:04:15"}, {"origin": "/home/anya/at/uam/submissions/linkaida/e1", "students": [{"section": "N/A", "student_number": "1000787981", "last": "Lin", "first": "Kaida", "student_id": "linkaida", "email": "kaida.lin@mail.utoronto.ca", "source": "N/A"}], "results": {"e1tester.LinearScaleFuncTest": {"failures": {}, "errors": {}, "passes": {"e1tester.LinearScaleFuncTest:testScale": "testing functionality of scale", "e1tester.LinearScaleFuncTest:testReflectionScale": "testing signature of scale", "e1tester.LinearScaleFuncTest:testReflectionClass": "testing class declaration"}}, "e1tester.LinearScalerTest": {"failures": {}, "errors": {}, "passes": {"e1tester.LinearScalerTest:testGetScaleFunc": "testing functionality of getScaleFunc", "e1tester.LinearScalerTest:testReflectionGetScaleFunc": "testing signature of getScaleFunc", "e1tester.LinearScalerTest:testReflectionClass": "testing class declaration"}}}, "assignment": "E1", "date": "2016-05-15T19:04:15"}, {"origin": "/home/anya/at/uam/submissions/liubeiya/e1", "students": [{"section": "N/A", "student_number": "1000625941", "last": "Liu", "first": "Beiyang", "student_id": "liubeiya", "email": "beiyang.liu@mail.utoronto.ca", "source": "N/A"}], "results": {"e1tester.LinearScaleFuncTest": {"failures": {}, "errors": {}, "passes": {"e1tester.LinearScaleFuncTest:testScale": "testing functionality of scale", "e1tester.LinearScaleFuncTest:testReflectionScale": "testing signature of scale", "e1tester.LinearScaleFuncTest:testReflectionClass": "testing class declaration"}}, "e1tester.LinearScalerTest": {"failures": {"e1tester.LinearScalerTest:testGetScaleFunc": {"description": "testing functionality of getScaleFunc", "details": "java.lang.NoSuchMethodError: scaler.LinearScaler.getScaleFunc(II)Lscaler/LinearScaleFunc;\n\tat e1tester.LinearScalerTest.testGetScaleFunc(LinearScalerTest.java:51)\n\tat sun.reflect.NativeMethodAccessorImpl.invoke0(Native Method)\n\tat sun.reflect.NativeMethodAccessorImpl.invoke(NativeMethodAccessorImpl.java:62)\n\tat sun.reflect.DelegatingMethodAccessorImpl.invoke(DelegatingMethodAccessorImpl.java:43)\n\tat java.lang.reflect.Method.invoke(Method.java:498)\n\tat org.junit.runners.model.FrameworkMethod$1.runReflectiveCall(FrameworkMethod.java:50)\n\tat org.junit.internal.runners.model.ReflectiveCallable.run(ReflectiveCallable.java:12)\n\tat org.junit.runners.model.FrameworkMethod.invokeExplosively(FrameworkMethod.java:47)\n\tat org.junit.internal.runners.statements.InvokeMethod.evaluate(InvokeMethod.java:17)\n\tat org.junit.internal.runners.statements.FailOnTimeout$CallableStatement.call(FailOnTimeout.java:298)\n\tat org.junit.internal.runners.statements.FailOnTimeout$CallableStatement.call(FailOnTimeout.java:292)\n\tat java.util.concurrent.FutureTask.run(FutureTask.java:266)\n\tat java.lang.Thread.run(Thread.java:745)\n", "message": "scaler.LinearScaler.getScaleFunc(II)Lscaler/LinearScaleFunc;"}, "e1tester.LinearScalerTest:testReflectionGetScaleFunc": {"description": "testing signature of getScaleFunc", "details": "java.lang.AssertionError: LinearScaler must implement getScaleFunc(int, int).\n\tat org.junit.Assert.fail(Assert.java:88)\n\tat e1tester.LinearScalerTest.testReflectionGetScaleFunc(LinearScalerTest.java:41)\n\tat sun.reflect.NativeMethodAccessorImpl.invoke0(Native Method)\n\tat sun.reflect.NativeMethodAccessorImpl.invoke(NativeMethodAccessorImpl.java:62)\n\tat sun.reflect.DelegatingMethodAccessorImpl.invoke(DelegatingMethodAccessorImpl.java:43)\n\tat java.lang.reflect.Method.invoke(Method.java:498)\n\tat org.junit.runners.model.FrameworkMethod$1.runReflectiveCall(FrameworkMethod.java:50)\n\tat org.junit.internal.runners.model.ReflectiveCallable.run(ReflectiveCallable.java:12)\n\tat org.junit.runners.model.FrameworkMethod.invokeExplosively(FrameworkMethod.java:47)\n\tat org.junit.internal.runners.statements.InvokeMethod.evaluate(InvokeMethod.java:17)\n\tat org.junit.internal.runners.statements.FailOnTimeout$CallableStatement.call(FailOnTimeout.java:298)\n\tat org.junit.internal.runners.statements.FailOnTimeout$CallableStatement.call(FailOnTimeout.java:292)\n\tat java.util.concurrent.FutureTask.run(FutureTask.java:266)\n\tat java.lang.Thread.run(Thread.java:745)\n", "message": "LinearScaler must implement getScaleFunc(int, int)."}}, "errors": {}, "passes": {"e1tester.LinearScalerTest:testReflectionClass": "testing class declaration"}}}, "assignment": "E1", "date": "2016-05-15T19:04:15"}, {"origin": "/home/anya/at/uam/submissions/liushixi/e1", "students": [{"section": "N/A", "student_number": "1000655294", "last": "Liu", "first": "Shixian", "student_id": "liushixi", "email": "shixian.liu@mail.utoronto.ca", "source": "N/A"}], "results": {"e1tester.LinearScaleFuncTest": {"failures": {}, "errors": {}, "passes": {"e1tester.LinearScaleFuncTest:testScale": "testing functionality of scale", "e1tester.LinearScaleFuncTest:testReflectionScale": "testing signature of scale", "e1tester.LinearScaleFuncTest:testReflectionClass": "testing class declaration"}}, "e1tester.LinearScalerTest": {"failures": {}, "errors": {}, "passes": {"e1tester.LinearScalerTest:testGetScaleFunc": "testing functionality of getScaleFunc", "e1tester.LinearScalerTest:testReflectionGetScaleFunc": "testing signature of getScaleFunc", "e1tester.LinearScalerTest:testReflectionClass": "testing class declaration"}}}, "assignment": "E1", "date": "2016-05-15T19:04:15"}, {"origin": "/home/anya/at/uam/submissions/lixiao37/e1", "students": [{"section": "N/A", "student_number": "1000627869", "last": "Li", "first": "Xiao", "student_id": "lixiao37", "email": "stevenx.li@mail.utoronto.ca", "source": "N/A"}], "results": {"e1tester.LinearScaleFuncTest": {"failures": {}, "errors": {}, "passes": {"e1tester.LinearScaleFuncTest:testScale": "testing functionality of scale", "e1tester.LinearScaleFuncTest:testReflectionScale": "testing signature of scale", "e1tester.LinearScaleFuncTest:testReflectionClass": "testing class declaration"}}, "e1tester.LinearScalerTest": {"failures": {}, "errors": {}, "passes": {"e1tester.LinearScalerTest:testGetScaleFunc": "testing functionality of getScaleFunc", "e1tester.LinearScalerTest:testReflectionGetScaleFunc": "testing signature of getScaleFunc", "e1tester.LinearScalerTest:testReflectionClass": "testing class declaration"}}}, "assignment": "E1", "date": "2016-05-15T19:04:15"}, {"origin": "/home/anya/at/uam/submissions/lumengzh/e1", "students": [{"section": "N/A", "student_number": "0999568659", "last": "Lu", "first": "Mengzhe", "student_id": "lumengzh", "email": "mengzhe.lu@mail.utoronto.ca", "source": "N/A"}], "results": {"e1tester.LinearScaleFuncTest": {"failures": {}, "errors": {}, "passes": {"e1tester.LinearScaleFuncTest:testScale": "testing functionality of scale", "e1tester.LinearScaleFuncTest:testReflectionScale": "testing signature of scale", "e1tester.LinearScaleFuncTest:testReflectionClass": "testing class declaration"}}, "e1tester.LinearScalerTest": {"failures": {}, "errors": {}, "passes": {"e1tester.LinearScalerTest:testGetScaleFunc": "testing functionality of getScaleFunc", "e1tester.LinearScalerTest:testReflectionGetScaleFunc": "testing signature of getScaleFunc", "e1tester.LinearScalerTest:testReflectionClass": "testing class declaration"}}}, "assignment": "E1", "date": "2016-05-15T19:04:15"}, {"origin": "/home/anya/at/uam/submissions/luojia3/e1", "students": [{"section": "N/A", "student_number": "0998915759", "last": "Luo", "first": "Jia", "student_id": "luojia3", "email": "richardrl.luo@mail.utoronto.ca", "source": "N/A"}], "results": {"e1tester.LinearScaleFuncTest": {"failures": {}, "errors": {}, "passes": {"e1tester.LinearScaleFuncTest:testScale": "testing functionality of scale", "e1tester.LinearScaleFuncTest:testReflectionScale": "testing signature of scale", "e1tester.LinearScaleFuncTest:testReflectionClass": "testing class declaration"}}, "e1tester.LinearScalerTest": {"failures": {}, "errors": {}, "passes": {"e1tester.LinearScalerTest:testGetScaleFunc": "testing functionality of getScaleFunc", "e1tester.LinearScalerTest:testReflectionGetScaleFunc": "testing signature of getScaleFunc", "e1tester.LinearScalerTest:testReflectionClass": "testing class declaration"}}}, "assignment": "E1", "date": "2016-05-15T19:04:15"}, {"origin": "/home/anya/at/uam/submissions/mathurr5/e1", "students": [{"section": "N/A", "student_number": "1000541005", "last": "Mathur", "first": "Raunak", "student_id": "mathurr5", "email": "raunak.mathur@mail.utoronto.ca", "source": "N/A"}], "results": {"e1tester.LinearScaleFuncTest": {"failures": {}, "errors": {}, "passes": {"e1tester.LinearScaleFuncTest:testScale": "testing functionality of scale", "e1tester.LinearScaleFuncTest:testReflectionScale": "testing signature of scale", "e1tester.LinearScaleFuncTest:testReflectionClass": "testing class declaration"}}, "e1tester.LinearScalerTest": {"failures": {}, "errors": {}, "passes": {"e1tester.LinearScalerTest:testGetScaleFunc": "testing functionality of getScaleFunc", "e1tester.LinearScalerTest:testReflectionGetScaleFunc": "testing signature of getScaleFunc", "e1tester.LinearScalerTest:testReflectionClass": "testing class declaration"}}}, "assignment": "E1", "date": "2016-05-15T19:04:15"}, {"origin": "/home/anya/at/uam/submissions/matthe90/e1", "students": [{"section": "N/A", "student_number": "0998910497", "last": "Matthew", "first": "Sean", "student_id": "matthe90", "email": "sean.matthew@mail.utoronto.ca", "source": "N/A"}], "results": {"e1tester.LinearScaleFuncTest": {"failures": {"e1tester.LinearScaleFuncTest:testScale": {"description": "testing functionality of scale", "details": "java.lang.NoClassDefFoundError: scaler/LinearScaleFunc (wrong name: scalar/LinearScaleFunc)\n\tat java.lang.ClassLoader.defineClass1(Native Method)\n\tat java.lang.ClassLoader.defineClass(ClassLoader.java:760)\n\tat java.security.SecureClassLoader.defineClass(SecureClassLoader.java:142)\n\tat java.net.URLClassLoader.defineClass(URLClassLoader.java:467)\n\tat java.net.URLClassLoader.access$100(URLClassLoader.java:73)\n\tat java.net.URLClassLoader$1.run(URLClassLoader.java:368)\n\tat java.net.URLClassLoader$1.run(URLClassLoader.java:362)\n\tat java.security.AccessController.doPrivileged(Native Method)\n\tat java.net.URLClassLoader.findClass(URLClassLoader.java:361)\n\tat java.lang.ClassLoader.loadClass(ClassLoader.java:424)\n\tat sun.misc.Launcher$AppClassLoader.loadClass(Launcher.java:331)\n\tat java.lang.ClassLoader.loadClass(ClassLoader.java:357)\n\tat e1tester.LinearScaleFuncTest.testScale(LinearScaleFuncTest.java:50)\n\tat sun.reflect.NativeMethodAccessorImpl.invoke0(Native Method)\n\tat sun.reflect.NativeMethodAccessorImpl.invoke(NativeMethodAccessorImpl.java:62)\n\tat sun.reflect.DelegatingMethodAccessorImpl.invoke(DelegatingMethodAccessorImpl.java:43)\n\tat java.lang.reflect.Method.invoke(Method.java:498)\n\tat org.junit.runners.model.FrameworkMethod$1.runReflectiveCall(FrameworkMethod.java:50)\n\tat org.junit.internal.runners.model.ReflectiveCallable.run(ReflectiveCallable.java:12)\n\tat org.junit.runners.model.FrameworkMethod.invokeExplosively(FrameworkMethod.java:47)\n\tat org.junit.internal.runners.statements.InvokeMethod.evaluate(InvokeMethod.java:17)\n\tat org.junit.internal.runners.statements.FailOnTimeout$CallableStatement.call(FailOnTimeout.java:298)\n\tat org.junit.internal.runners.statements.FailOnTimeout$CallableStatement.call(FailOnTimeout.java:292)\n\tat java.util.concurrent.FutureTask.run(FutureTask.java:266)\n\tat java.lang.Thread.run(Thread.java:745)\n", "message": "Missing a required class: scaler/LinearScaleFunc (wrong name: scalar/LinearScaleFunc)"}, "e1tester.LinearScaleFuncTest:testReflectionScale": {"description": "testing signature of scale", "details": "java.lang.NoClassDefFoundError: scaler/LinearScaleFunc\n\tat e1tester.LinearScaleFuncTest.testReflectionScale(LinearScaleFuncTest.java:33)\n\tat sun.reflect.NativeMethodAccessorImpl.invoke0(Native Method)\n\tat sun.reflect.NativeMethodAccessorImpl.invoke(NativeMethodAccessorImpl.java:62)\n\tat sun.reflect.DelegatingMethodAccessorImpl.invoke(DelegatingMethodAccessorImpl.java:43)\n\tat java.lang.reflect.Method.invoke(Method.java:498)\n\tat org.junit.runners.model.FrameworkMethod$1.runReflectiveCall(FrameworkMethod.java:50)\n\tat org.junit.internal.runners.model.ReflectiveCallable.run(ReflectiveCallable.java:12)\n\tat org.junit.runners.model.FrameworkMethod.invokeExplosively(FrameworkMethod.java:47)\n\tat org.junit.internal.runners.statements.InvokeMethod.evaluate(InvokeMethod.java:17)\n\tat org.junit.internal.runners.statements.FailOnTimeout$CallableStatement.call(FailOnTimeout.java:298)\n\tat org.junit.internal.runners.statements.FailOnTimeout$CallableStatement.call(FailOnTimeout.java:292)\n\tat java.util.concurrent.FutureTask.run(FutureTask.java:266)\n\tat java.lang.Thread.run(Thread.java:745)\n", "message": "Missing a required class: scaler/LinearScaleFunc"}, "e1tester.LinearScaleFuncTest:testReflectionClass": {"description": "testing class declaration", "details": "java.lang.NoClassDefFoundError: scaler/LinearScaleFunc\n\tat e1tester.LinearScaleFuncTest.testReflectionClass(LinearScaleFuncTest.java:24)\n\tat sun.reflect.NativeMethodAccessorImpl.invoke0(Native Method)\n\tat sun.reflect.NativeMethodAccessorImpl.invoke(NativeMethodAccessorImpl.java:62)\n\tat sun.reflect.DelegatingMethodAccessorImpl.invoke(DelegatingMethodAccessorImpl.java:43)\n\tat java.lang.reflect.Method.invoke(Method.java:498)\n\tat org.junit.runners.model.FrameworkMethod$1.runReflectiveCall(FrameworkMethod.java:50)\n\tat org.junit.internal.runners.model.ReflectiveCallable.run(ReflectiveCallable.java:12)\n\tat org.junit.runners.model.FrameworkMethod.invokeExplosively(FrameworkMethod.java:47)\n\tat org.junit.internal.runners.statements.InvokeMethod.evaluate(InvokeMethod.java:17)\n\tat org.junit.internal.runners.statements.FailOnTimeout$CallableStatement.call(FailOnTimeout.java:298)\n\tat org.junit.internal.runners.statements.FailOnTimeout$CallableStatement.call(FailOnTimeout.java:292)\n\tat java.util.concurrent.FutureTask.run(FutureTask.java:266)\n\tat java.lang.Thread.run(Thread.java:745)\n", "message": "Missing a required class: scaler/LinearScaleFunc"}}, "errors": {}, "passes": {}}, "e1tester.LinearScalerTest": {"failures": {"e1tester.LinearScalerTest:testGetScaleFunc": {"description": "testing functionality of getScaleFunc", "details": "java.lang.NoClassDefFoundError: scaler/LinearScaler\n\tat e1tester.LinearScalerTest.testGetScaleFunc(LinearScalerTest.java:50)\n\tat sun.reflect.NativeMethodAccessorImpl.invoke0(Native Method)\n\tat sun.reflect.NativeMethodAccessorImpl.invoke(NativeMethodAccessorImpl.java:62)\n\tat sun.reflect.DelegatingMethodAccessorImpl.invoke(DelegatingMethodAccessorImpl.java:43)\n\tat java.lang.reflect.Method.invoke(Method.java:498)\n\tat org.junit.runners.model.FrameworkMethod$1.runReflectiveCall(FrameworkMethod.java:50)\n\tat org.junit.internal.runners.model.ReflectiveCallable.run(ReflectiveCallable.java:12)\n\tat org.junit.runners.model.FrameworkMethod.invokeExplosively(FrameworkMethod.java:47)\n\tat org.junit.internal.runners.statements.InvokeMethod.evaluate(InvokeMethod.java:17)\n\tat org.junit.internal.runners.statements.FailOnTimeout$CallableStatement.call(FailOnTimeout.java:298)\n\tat org.junit.internal.runners.statements.FailOnTimeout$CallableStatement.call(FailOnTimeout.java:292)\n\tat java.util.concurrent.FutureTask.run(FutureTask.java:266)\n\tat java.lang.Thread.run(Thread.java:745)\n", "message": "Missing a required class: scaler/LinearScaler"}, "e1tester.LinearScalerTest:testReflectionGetScaleFunc": {"description": "testing signature of getScaleFunc", "details": "java.lang.NoClassDefFoundError: scaler/LinearScaler (wrong name: scalar/LinearScaler)\n\tat java.lang.ClassLoader.defineClass1(Native Method)\n\tat java.lang.ClassLoader.defineClass(ClassLoader.java:760)\n\tat java.security.SecureClassLoader.defineClass(SecureClassLoader.java:142)\n\tat java.net.URLClassLoader.defineClass(URLClassLoader.java:467)\n\tat java.net.URLClassLoader.access$100(URLClassLoader.java:73)\n\tat java.net.URLClassLoader$1.run(URLClassLoader.java:368)\n\tat java.net.URLClassLoader$1.run(URLClassLoader.java:362)\n\tat java.security.AccessController.doPrivileged(Native Method)\n\tat java.net.URLClassLoader.findClass(URLClassLoader.java:361)\n\tat java.lang.ClassLoader.loadClass(ClassLoader.java:424)\n\tat sun.misc.Launcher$AppClassLoader.loadClass(Launcher.java:331)\n\tat java.lang.ClassLoader.loadClass(ClassLoader.java:357)\n\tat e1tester.LinearScalerTest.testReflectionGetScaleFunc(LinearScalerTest.java:31)\n\tat sun.reflect.NativeMethodAccessorImpl.invoke0(Native Method)\n\tat sun.reflect.NativeMethodAccessorImpl.invoke(NativeMethodAccessorImpl.java:62)\n\tat sun.reflect.DelegatingMethodAccessorImpl.invoke(DelegatingMethodAccessorImpl.java:43)\n\tat java.lang.reflect.Method.invoke(Method.java:498)\n\tat org.junit.runners.model.FrameworkMethod$1.runReflectiveCall(FrameworkMethod.java:50)\n\tat org.junit.internal.runners.model.ReflectiveCallable.run(ReflectiveCallable.java:12)\n\tat org.junit.runners.model.FrameworkMethod.invokeExplosively(FrameworkMethod.java:47)\n\tat org.junit.internal.runners.statements.InvokeMethod.evaluate(InvokeMethod.java:17)\n\tat org.junit.internal.runners.statements.FailOnTimeout$CallableStatement.call(FailOnTimeout.java:298)\n\tat org.junit.internal.runners.statements.FailOnTimeout$CallableStatement.call(FailOnTimeout.java:292)\n\tat java.util.concurrent.FutureTask.run(FutureTask.java:266)\n\tat java.lang.Thread.run(Thread.java:745)\n", "message": "Missing a required class: scaler/LinearScaler (wrong name: scalar/LinearScaler)"}, "e1tester.LinearScalerTest:testReflectionClass": {"description": "testing class declaration", "details": "java.lang.NoClassDefFoundError: scaler/LinearScaler\n\tat e1tester.LinearScalerTest.testReflectionClass(LinearScalerTest.java:22)\n\tat sun.reflect.NativeMethodAccessorImpl.invoke0(Native Method)\n\tat sun.reflect.NativeMethodAccessorImpl.invoke(NativeMethodAccessorImpl.java:62)\n\tat sun.reflect.DelegatingMethodAccessorImpl.invoke(DelegatingMethodAccessorImpl.java:43)\n\tat java.lang.reflect.Method.invoke(Method.java:498)\n\tat org.junit.runners.model.FrameworkMethod$1.runReflectiveCall(FrameworkMethod.java:50)\n\tat org.junit.internal.runners.model.ReflectiveCallable.run(ReflectiveCallable.java:12)\n\tat org.junit.runners.model.FrameworkMethod.invokeExplosively(FrameworkMethod.java:47)\n\tat org.junit.internal.runners.statements.InvokeMethod.evaluate(InvokeMethod.java:17)\n\tat org.junit.internal.runners.statements.FailOnTimeout$CallableStatement.call(FailOnTimeout.java:298)\n\tat org.junit.internal.runners.statements.FailOnTimeout$CallableStatement.call(FailOnTimeout.java:292)\n\tat java.util.concurrent.FutureTask.run(FutureTask.java:266)\n\tat java.lang.Thread.run(Thread.java:745)\n", "message": "Missing a required class: scaler/LinearScaler"}}, "errors": {}, "passes": {}}}, "assignment": "E1", "date": "2016-05-15T19:04:15"}, {"assignment": "E1", "students": [{"section": "N/A", "student_number": "0999976557", "last": "Moreno Franco", "first": "Andres", "student_id": "morenof1", "email": "andres.morenofranco@mail.utoronto.ca", "source": "N/A"}], "results": {"e1tester.LinearScaleFuncTest": {"failures": {}, "errors": {}, "passes": {"e1tester.LinearScaleFuncTest:testScale": "testing functionality of scale", "e1tester.LinearScaleFuncTest:testReflectionScale": "testing signature of scale", "e1tester.LinearScaleFuncTest:testReflectionClass": "testing class declaration"}}, "e1tester.LinearScalerTest": {"failures": {}, "errors": {}, "passes": {"e1tester.LinearScalerTest:testGetScaleFunc": "testing functionality of getScaleFunc", "e1tester.LinearScalerTest:testReflectionGetScaleFunc": "testing signature of getScaleFunc", "e1tester.LinearScalerTest:testReflectionClass": "testing class declaration"}}}, "origin": "/home/anya/at/uam/submissions/morenof1/e1", "date": "2016-05-15T19:04:15"}, {"origin": "/home/anya/at/uam/submissions/nguye956/e1", "students": [{"section": "N/A", "student_number": "1000659833", "last": "Nguyen", "first": "Vicky", "student_id": "nguye956", "email": "vickyy.nguyen@mail.utoronto.ca", "source": "N/A"}], "results": {"e1tester.LinearScaleFuncTest": {"failures": {}, "errors": {}, "passes": {"e1tester.LinearScaleFuncTest:testScale": "testing functionality of scale", "e1tester.LinearScaleFuncTest:testReflectionScale": "testing signature of scale", "e1tester.LinearScaleFuncTest:testReflectionClass": "testing class declaration"}}, "e1tester.LinearScalerTest": {"failures": {}, "errors": {}, "passes": {"e1tester.LinearScalerTest:testGetScaleFunc": "testing functionality of getScaleFunc", "e1tester.LinearScalerTest:testReflectionGetScaleFunc": "testing signature of getScaleFunc", "e1tester.LinearScalerTest:testReflectionClass": "testing class declaration"}}}, "assignment": "E1", "date": "2016-05-15T19:04:15"}, {"origin": "/home/anya/at/uam/submissions/nisakar1/e1", "students": [{"section": "N/A", "student_number": "0999800050", "last": "Nisakaran", "first": "Saiharan", "student_id": "nisakar1", "email": "haran.nisakaran@mail.utoronto.ca", "source": "N/A"}], "results": {"e1tester.LinearScaleFuncTest": {"failures": {}, "errors": {}, "passes": {"e1tester.LinearScaleFuncTest:testScale": "testing functionality of scale", "e1tester.LinearScaleFuncTest:testReflectionScale": "testing signature of scale", "e1tester.LinearScaleFuncTest:testReflectionClass": "testing class declaration"}}, "e1tester.LinearScalerTest": {"failures": {}, "errors": {}, "passes": {"e1tester.LinearScalerTest:testGetScaleFunc": "testing functionality of getScaleFunc", "e1tester.LinearScalerTest:testReflectionGetScaleFunc": "testing signature of getScaleFunc", "e1tester.LinearScalerTest:testReflectionClass": "testing class declaration"}}}, "assignment": "E1", "date": "2016-05-15T19:04:15"}, {"origin": "/home/anya/at/uam/submissions/ouviola/e1", "students": [{"section": "N/A", "student_number": "1000627262", "last": "Ou", "first": "Viola", "student_id": "ouviola", "email": "viola.ou@utoronto.ca", "source": "N/A"}], "results": {"e1tester.LinearScaleFuncTest": {"failures": {"e1tester.LinearScaleFuncTest:testScale": {"description": "testing functionality of scale", "details": "java.lang.NoClassDefFoundError: scaler/LinearScaleFunc (wrong name: LinearScaler/LinearScaleFunc)\n\tat java.lang.ClassLoader.defineClass1(Native Method)\n\tat java.lang.ClassLoader.defineClass(ClassLoader.java:760)\n\tat java.security.SecureClassLoader.defineClass(SecureClassLoader.java:142)\n\tat java.net.URLClassLoader.defineClass(URLClassLoader.java:467)\n\tat java.net.URLClassLoader.access$100(URLClassLoader.java:73)\n\tat java.net.URLClassLoader$1.run(URLClassLoader.java:368)\n\tat java.net.URLClassLoader$1.run(URLClassLoader.java:362)\n\tat java.security.AccessController.doPrivileged(Native Method)\n\tat java.net.URLClassLoader.findClass(URLClassLoader.java:361)\n\tat java.lang.ClassLoader.loadClass(ClassLoader.java:424)\n\tat sun.misc.Launcher$AppClassLoader.loadClass(Launcher.java:331)\n\tat java.lang.ClassLoader.loadClass(ClassLoader.java:357)\n\tat e1tester.LinearScaleFuncTest.testScale(LinearScaleFuncTest.java:50)\n\tat sun.reflect.NativeMethodAccessorImpl.invoke0(Native Method)\n\tat sun.reflect.NativeMethodAccessorImpl.invoke(NativeMethodAccessorImpl.java:62)\n\tat sun.reflect.DelegatingMethodAccessorImpl.invoke(DelegatingMethodAccessorImpl.java:43)\n\tat java.lang.reflect.Method.invoke(Method.java:498)\n\tat org.junit.runners.model.FrameworkMethod$1.runReflectiveCall(FrameworkMethod.java:50)\n\tat org.junit.internal.runners.model.ReflectiveCallable.run(ReflectiveCallable.java:12)\n\tat org.junit.runners.model.FrameworkMethod.invokeExplosively(FrameworkMethod.java:47)\n\tat org.junit.internal.runners.statements.InvokeMethod.evaluate(InvokeMethod.java:17)\n\tat org.junit.internal.runners.statements.FailOnTimeout$CallableStatement.call(FailOnTimeout.java:298)\n\tat org.junit.internal.runners.statements.FailOnTimeout$CallableStatement.call(FailOnTimeout.java:292)\n\tat java.util.concurrent.FutureTask.run(FutureTask.java:266)\n\tat java.lang.Thread.run(Thread.java:745)\n", "message": "Missing a required class: scaler/LinearScaleFunc (wrong name: LinearScaler/LinearScaleFunc)"}, "e1tester.LinearScaleFuncTest:testReflectionScale": {"description": "testing signature of scale", "details": "java.lang.NoClassDefFoundError: scaler/LinearScaleFunc\n\tat e1tester.LinearScaleFuncTest.testReflectionScale(LinearScaleFuncTest.java:33)\n\tat sun.reflect.NativeMethodAccessorImpl.invoke0(Native Method)\n\tat sun.reflect.NativeMethodAccessorImpl.invoke(NativeMethodAccessorImpl.java:62)\n\tat sun.reflect.DelegatingMethodAccessorImpl.invoke(DelegatingMethodAccessorImpl.java:43)\n\tat java.lang.reflect.Method.invoke(Method.java:498)\n\tat org.junit.runners.model.FrameworkMethod$1.runReflectiveCall(FrameworkMethod.java:50)\n\tat org.junit.internal.runners.model.ReflectiveCallable.run(ReflectiveCallable.java:12)\n\tat org.junit.runners.model.FrameworkMethod.invokeExplosively(FrameworkMethod.java:47)\n\tat org.junit.internal.runners.statements.InvokeMethod.evaluate(InvokeMethod.java:17)\n\tat org.junit.internal.runners.statements.FailOnTimeout$CallableStatement.call(FailOnTimeout.java:298)\n\tat org.junit.internal.runners.statements.FailOnTimeout$CallableStatement.call(FailOnTimeout.java:292)\n\tat java.util.concurrent.FutureTask.run(FutureTask.java:266)\n\tat java.lang.Thread.run(Thread.java:745)\n", "message": "Missing a required class: scaler/LinearScaleFunc"}, "e1tester.LinearScaleFuncTest:testReflectionClass": {"description": "testing class declaration", "details": "java.lang.NoClassDefFoundError: scaler/LinearScaleFunc\n\tat e1tester.LinearScaleFuncTest.testReflectionClass(LinearScaleFuncTest.java:24)\n\tat sun.reflect.NativeMethodAccessorImpl.invoke0(Native Method)\n\tat sun.reflect.NativeMethodAccessorImpl.invoke(NativeMethodAccessorImpl.java:62)\n\tat sun.reflect.DelegatingMethodAccessorImpl.invoke(DelegatingMethodAccessorImpl.java:43)\n\tat java.lang.reflect.Method.invoke(Method.java:498)\n\tat org.junit.runners.model.FrameworkMethod$1.runReflectiveCall(FrameworkMethod.java:50)\n\tat org.junit.internal.runners.model.ReflectiveCallable.run(ReflectiveCallable.java:12)\n\tat org.junit.runners.model.FrameworkMethod.invokeExplosively(FrameworkMethod.java:47)\n\tat org.junit.internal.runners.statements.InvokeMethod.evaluate(InvokeMethod.java:17)\n\tat org.junit.internal.runners.statements.FailOnTimeout$CallableStatement.call(FailOnTimeout.java:298)\n\tat org.junit.internal.runners.statements.FailOnTimeout$CallableStatement.call(FailOnTimeout.java:292)\n\tat java.util.concurrent.FutureTask.run(FutureTask.java:266)\n\tat java.lang.Thread.run(Thread.java:745)\n", "message": "Missing a required class: scaler/LinearScaleFunc"}}, "errors": {}, "passes": {}}, "e1tester.LinearScalerTest": {"failures": {"e1tester.LinearScalerTest:testGetScaleFunc": {"description": "testing functionality of getScaleFunc", "details": "java.lang.NoClassDefFoundError: scaler/LinearScaler\n\tat e1tester.LinearScalerTest.testGetScaleFunc(LinearScalerTest.java:50)\n\tat sun.reflect.NativeMethodAccessorImpl.invoke0(Native Method)\n\tat sun.reflect.NativeMethodAccessorImpl.invoke(NativeMethodAccessorImpl.java:62)\n\tat sun.reflect.DelegatingMethodAccessorImpl.invoke(DelegatingMethodAccessorImpl.java:43)\n\tat java.lang.reflect.Method.invoke(Method.java:498)\n\tat org.junit.runners.model.FrameworkMethod$1.runReflectiveCall(FrameworkMethod.java:50)\n\tat org.junit.internal.runners.model.ReflectiveCallable.run(ReflectiveCallable.java:12)\n\tat org.junit.runners.model.FrameworkMethod.invokeExplosively(FrameworkMethod.java:47)\n\tat org.junit.internal.runners.statements.InvokeMethod.evaluate(InvokeMethod.java:17)\n\tat org.junit.internal.runners.statements.FailOnTimeout$CallableStatement.call(FailOnTimeout.java:298)\n\tat org.junit.internal.runners.statements.FailOnTimeout$CallableStatement.call(FailOnTimeout.java:292)\n\tat java.util.concurrent.FutureTask.run(FutureTask.java:266)\n\tat java.lang.Thread.run(Thread.java:745)\n", "message": "Missing a required class: scaler/LinearScaler"}, "e1tester.LinearScalerTest:testReflectionGetScaleFunc": {"description": "testing signature of getScaleFunc", "details": "java.lang.NoClassDefFoundError: scaler/LinearScaler (wrong name: LinearScaler/LinearScaler)\n\tat java.lang.ClassLoader.defineClass1(Native Method)\n\tat java.lang.ClassLoader.defineClass(ClassLoader.java:760)\n\tat java.security.SecureClassLoader.defineClass(SecureClassLoader.java:142)\n\tat java.net.URLClassLoader.defineClass(URLClassLoader.java:467)\n\tat java.net.URLClassLoader.access$100(URLClassLoader.java:73)\n\tat java.net.URLClassLoader$1.run(URLClassLoader.java:368)\n\tat java.net.URLClassLoader$1.run(URLClassLoader.java:362)\n\tat java.security.AccessController.doPrivileged(Native Method)\n\tat java.net.URLClassLoader.findClass(URLClassLoader.java:361)\n\tat java.lang.ClassLoader.loadClass(ClassLoader.java:424)\n\tat sun.misc.Launcher$AppClassLoader.loadClass(Launcher.java:331)\n\tat java.lang.ClassLoader.loadClass(ClassLoader.java:357)\n\tat e1tester.LinearScalerTest.testReflectionGetScaleFunc(LinearScalerTest.java:31)\n\tat sun.reflect.NativeMethodAccessorImpl.invoke0(Native Method)\n\tat sun.reflect.NativeMethodAccessorImpl.invoke(NativeMethodAccessorImpl.java:62)\n\tat sun.reflect.DelegatingMethodAccessorImpl.invoke(DelegatingMethodAccessorImpl.java:43)\n\tat java.lang.reflect.Method.invoke(Method.java:498)\n\tat org.junit.runners.model.FrameworkMethod$1.runReflectiveCall(FrameworkMethod.java:50)\n\tat org.junit.internal.runners.model.ReflectiveCallable.run(ReflectiveCallable.java:12)\n\tat org.junit.runners.model.FrameworkMethod.invokeExplosively(FrameworkMethod.java:47)\n\tat org.junit.internal.runners.statements.InvokeMethod.evaluate(InvokeMethod.java:17)\n\tat org.junit.internal.runners.statements.FailOnTimeout$CallableStatement.call(FailOnTimeout.java:298)\n\tat org.junit.internal.runners.statements.FailOnTimeout$CallableStatement.call(FailOnTimeout.java:292)\n\tat java.util.concurrent.FutureTask.run(FutureTask.java:266)\n\tat java.lang.Thread.run(Thread.java:745)\n", "message": "Missing a required class: scaler/LinearScaler (wrong name: LinearScaler/LinearScaler)"}, "e1tester.LinearScalerTest:testReflectionClass": {"description": "testing class declaration", "details": "java.lang.NoClassDefFoundError: scaler/LinearScaler\n\tat e1tester.LinearScalerTest.testReflectionClass(LinearScalerTest.java:22)\n\tat sun.reflect.NativeMethodAccessorImpl.invoke0(Native Method)\n\tat sun.reflect.NativeMethodAccessorImpl.invoke(NativeMethodAccessorImpl.java:62)\n\tat sun.reflect.DelegatingMethodAccessorImpl.invoke(DelegatingMethodAccessorImpl.java:43)\n\tat java.lang.reflect.Method.invoke(Method.java:498)\n\tat org.junit.runners.model.FrameworkMethod$1.runReflectiveCall(FrameworkMethod.java:50)\n\tat org.junit.internal.runners.model.ReflectiveCallable.run(ReflectiveCallable.java:12)\n\tat org.junit.runners.model.FrameworkMethod.invokeExplosively(FrameworkMethod.java:47)\n\tat org.junit.internal.runners.statements.InvokeMethod.evaluate(InvokeMethod.java:17)\n\tat org.junit.internal.runners.statements.FailOnTimeout$CallableStatement.call(FailOnTimeout.java:298)\n\tat org.junit.internal.runners.statements.FailOnTimeout$CallableStatement.call(FailOnTimeout.java:292)\n\tat java.util.concurrent.FutureTask.run(FutureTask.java:266)\n\tat java.lang.Thread.run(Thread.java:745)\n", "message": "Missing a required class: scaler/LinearScaler"}}, "errors": {}, "passes": {}}}, "assignment": "E1", "date": "2016-05-15T19:04:15"}, {"origin": "/home/anya/at/uam/submissions/ozcelik1/e1", "students": [{"section": "N/A", "student_number": "0999809097", "last": "Ozcelik", "first": "Ekin", "student_id": "ozcelik1", "email": "ekin.ozcelik@mail.utoronto.ca", "source": "N/A"}], "results": {"e1tester.LinearScaleFuncTest": {"failures": {}, "errors": {}, "passes": {"e1tester.LinearScaleFuncTest:testScale": "testing functionality of scale", "e1tester.LinearScaleFuncTest:testReflectionScale": "testing signature of scale", "e1tester.LinearScaleFuncTest:testReflectionClass": "testing class declaration"}}, "e1tester.LinearScalerTest": {"failures": {}, "errors": {}, "passes": {"e1tester.LinearScalerTest:testGetScaleFunc": "testing functionality of getScaleFunc", "e1tester.LinearScalerTest:testReflectionGetScaleFunc": "testing signature of getScaleFunc", "e1tester.LinearScalerTest:testReflectionClass": "testing class declaration"}}}, "assignment": "E1", "date": "2016-05-15T19:04:15"}, {"origin": "/home/anya/at/uam/submissions/pateljun/e1", "students": [{"section": "N/A", "student_number": "0999890881", "last": "Patel", "first": "Junaid", "student_id": "pateljun", "email": "junaid.patel@mail.utoronto.ca", "source": "N/A"}], "results": {"e1tester.LinearScaleFuncTest": {"failures": {}, "errors": {}, "passes": {"e1tester.LinearScaleFuncTest:testScale": "testing functionality of scale", "e1tester.LinearScaleFuncTest:testReflectionScale": "testing signature of scale", "e1tester.LinearScaleFuncTest:testReflectionClass": "testing class declaration"}}, "e1tester.LinearScalerTest": {"failures": {}, "errors": {}, "passes": {"e1tester.LinearScalerTest:testGetScaleFunc": "testing functionality of getScaleFunc", "e1tester.LinearScalerTest:testReflectionGetScaleFunc": "testing signature of getScaleFunc", "e1tester.LinearScalerTest:testReflectionClass": "testing class declaration"}}}, "assignment": "E1", "date": "2016-05-15T19:04:15"}, {"origin": "/home/anya/at/uam/submissions/pecileja/e1", "students": [{"section": "N/A", "student_number": "0999741098", "last": "Pecile", "first": "Jacob", "student_id": "pecileja", "email": "jacob.pecile@mail.utoronto.ca", "source": "N/A"}], "results": {"e1tester.LinearScaleFuncTest": {"failures": {"e1tester.LinearScaleFuncTest:testScale": {"description": "testing functionality of scale", "details": "java.lang.NoClassDefFoundError: scaler/LinearScaleFunc (wrong name: scalar/LinearScaleFunc)\n\tat java.lang.ClassLoader.defineClass1(Native Method)\n\tat java.lang.ClassLoader.defineClass(ClassLoader.java:760)\n\tat java.security.SecureClassLoader.defineClass(SecureClassLoader.java:142)\n\tat java.net.URLClassLoader.defineClass(URLClassLoader.java:467)\n\tat java.net.URLClassLoader.access$100(URLClassLoader.java:73)\n\tat java.net.URLClassLoader$1.run(URLClassLoader.java:368)\n\tat java.net.URLClassLoader$1.run(URLClassLoader.java:362)\n\tat java.security.AccessController.doPrivileged(Native Method)\n\tat java.net.URLClassLoader.findClass(URLClassLoader.java:361)\n\tat java.lang.ClassLoader.loadClass(ClassLoader.java:424)\n\tat sun.misc.Launcher$AppClassLoader.loadClass(Launcher.java:331)\n\tat java.lang.ClassLoader.loadClass(ClassLoader.java:357)\n\tat e1tester.LinearScaleFuncTest.testScale(LinearScaleFuncTest.java:50)\n\tat sun.reflect.NativeMethodAccessorImpl.invoke0(Native Method)\n\tat sun.reflect.NativeMethodAccessorImpl.invoke(NativeMethodAccessorImpl.java:62)\n\tat sun.reflect.DelegatingMethodAccessorImpl.invoke(DelegatingMethodAccessorImpl.java:43)\n\tat java.lang.reflect.Method.invoke(Method.java:498)\n\tat org.junit.runners.model.FrameworkMethod$1.runReflectiveCall(FrameworkMethod.java:50)\n\tat org.junit.internal.runners.model.ReflectiveCallable.run(ReflectiveCallable.java:12)\n\tat org.junit.runners.model.FrameworkMethod.invokeExplosively(FrameworkMethod.java:47)\n\tat org.junit.internal.runners.statements.InvokeMethod.evaluate(InvokeMethod.java:17)\n\tat org.junit.internal.runners.statements.FailOnTimeout$CallableStatement.call(FailOnTimeout.java:298)\n\tat org.junit.internal.runners.statements.FailOnTimeout$CallableStatement.call(FailOnTimeout.java:292)\n\tat java.util.concurrent.FutureTask.run(FutureTask.java:266)\n\tat java.lang.Thread.run(Thread.java:745)\n", "message": "Missing a required class: scaler/LinearScaleFunc (wrong name: scalar/LinearScaleFunc)"}, "e1tester.LinearScaleFuncTest:testReflectionScale": {"description": "testing signature of scale", "details": "java.lang.NoClassDefFoundError: scaler/LinearScaleFunc\n\tat e1tester.LinearScaleFuncTest.testReflectionScale(LinearScaleFuncTest.java:33)\n\tat sun.reflect.NativeMethodAccessorImpl.invoke0(Native Method)\n\tat sun.reflect.NativeMethodAccessorImpl.invoke(NativeMethodAccessorImpl.java:62)\n\tat sun.reflect.DelegatingMethodAccessorImpl.invoke(DelegatingMethodAccessorImpl.java:43)\n\tat java.lang.reflect.Method.invoke(Method.java:498)\n\tat org.junit.runners.model.FrameworkMethod$1.runReflectiveCall(FrameworkMethod.java:50)\n\tat org.junit.internal.runners.model.ReflectiveCallable.run(ReflectiveCallable.java:12)\n\tat org.junit.runners.model.FrameworkMethod.invokeExplosively(FrameworkMethod.java:47)\n\tat org.junit.internal.runners.statements.InvokeMethod.evaluate(InvokeMethod.java:17)\n\tat org.junit.internal.runners.statements.FailOnTimeout$CallableStatement.call(FailOnTimeout.java:298)\n\tat org.junit.internal.runners.statements.FailOnTimeout$CallableStatement.call(FailOnTimeout.java:292)\n\tat java.util.concurrent.FutureTask.run(FutureTask.java:266)\n\tat java.lang.Thread.run(Thread.java:745)\n", "message": "Missing a required class: scaler/LinearScaleFunc"}, "e1tester.LinearScaleFuncTest:testReflectionClass": {"description": "testing class declaration", "details": "java.lang.NoClassDefFoundError: scaler/LinearScaleFunc\n\tat e1tester.LinearScaleFuncTest.testReflectionClass(LinearScaleFuncTest.java:24)\n\tat sun.reflect.NativeMethodAccessorImpl.invoke0(Native Method)\n\tat sun.reflect.NativeMethodAccessorImpl.invoke(NativeMethodAccessorImpl.java:62)\n\tat sun.reflect.DelegatingMethodAccessorImpl.invoke(DelegatingMethodAccessorImpl.java:43)\n\tat java.lang.reflect.Method.invoke(Method.java:498)\n\tat org.junit.runners.model.FrameworkMethod$1.runReflectiveCall(FrameworkMethod.java:50)\n\tat org.junit.internal.runners.model.ReflectiveCallable.run(ReflectiveCallable.java:12)\n\tat org.junit.runners.model.FrameworkMethod.invokeExplosively(FrameworkMethod.java:47)\n\tat org.junit.internal.runners.statements.InvokeMethod.evaluate(InvokeMethod.java:17)\n\tat org.junit.internal.runners.statements.FailOnTimeout$CallableStatement.call(FailOnTimeout.java:298)\n\tat org.junit.internal.runners.statements.FailOnTimeout$CallableStatement.call(FailOnTimeout.java:292)\n\tat java.util.concurrent.FutureTask.run(FutureTask.java:266)\n\tat java.lang.Thread.run(Thread.java:745)\n", "message": "Missing a required class: scaler/LinearScaleFunc"}}, "errors": {}, "passes": {}}, "e1tester.LinearScalerTest": {"failures": {"e1tester.LinearScalerTest:testGetScaleFunc": {"description": "testing functionality of getScaleFunc", "details": "java.lang.NoClassDefFoundError: scaler/LinearScaler\n\tat e1tester.LinearScalerTest.testGetScaleFunc(LinearScalerTest.java:50)\n\tat sun.reflect.NativeMethodAccessorImpl.invoke0(Native Method)\n\tat sun.reflect.NativeMethodAccessorImpl.invoke(NativeMethodAccessorImpl.java:62)\n\tat sun.reflect.DelegatingMethodAccessorImpl.invoke(DelegatingMethodAccessorImpl.java:43)\n\tat java.lang.reflect.Method.invoke(Method.java:498)\n\tat org.junit.runners.model.FrameworkMethod$1.runReflectiveCall(FrameworkMethod.java:50)\n\tat org.junit.internal.runners.model.ReflectiveCallable.run(ReflectiveCallable.java:12)\n\tat org.junit.runners.model.FrameworkMethod.invokeExplosively(FrameworkMethod.java:47)\n\tat org.junit.internal.runners.statements.InvokeMethod.evaluate(InvokeMethod.java:17)\n\tat org.junit.internal.runners.statements.FailOnTimeout$CallableStatement.call(FailOnTimeout.java:298)\n\tat org.junit.internal.runners.statements.FailOnTimeout$CallableStatement.call(FailOnTimeout.java:292)\n\tat java.util.concurrent.FutureTask.run(FutureTask.java:266)\n\tat java.lang.Thread.run(Thread.java:745)\n", "message": "Missing a required class: scaler/LinearScaler"}, "e1tester.LinearScalerTest:testReflectionGetScaleFunc": {"description": "testing signature of getScaleFunc", "details": "java.lang.NoClassDefFoundError: scaler/LinearScaler (wrong name: scalar/LinearScaler)\n\tat java.lang.ClassLoader.defineClass1(Native Method)\n\tat java.lang.ClassLoader.defineClass(ClassLoader.java:760)\n\tat java.security.SecureClassLoader.defineClass(SecureClassLoader.java:142)\n\tat java.net.URLClassLoader.defineClass(URLClassLoader.java:467)\n\tat java.net.URLClassLoader.access$100(URLClassLoader.java:73)\n\tat java.net.URLClassLoader$1.run(URLClassLoader.java:368)\n\tat java.net.URLClassLoader$1.run(URLClassLoader.java:362)\n\tat java.security.AccessController.doPrivileged(Native Method)\n\tat java.net.URLClassLoader.findClass(URLClassLoader.java:361)\n\tat java.lang.ClassLoader.loadClass(ClassLoader.java:424)\n\tat sun.misc.Launcher$AppClassLoader.loadClass(Launcher.java:331)\n\tat java.lang.ClassLoader.loadClass(ClassLoader.java:357)\n\tat e1tester.LinearScalerTest.testReflectionGetScaleFunc(LinearScalerTest.java:31)\n\tat sun.reflect.NativeMethodAccessorImpl.invoke0(Native Method)\n\tat sun.reflect.NativeMethodAccessorImpl.invoke(NativeMethodAccessorImpl.java:62)\n\tat sun.reflect.DelegatingMethodAccessorImpl.invoke(DelegatingMethodAccessorImpl.java:43)\n\tat java.lang.reflect.Method.invoke(Method.java:498)\n\tat org.junit.runners.model.FrameworkMethod$1.runReflectiveCall(FrameworkMethod.java:50)\n\tat org.junit.internal.runners.model.ReflectiveCallable.run(ReflectiveCallable.java:12)\n\tat org.junit.runners.model.FrameworkMethod.invokeExplosively(FrameworkMethod.java:47)\n\tat org.junit.internal.runners.statements.InvokeMethod.evaluate(InvokeMethod.java:17)\n\tat org.junit.internal.runners.statements.FailOnTimeout$CallableStatement.call(FailOnTimeout.java:298)\n\tat org.junit.internal.runners.statements.FailOnTimeout$CallableStatement.call(FailOnTimeout.java:292)\n\tat java.util.concurrent.FutureTask.run(FutureTask.java:266)\n\tat java.lang.Thread.run(Thread.java:745)\n", "message": "Missing a required class: scaler/LinearScaler (wrong name: scalar/LinearScaler)"}, "e1tester.LinearScalerTest:testReflectionClass": {"description": "testing class declaration", "details": "java.lang.NoClassDefFoundError: scaler/LinearScaler\n\tat e1tester.LinearScalerTest.testReflectionClass(LinearScalerTest.java:22)\n\tat sun.reflect.NativeMethodAccessorImpl.invoke0(Native Method)\n\tat sun.reflect.NativeMethodAccessorImpl.invoke(NativeMethodAccessorImpl.java:62)\n\tat sun.reflect.DelegatingMethodAccessorImpl.invoke(DelegatingMethodAccessorImpl.java:43)\n\tat java.lang.reflect.Method.invoke(Method.java:498)\n\tat org.junit.runners.model.FrameworkMethod$1.runReflectiveCall(FrameworkMethod.java:50)\n\tat org.junit.internal.runners.model.ReflectiveCallable.run(ReflectiveCallable.java:12)\n\tat org.junit.runners.model.FrameworkMethod.invokeExplosively(FrameworkMethod.java:47)\n\tat org.junit.internal.runners.statements.InvokeMethod.evaluate(InvokeMethod.java:17)\n\tat org.junit.internal.runners.statements.FailOnTimeout$CallableStatement.call(FailOnTimeout.java:298)\n\tat org.junit.internal.runners.statements.FailOnTimeout$CallableStatement.call(FailOnTimeout.java:292)\n\tat java.util.concurrent.FutureTask.run(FutureTask.java:266)\n\tat java.lang.Thread.run(Thread.java:745)\n", "message": "Missing a required class: scaler/LinearScaler"}}, "errors": {}, "passes": {}}}, "assignment": "E1", "date": "2016-05-15T19:04:15"}, {"origin": "/home/anya/at/uam/submissions/persa188/e1", "students": [{"section": "N/A", "student_number": "0999455094", "last": "Persaud", "first": "Daniel", "student_id": "persa188", "email": "dev.persaud@mail.utoronto.ca", "source": "N/A"}], "results": {"e1tester.LinearScaleFuncTest": {"failures": {}, "errors": {}, "passes": {"e1tester.LinearScaleFuncTest:testScale": "testing functionality of scale", "e1tester.LinearScaleFuncTest:testReflectionScale": "testing signature of scale", "e1tester.LinearScaleFuncTest:testReflectionClass": "testing class declaration"}}, "e1tester.LinearScalerTest": {"failures": {}, "errors": {}, "passes": {"e1tester.LinearScalerTest:testGetScaleFunc": "testing functionality of getScaleFunc", "e1tester.LinearScalerTest:testReflectionGetScaleFunc": "testing signature of getScaleFunc", "e1tester.LinearScalerTest:testReflectionClass": "testing class declaration"}}}, "assignment": "E1", "date": "2016-05-15T19:04:15"}, {"origin": "/home/anya/at/uam/submissions/raoxibo/e1", "students": [{"section": "N/A", "student_number": "0999086135", "last": "Rao", "first": "Xibo", "student_id": "raoxibo", "email": "xiboyu.rao@mail.utoronto.ca", "source": "N/A"}], "results": {"e1tester.LinearScaleFuncTest": {"failures": {}, "errors": {}, "passes": {"e1tester.LinearScaleFuncTest:testScale": "testing functionality of scale", "e1tester.LinearScaleFuncTest:testReflectionScale": "testing signature of scale", "e1tester.LinearScaleFuncTest:testReflectionClass": "testing class declaration"}}, "e1tester.LinearScalerTest": {"failures": {}, "errors": {}, "passes": {"e1tester.LinearScalerTest:testGetScaleFunc": "testing functionality of getScaleFunc", "e1tester.LinearScalerTest:testReflectionGetScaleFunc": "testing signature of getScaleFunc", "e1tester.LinearScalerTest:testReflectionClass": "testing class declaration"}}}, "assignment": "E1", "date": "2016-05-15T19:04:15"}, {"date": "2016-05-15T19:04:15", "students": [{"section": "N/A", "student_number": "1001035293", "last": "Sharma", "first": "Rishi", "student_id": "sharm500", "email": "rr.sharma@mail.utoronto.ca", "source": "N/A"}], "results": {"e1tester.LinearScaleFuncTest": {"failures": {}, "errors": {}, "passes": {"e1tester.LinearScaleFuncTest:testScale": "testing functionality of scale", "e1tester.LinearScaleFuncTest:testReflectionScale": "testing signature of scale", "e1tester.LinearScaleFuncTest:testReflectionClass": "testing class declaration"}}, "e1tester.LinearScalerTest": {"failures": {"e1tester.LinearScalerTest:testGetScaleFunc": {"description": "testing functionality of getScaleFunc", "details": "java.lang.NoSuchMethodError: scaler.LinearScaler.getScaleFunc(II)Lscaler/LinearScaleFunc;\n\tat e1tester.LinearScalerTest.testGetScaleFunc(LinearScalerTest.java:51)\n\tat sun.reflect.NativeMethodAccessorImpl.invoke0(Native Method)\n\tat sun.reflect.NativeMethodAccessorImpl.invoke(NativeMethodAccessorImpl.java:62)\n\tat sun.reflect.DelegatingMethodAccessorImpl.invoke(DelegatingMethodAccessorImpl.java:43)\n\tat java.lang.reflect.Method.invoke(Method.java:498)\n\tat org.junit.runners.model.FrameworkMethod$1.runReflectiveCall(FrameworkMethod.java:50)\n\tat org.junit.internal.runners.model.ReflectiveCallable.run(ReflectiveCallable.java:12)\n\tat org.junit.runners.model.FrameworkMethod.invokeExplosively(FrameworkMethod.java:47)\n\tat org.junit.internal.runners.statements.InvokeMethod.evaluate(InvokeMethod.java:17)\n\tat org.junit.internal.runners.statements.FailOnTimeout$CallableStatement.call(FailOnTimeout.java:298)\n\tat org.junit.internal.runners.statements.FailOnTimeout$CallableStatement.call(FailOnTimeout.java:292)\n\tat java.util.concurrent.FutureTask.run(FutureTask.java:266)\n\tat java.lang.Thread.run(Thread.java:745)\n", "message": "scaler.LinearScaler.getScaleFunc(II)Lscaler/LinearScaleFunc;"}, "e1tester.LinearScalerTest:testReflectionGetScaleFunc": {"description": "testing signature of getScaleFunc", "details": "java.lang.AssertionError: getModifiers should return a LinearScaleFunc.\n\tat org.junit.Assert.fail(Assert.java:88)\n\tat org.junit.Assert.assertTrue(Assert.java:41)\n\tat e1tester.LinearScalerTest.testReflectionGetScaleFunc(LinearScalerTest.java:38)\n\tat sun.reflect.NativeMethodAccessorImpl.invoke0(Native Method)\n\tat sun.reflect.NativeMethodAccessorImpl.invoke(NativeMethodAccessorImpl.java:62)\n\tat sun.reflect.DelegatingMethodAccessorImpl.invoke(DelegatingMethodAccessorImpl.java:43)\n\tat java.lang.reflect.Method.invoke(Method.java:498)\n\tat org.junit.runners.model.FrameworkMethod$1.runReflectiveCall(FrameworkMethod.java:50)\n\tat org.junit.internal.runners.model.ReflectiveCallable.run(ReflectiveCallable.java:12)\n\tat org.junit.runners.model.FrameworkMethod.invokeExplosively(FrameworkMethod.java:47)\n\tat org.junit.internal.runners.statements.InvokeMethod.evaluate(InvokeMethod.java:17)\n\tat org.junit.internal.runners.statements.FailOnTimeout$CallableStatement.call(FailOnTimeout.java:298)\n\tat org.junit.internal.runners.statements.FailOnTimeout$CallableStatement.call(FailOnTimeout.java:292)\n\tat java.util.concurrent.FutureTask.run(FutureTask.java:266)\n\tat java.lang.Thread.run(Thread.java:745)\n", "message": "getModifiers should return a LinearScaleFunc."}}, "errors": {}, "passes": {"e1tester.LinearScalerTest:testReflectionClass": "testing class declaration"}}}, "assignment": "E1", "origin": "/home/anya/at/uam/submissions/sharm500/e1"}, {"origin": "/home/anya/at/uam/submissions/shinsiri/e1", "students": [{"section": "N/A", "student_number": "0999691882", "last": "Shin", "first": "Sirim", "student_id": "shinsiri", "email": "sirim.shin@mail.utoronto.ca", "source": "N/A"}], "results": {"e1tester.LinearScaleFuncTest": {"failures": {}, "errors": {}, "passes": {"e1tester.LinearScaleFuncTest:testScale": "testing functionality of scale", "e1tester.LinearScaleFuncTest:testReflectionScale": "testing signature of scale", "e1tester.LinearScaleFuncTest:testReflectionClass": "testing class declaration"}}, "e1tester.LinearScalerTest": {"failures": {}, "errors": {}, "passes": {"e1tester.LinearScalerTest:testGetScaleFunc": "testing functionality of getScaleFunc", "e1tester.LinearScalerTest:testReflectionGetScaleFunc": "testing signature of getScaleFunc", "e1tester.LinearScalerTest:testReflectionClass": "testing class declaration"}}}, "assignment": "E1", "date": "2016-05-15T19:04:15"}, {"origin": "/home/anya/at/uam/submissions/shnayder/e1", "students": [{"section": "N/A", "student_number": "1000551510", "last": "Shnayder", "first": "Yan", "student_id": "shnayder", "email": "yan.shnayder@mail.utoronto.ca", "source": "N/A"}], "results": {"e1tester.LinearScaleFuncTest": {"failures": {}, "errors": {}, "passes": {"e1tester.LinearScaleFuncTest:testScale": "testing functionality of scale", "e1tester.LinearScaleFuncTest:testReflectionScale": "testing signature of scale", "e1tester.LinearScaleFuncTest:testReflectionClass": "testing class declaration"}}, "e1tester.LinearScalerTest": {"failures": {}, "errors": {}, "passes": {"e1tester.LinearScalerTest:testGetScaleFunc": "testing functionality of getScaleFunc", "e1tester.LinearScalerTest:testReflectionGetScaleFunc": "testing signature of getScaleFunc", "e1tester.LinearScalerTest:testReflectionClass": "testing class declaration"}}}, "assignment": "E1", "date": "2016-05-15T19:04:15"}, {"origin": "/home/anya/at/uam/submissions/songkai/e1", "students": [{"section": "N/A", "student_number": "0998897699", "last": "Song", "first": "Kai", "student_id": "songkai", "email": "kevinsc.song@mail.utoronto.ca", "source": "N/A"}], "results": {"e1tester.LinearScaleFuncTest": {"failures": {"e1tester.LinearScaleFuncTest:testScale": {"description": "testing functionality of scale", "details": "java.lang.NoSuchMethodError: scaler.LinearScaleFunc.<init>(II)V\n\tat e1tester.LinearScaleFuncTest.testScale(LinearScaleFuncTest.java:50)\n\tat sun.reflect.NativeMethodAccessorImpl.invoke0(Native Method)\n\tat sun.reflect.NativeMethodAccessorImpl.invoke(NativeMethodAccessorImpl.java:62)\n\tat sun.reflect.DelegatingMethodAccessorImpl.invoke(DelegatingMethodAccessorImpl.java:43)\n\tat java.lang.reflect.Method.invoke(Method.java:498)\n\tat org.junit.runners.model.FrameworkMethod$1.runReflectiveCall(FrameworkMethod.java:50)\n\tat org.junit.internal.runners.model.ReflectiveCallable.run(ReflectiveCallable.java:12)\n\tat org.junit.runners.model.FrameworkMethod.invokeExplosively(FrameworkMethod.java:47)\n\tat org.junit.internal.runners.statements.InvokeMethod.evaluate(InvokeMethod.java:17)\n\tat org.junit.internal.runners.statements.FailOnTimeout$CallableStatement.call(FailOnTimeout.java:298)\n\tat org.junit.internal.runners.statements.FailOnTimeout$CallableStatement.call(FailOnTimeout.java:292)\n\tat java.util.concurrent.FutureTask.run(FutureTask.java:266)\n\tat java.lang.Thread.run(Thread.java:745)\n", "message": "scaler.LinearScaleFunc.<init>(II)V"}}, "errors": {}, "passes": {"e1tester.LinearScaleFuncTest:testReflectionScale": "testing signature of scale", "e1tester.LinearScaleFuncTest:testReflectionClass": "testing class declaration"}}, "e1tester.LinearScalerTest": {"failures": {"e1tester.LinearScalerTest:testGetScaleFunc": {"description": "testing functionality of getScaleFunc", "details": "java.lang.NoSuchMethodError: scaler.LinearScaler.getScaleFunc(II)Lscaler/LinearScaleFunc;\n\tat e1tester.LinearScalerTest.testGetScaleFunc(LinearScalerTest.java:51)\n\tat sun.reflect.NativeMethodAccessorImpl.invoke0(Native Method)\n\tat sun.reflect.NativeMethodAccessorImpl.invoke(NativeMethodAccessorImpl.java:62)\n\tat sun.reflect.DelegatingMethodAccessorImpl.invoke(DelegatingMethodAccessorImpl.java:43)\n\tat java.lang.reflect.Method.invoke(Method.java:498)\n\tat org.junit.runners.model.FrameworkMethod$1.runReflectiveCall(FrameworkMethod.java:50)\n\tat org.junit.internal.runners.model.ReflectiveCallable.run(ReflectiveCallable.java:12)\n\tat org.junit.runners.model.FrameworkMethod.invokeExplosively(FrameworkMethod.java:47)\n\tat org.junit.internal.runners.statements.InvokeMethod.evaluate(InvokeMethod.java:17)\n\tat org.junit.internal.runners.statements.FailOnTimeout$CallableStatement.call(FailOnTimeout.java:298)\n\tat org.junit.internal.runners.statements.FailOnTimeout$CallableStatement.call(FailOnTimeout.java:292)\n\tat java.util.concurrent.FutureTask.run(FutureTask.java:266)\n\tat java.lang.Thread.run(Thread.java:745)\n", "message": "scaler.LinearScaler.getScaleFunc(II)Lscaler/LinearScaleFunc;"}, "e1tester.LinearScalerTest:testReflectionGetScaleFunc": {"description": "testing signature of getScaleFunc", "details": "java.lang.AssertionError: LinearScaler must implement getScaleFunc(int, int).\n\tat org.junit.Assert.fail(Assert.java:88)\n\tat e1tester.LinearScalerTest.testReflectionGetScaleFunc(LinearScalerTest.java:41)\n\tat sun.reflect.NativeMethodAccessorImpl.invoke0(Native Method)\n\tat sun.reflect.NativeMethodAccessorImpl.invoke(NativeMethodAccessorImpl.java:62)\n\tat sun.reflect.DelegatingMethodAccessorImpl.invoke(DelegatingMethodAccessorImpl.java:43)\n\tat java.lang.reflect.Method.invoke(Method.java:498)\n\tat org.junit.runners.model.FrameworkMethod$1.runReflectiveCall(FrameworkMethod.java:50)\n\tat org.junit.internal.runners.model.ReflectiveCallable.run(ReflectiveCallable.java:12)\n\tat org.junit.runners.model.FrameworkMethod.invokeExplosively(FrameworkMethod.java:47)\n\tat org.junit.internal.runners.statements.InvokeMethod.evaluate(InvokeMethod.java:17)\n\tat org.junit.internal.runners.statements.FailOnTimeout$CallableStatement.call(FailOnTimeout.java:298)\n\tat org.junit.internal.runners.statements.FailOnTimeout$CallableStatement.call(FailOnTimeout.java:292)\n\tat java.util.concurrent.FutureTask.run(FutureTask.java:266)\n\tat java.lang.Thread.run(Thread.java:745)\n", "message": "LinearScaler must implement getScaleFunc(int, int)."}}, "errors": {}, "passes": {"e1tester.LinearScalerTest:testReflectionClass": "testing class declaration"}}}, "assignment": "E1", "date": "2016-05-15T19:04:15"}, {"origin": "/home/anya/at/uam/submissions/sungnuo/e1", "students": [{"section": "N/A", "student_number": "0999151037", "last": "Sung", "first": "Nuo", "student_id": "sungnuo", "email": "noah.sung@mail.utoronto.ca", "source": "N/A"}], "results": {"e1tester.LinearScaleFuncTest": {"failures": {}, "errors": {}, "passes": {"e1tester.LinearScaleFuncTest:testScale": "testing functionality of scale", "e1tester.LinearScaleFuncTest:testReflectionScale": "testing signature of scale", "e1tester.LinearScaleFuncTest:testReflectionClass": "testing class declaration"}}, "e1tester.LinearScalerTest": {"failures": {}, "errors": {}, "passes": {"e1tester.LinearScalerTest:testGetScaleFunc": "testing functionality of getScaleFunc", "e1tester.LinearScalerTest:testReflectionGetScaleFunc": "testing signature of getScaleFunc", "e1tester.LinearScalerTest:testReflectionClass": "testing class declaration"}}}, "assignment": "E1", "date": "2016-05-15T19:04:15"}, {"origin": "/home/anya/at/uam/submissions/suweicon/e1", "students": [{"section": "N/A", "student_number": "1000791119", "last": "Su", "first": "Wei-Cong", "student_id": "suweicon", "email": "alexx.su@mail.utoronto.ca", "source": "N/A"}], "results": {"e1tester.LinearScaleFuncTest": {"failures": {}, "errors": {}, "passes": {"e1tester.LinearScaleFuncTest:testScale": "testing functionality of scale", "e1tester.LinearScaleFuncTest:testReflectionScale": "testing signature of scale", "e1tester.LinearScaleFuncTest:testReflectionClass": "testing class declaration"}}, "e1tester.LinearScalerTest": {"failures": {}, "errors": {}, "passes": {"e1tester.LinearScalerTest:testGetScaleFunc": "testing functionality of getScaleFunc", "e1tester.LinearScalerTest:testReflectionGetScaleFunc": "testing signature of getScaleFunc", "e1tester.LinearScalerTest:testReflectionClass": "testing class declaration"}}}, "assignment": "E1", "date": "2016-05-15T19:04:15"}, {"origin": "/home/anya/at/uam/submissions/towheedd/e1", "students": [{"section": "N/A", "student_number": "1000726743", "last": "Towheed", "first": "Dean", "student_id": "towheedd", "email": "dean.towheed@mail.utoronto.ca", "source": "N/A"}], "results": {"e1tester.LinearScaleFuncTest": {"failures": {}, "errors": {}, "passes": {"e1tester.LinearScaleFuncTest:testScale": "testing functionality of scale", "e1tester.LinearScaleFuncTest:testReflectionScale": "testing signature of scale", "e1tester.LinearScaleFuncTest:testReflectionClass": "testing class declaration"}}, "e1tester.LinearScalerTest": {"failures": {}, "errors": {}, "passes": {"e1tester.LinearScalerTest:testGetScaleFunc": "testing functionality of getScaleFunc", "e1tester.LinearScalerTest:testReflectionGetScaleFunc": "testing signature of getScaleFunc", "e1tester.LinearScalerTest:testReflectionClass": "testing class declaration"}}}, "assignment": "E1", "date": "2016-05-15T19:04:15"}, {"origin": "/home/anya/at/uam/submissions/tradenni/e1", "students": [{"section": "N/A", "student_number": "1000799004", "last": "Tra", "first": "Dennis", "student_id": "tradenni", "email": "dennis.tra@mail.utoronto.ca", "source": "N/A"}], "results": {"e1tester.LinearScaleFuncTest": {"failures": {}, "errors": {}, "passes": {"e1tester.LinearScaleFuncTest:testScale": "testing functionality of scale", "e1tester.LinearScaleFuncTest:testReflectionScale": "testing signature of scale", "e1tester.LinearScaleFuncTest:testReflectionClass": "testing class declaration"}}, "e1tester.LinearScalerTest": {"failures": {}, "errors": {}, "passes": {"e1tester.LinearScalerTest:testGetScaleFunc": "testing functionality of getScaleFunc", "e1tester.LinearScalerTest:testReflectionGetScaleFunc": "testing signature of getScaleFunc", "e1tester.LinearScalerTest:testReflectionClass": "testing class declaration"}}}, "assignment": "E1", "date": "2016-05-15T19:04:15"}, {"origin": "/home/anya/at/uam/submissions/trammatt/e1", "students": [{"section": "N/A", "student_number": "1000697828", "last": "Tram", "first": "Matthew", "student_id": "trammatt", "email": "matthew.tram@mail.utoronto.ca", "source": "N/A"}], "results": {"e1tester.LinearScaleFuncTest": {"failures": {}, "errors": {}, "passes": {"e1tester.LinearScaleFuncTest:testScale": "testing functionality of scale", "e1tester.LinearScaleFuncTest:testReflectionScale": "testing signature of scale", "e1tester.LinearScaleFuncTest:testReflectionClass": "testing class declaration"}}, "e1tester.LinearScalerTest": {"failures": {}, "errors": {}, "passes": {"e1tester.LinearScalerTest:testGetScaleFunc": "testing functionality of getScaleFunc", "e1tester.LinearScalerTest:testReflectionGetScaleFunc": "testing signature of getScaleFunc", "e1tester.LinearScalerTest:testReflectionClass": "testing class declaration"}}}, "assignment": "E1", "date": "2016-05-15T19:04:15"}, {"origin": "/home/anya/at/uam/submissions/tsaokenn/e1", "students": [{"section": "N/A", "student_number": "1000016485", "last": "Tsao", "first": "Kenny", "student_id": "tsaokenn", "email": "kenny.tsao@mail.utoronto.ca", "source": "N/A"}], "results": {"e1tester.LinearScaleFuncTest": {"failures": {}, "errors": {}, "passes": {"e1tester.LinearScaleFuncTest:testScale": "testing functionality of scale", "e1tester.LinearScaleFuncTest:testReflectionScale": "testing signature of scale", "e1tester.LinearScaleFuncTest:testReflectionClass": "testing class declaration"}}, "e1tester.LinearScalerTest": {"failures": {}, "errors": {}, "passes": {"e1tester.LinearScalerTest:testGetScaleFunc": "testing functionality of getScaleFunc", "e1tester.LinearScalerTest:testReflectionGetScaleFunc": "testing signature of getScaleFunc", "e1tester.LinearScalerTest:testReflectionClass": "testing class declaration"}}}, "assignment": "E1", "date": "2016-05-15T19:04:15"}, {"origin": "/home/anya/at/uam/submissions/udonsike/e1", "students": [{"section": "N/A", "student_number": "1000091991", "last": "Udonsi", "first": "Kelechukwu", "student_id": "udonsike", "email": "kc.udonsi@mail.utoronto.ca", "source": "N/A"}], "results": {"e1tester.LinearScaleFuncTest": {"failures": {}, "errors": {}, "passes": {"e1tester.LinearScaleFuncTest:testScale": "testing functionality of scale", "e1tester.LinearScaleFuncTest:testReflectionScale": "testing signature of scale", "e1tester.LinearScaleFuncTest:testReflectionClass": "testing class declaration"}}, "e1tester.LinearScalerTest": {"failures": {}, "errors": {}, "passes": {"e1tester.LinearScalerTest:testGetScaleFunc": "testing functionality of getScaleFunc", "e1tester.LinearScalerTest:testReflectionGetScaleFunc": "testing signature of getScaleFunc", "e1tester.LinearScalerTest:testReflectionClass": "testing class declaration"}}}, "assignment": "E1", "date": "2016-05-15T19:04:15"}, {"origin": "/home/anya/at/uam/submissions/veerasi9/e1", "students": [{"section": "N/A", "student_number": "0999865187", "last": "Veerasingam", "first": "Krissan", "student_id": "veerasi9", "email": "krissan.veerasingam@mail.utoronto.ca", "source": "N/A"}], "results": {"e1tester.LinearScaleFuncTest": {"failures": {}, "errors": {}, "passes": {"e1tester.LinearScaleFuncTest:testScale": "testing functionality of scale", "e1tester.LinearScaleFuncTest:testReflectionScale": "testing signature of scale", "e1tester.LinearScaleFuncTest:testReflectionClass": "testing class declaration"}}, "e1tester.LinearScalerTest": {"failures": {}, "errors": {}, "passes": {"e1tester.LinearScalerTest:testGetScaleFunc": "testing functionality of getScaleFunc", "e1tester.LinearScalerTest:testReflectionGetScaleFunc": "testing signature of getScaleFunc", "e1tester.LinearScalerTest:testReflectionClass": "testing class declaration"}}}, "assignment": "E1", "date": "2016-05-15T19:04:15"}, {"origin": "/home/anya/at/uam/submissions/viernesr/e1", "students": [{"section": "N/A", "student_number": "1000406795", "last": "Viernes", "first": "Richard", "student_id": "viernesr", "email": "richard.viernes@mail.utoronto.ca", "source": "N/A"}], "results": {"e1tester.LinearScaleFuncTest": {"failures": {}, "errors": {}, "passes": {"e1tester.LinearScaleFuncTest:testScale": "testing functionality of scale", "e1tester.LinearScaleFuncTest:testReflectionScale": "testing signature of scale", "e1tester.LinearScaleFuncTest:testReflectionClass": "testing class declaration"}}, "e1tester.LinearScalerTest": {"failures": {}, "errors": {}, "passes": {"e1tester.LinearScalerTest:testGetScaleFunc": "testing functionality of getScaleFunc", "e1tester.LinearScalerTest:testReflectionGetScaleFunc": "testing signature of getScaleFunc", "e1tester.LinearScalerTest:testReflectionClass": "testing class declaration"}}}, "assignment": "E1", "date": "2016-05-15T19:04:15"}, {"origin": "/home/anya/at/uam/submissions/wanggeo2/e1", "students": [{"section": "N/A", "student_number": "0998893363", "last": "Wang", "first": "George", "student_id": "wanggeo2", "email": "georgie.wang@mail.utoronto.ca", "source": "N/A"}], "results": {"e1tester.LinearScaleFuncTest": {"failures": {"e1tester.LinearScaleFuncTest:testScale": {"description": "testing functionality of scale", "details": "java.lang.AssertionError: scale returns an incorrect value. expected:<4.8> but was:<4.0>\n\tat org.junit.Assert.fail(Assert.java:88)\n\tat org.junit.Assert.failNotEquals(Assert.java:834)\n\tat org.junit.Assert.assertEquals(Assert.java:553)\n\tat e1tester.LinearScaleFuncTest.testScale(LinearScaleFuncTest.java:51)\n\tat sun.reflect.NativeMethodAccessorImpl.invoke0(Native Method)\n\tat sun.reflect.NativeMethodAccessorImpl.invoke(NativeMethodAccessorImpl.java:62)\n\tat sun.reflect.DelegatingMethodAccessorImpl.invoke(DelegatingMethodAccessorImpl.java:43)\n\tat java.lang.reflect.Method.invoke(Method.java:498)\n\tat org.junit.runners.model.FrameworkMethod$1.runReflectiveCall(FrameworkMethod.java:50)\n\tat org.junit.internal.runners.model.ReflectiveCallable.run(ReflectiveCallable.java:12)\n\tat org.junit.runners.model.FrameworkMethod.invokeExplosively(FrameworkMethod.java:47)\n\tat org.junit.internal.runners.statements.InvokeMethod.evaluate(InvokeMethod.java:17)\n\tat org.junit.internal.runners.statements.FailOnTimeout$CallableStatement.call(FailOnTimeout.java:298)\n\tat org.junit.internal.runners.statements.FailOnTimeout$CallableStatement.call(FailOnTimeout.java:292)\n\tat java.util.concurrent.FutureTask.run(FutureTask.java:266)\n\tat java.lang.Thread.run(Thread.java:745)\n", "message": "scale returns an incorrect value. expected:<4.8> but was:<4.0>"}}, "errors": {}, "passes": {"e1tester.LinearScaleFuncTest:testReflectionScale": "testing signature of scale", "e1tester.LinearScaleFuncTest:testReflectionClass": "testing class declaration"}}, "e1tester.LinearScalerTest": {"failures": {}, "errors": {}, "passes": {"e1tester.LinearScalerTest:testGetScaleFunc": "testing functionality of getScaleFunc", "e1tester.LinearScalerTest:testReflectionGetScaleFunc": "testing signature of getScaleFunc", "e1tester.LinearScalerTest:testReflectionClass": "testing class declaration"}}}, "assignment": "E1", "date": "2016-05-15T19:04:15"}, {"origin": "/home/anya/at/uam/submissions/wangx173/e1", "students": [{"section": "N/A", "student_number": "0999574009", "last": "Wang", "first": "Xiang", "student_id": "wangx173", "email": "xiangroger.wang@mail.utoronto.ca", "source": "N/A"}], "results": {"e1tester.LinearScaleFuncTest": {"failures": {}, "errors": {}, "passes": {"e1tester.LinearScaleFuncTest:testScale": "testing functionality of scale", "e1tester.LinearScaleFuncTest:testReflectionScale": "testing signature of scale", "e1tester.LinearScaleFuncTest:testReflectionClass": "testing class declaration"}}, "e1tester.LinearScalerTest": {"failures": {}, "errors": {}, "passes": {"e1tester.LinearScalerTest:testGetScaleFunc": "testing functionality of getScaleFunc", "e1tester.LinearScalerTest:testReflectionGetScaleFunc": "testing signature of getScaleFunc", "e1tester.LinearScalerTest:testReflectionClass": "testing class declaration"}}}, "assignment": "E1", "date": "2016-05-15T19:04:15"}, {"origin": "/home/anya/at/uam/submissions/wangyuc5/e1", "students": [{"section": "N/A", "student_number": "0999186802", "last": "Wang", "first": "Yuchen", "student_id": "wangyuc5", "email": "leon.wang@mail.utoronto.ca", "source": "N/A"}], "results": {"e1tester.LinearScaleFuncTest": {"failures": {}, "errors": {}, "passes": {"e1tester.LinearScaleFuncTest:testScale": "testing functionality of scale", "e1tester.LinearScaleFuncTest:testReflectionScale": "testing signature of scale", "e1tester.LinearScaleFuncTest:testReflectionClass": "testing class declaration"}}, "e1tester.LinearScalerTest": {"failures": {}, "errors": {}, "passes": {"e1tester.LinearScalerTest:testGetScaleFunc": "testing functionality of getScaleFunc", "e1tester.LinearScalerTest:testReflectionGetScaleFunc": "testing signature of getScaleFunc", "e1tester.LinearScalerTest:testReflectionClass": "testing class declaration"}}}, "assignment": "E1", "date": "2016-05-15T19:04:15"}, {"origin": "/home/anya/at/uam/submissions/whitney8/e1", "students": [{"section": "N/A", "student_number": "0999089178", "last": "Whitney", "first": "Hayden", "student_id": "whitney8", "email": "hayden.whitney@mail.utoronto.ca", "source": "N/A"}], "results": {"e1tester.LinearScaleFuncTest": {"failures": {"e1tester.LinearScaleFuncTest:testScale": {"description": "testing functionality of scale", "details": "java.lang.AssertionError: scale returns an incorrect value. expected:<4.8> but was:<0.0020833333333333333>\n\tat org.junit.Assert.fail(Assert.java:88)\n\tat org.junit.Assert.failNotEquals(Assert.java:834)\n\tat org.junit.Assert.assertEquals(Assert.java:553)\n\tat e1tester.LinearScaleFuncTest.testScale(LinearScaleFuncTest.java:51)\n\tat sun.reflect.NativeMethodAccessorImpl.invoke0(Native Method)\n\tat sun.reflect.NativeMethodAccessorImpl.invoke(NativeMethodAccessorImpl.java:62)\n\tat sun.reflect.DelegatingMethodAccessorImpl.invoke(DelegatingMethodAccessorImpl.java:43)\n\tat java.lang.reflect.Method.invoke(Method.java:498)\n\tat org.junit.runners.model.FrameworkMethod$1.runReflectiveCall(FrameworkMethod.java:50)\n\tat org.junit.internal.runners.model.ReflectiveCallable.run(ReflectiveCallable.java:12)\n\tat org.junit.runners.model.FrameworkMethod.invokeExplosively(FrameworkMethod.java:47)\n\tat org.junit.internal.runners.statements.InvokeMethod.evaluate(InvokeMethod.java:17)\n\tat org.junit.internal.runners.statements.FailOnTimeout$CallableStatement.call(FailOnTimeout.java:298)\n\tat org.junit.internal.runners.statements.FailOnTimeout$CallableStatement.call(FailOnTimeout.java:292)\n\tat java.util.concurrent.FutureTask.run(FutureTask.java:266)\n\tat java.lang.Thread.run(Thread.java:745)\n", "message": "scale returns an incorrect value. expected:<4.8> but was:<0.0020833333333333333>"}}, "errors": {}, "passes": {"e1tester.LinearScaleFuncTest:testReflectionScale": "testing signature of scale", "e1tester.LinearScaleFuncTest:testReflectionClass": "testing class declaration"}}, "e1tester.LinearScalerTest": {"failures": {"e1tester.LinearScalerTest:testGetScaleFunc": {"description": "testing functionality of getScaleFunc", "details": "java.lang.AssertionError: incorrect function returned by getScaleFunc. expected:<1.0> but was:<0.25>\n\tat org.junit.Assert.fail(Assert.java:88)\n\tat org.junit.Assert.failNotEquals(Assert.java:834)\n\tat org.junit.Assert.assertEquals(Assert.java:553)\n\tat e1tester.LinearScalerTest.testGetScaleFunc(LinearScalerTest.java:52)\n\tat sun.reflect.NativeMethodAccessorImpl.invoke0(Native Method)\n\tat sun.reflect.NativeMethodAccessorImpl.invoke(NativeMethodAccessorImpl.java:62)\n\tat sun.reflect.DelegatingMethodAccessorImpl.invoke(DelegatingMethodAccessorImpl.java:43)\n\tat java.lang.reflect.Method.invoke(Method.java:498)\n\tat org.junit.runners.model.FrameworkMethod$1.runReflectiveCall(FrameworkMethod.java:50)\n\tat org.junit.internal.runners.model.ReflectiveCallable.run(ReflectiveCallable.java:12)\n\tat org.junit.runners.model.FrameworkMethod.invokeExplosively(FrameworkMethod.java:47)\n\tat org.junit.internal.runners.statements.InvokeMethod.evaluate(InvokeMethod.java:17)\n\tat org.junit.internal.runners.statements.FailOnTimeout$CallableStatement.call(FailOnTimeout.java:298)\n\tat org.junit.internal.runners.statements.FailOnTimeout$CallableStatement.call(FailOnTimeout.java:292)\n\tat java.util.concurrent.FutureTask.run(FutureTask.java:266)\n\tat java.lang.Thread.run(Thread.java:745)\n", "message": "incorrect function returned by getScaleFunc. expected:<1.0> but was:<0.25>"}}, "errors": {}, "passes": {"e1tester.LinearScalerTest:testReflectionGetScaleFunc": "testing signature of getScaleFunc", "e1tester.LinearScalerTest:testReflectionClass": "testing class declaration"}}}, "assignment": "E1", "date": "2016-05-15T19:04:15"}, {"origin": "/home/anya/at/uam/submissions/wongjo15/e1", "students": [{"section": "N/A", "student_number": "0997743955", "last": "Wong", "first": "Josh", "student_id": "wongjo15", "email": "joshu.wong@mail.utoronto.ca", "source": "N/A"}], "results": {"e1tester.LinearScaleFuncTest": {"failures": {"e1tester.LinearScaleFuncTest:testScale": {"description": "testing functionality of scale", "details": "java.lang.NoClassDefFoundError: scaler/LinearScaleFunc (wrong name: LinearScaleFunc)\n\tat java.lang.ClassLoader.defineClass1(Native Method)\n\tat java.lang.ClassLoader.defineClass(ClassLoader.java:760)\n\tat java.security.SecureClassLoader.defineClass(SecureClassLoader.java:142)\n\tat java.net.URLClassLoader.defineClass(URLClassLoader.java:467)\n\tat java.net.URLClassLoader.access$100(URLClassLoader.java:73)\n\tat java.net.URLClassLoader$1.run(URLClassLoader.java:368)\n\tat java.net.URLClassLoader$1.run(URLClassLoader.java:362)\n\tat java.security.AccessController.doPrivileged(Native Method)\n\tat java.net.URLClassLoader.findClass(URLClassLoader.java:361)\n\tat java.lang.ClassLoader.loadClass(ClassLoader.java:424)\n\tat sun.misc.Launcher$AppClassLoader.loadClass(Launcher.java:331)\n\tat java.lang.ClassLoader.loadClass(ClassLoader.java:357)\n\tat e1tester.LinearScaleFuncTest.testScale(LinearScaleFuncTest.java:50)\n\tat sun.reflect.NativeMethodAccessorImpl.invoke0(Native Method)\n\tat sun.reflect.NativeMethodAccessorImpl.invoke(NativeMethodAccessorImpl.java:62)\n\tat sun.reflect.DelegatingMethodAccessorImpl.invoke(DelegatingMethodAccessorImpl.java:43)\n\tat java.lang.reflect.Method.invoke(Method.java:498)\n\tat org.junit.runners.model.FrameworkMethod$1.runReflectiveCall(FrameworkMethod.java:50)\n\tat org.junit.internal.runners.model.ReflectiveCallable.run(ReflectiveCallable.java:12)\n\tat org.junit.runners.model.FrameworkMethod.invokeExplosively(FrameworkMethod.java:47)\n\tat org.junit.internal.runners.statements.InvokeMethod.evaluate(InvokeMethod.java:17)\n\tat org.junit.internal.runners.statements.FailOnTimeout$CallableStatement.call(FailOnTimeout.java:298)\n\tat org.junit.internal.runners.statements.FailOnTimeout$CallableStatement.call(FailOnTimeout.java:292)\n\tat java.util.concurrent.FutureTask.run(FutureTask.java:266)\n\tat java.lang.Thread.run(Thread.java:745)\n", "message": "Missing a required class: scaler/LinearScaleFunc (wrong name: LinearScaleFunc)"}, "e1tester.LinearScaleFuncTest:testReflectionScale": {"description": "testing signature of scale", "details": "java.lang.NoClassDefFoundError: scaler/LinearScaleFunc\n\tat e1tester.LinearScaleFuncTest.testReflectionScale(LinearScaleFuncTest.java:33)\n\tat sun.reflect.NativeMethodAccessorImpl.invoke0(Native Method)\n\tat sun.reflect.NativeMethodAccessorImpl.invoke(NativeMethodAccessorImpl.java:62)\n\tat sun.reflect.DelegatingMethodAccessorImpl.invoke(DelegatingMethodAccessorImpl.java:43)\n\tat java.lang.reflect.Method.invoke(Method.java:498)\n\tat org.junit.runners.model.FrameworkMethod$1.runReflectiveCall(FrameworkMethod.java:50)\n\tat org.junit.internal.runners.model.ReflectiveCallable.run(ReflectiveCallable.java:12)\n\tat org.junit.runners.model.FrameworkMethod.invokeExplosively(FrameworkMethod.java:47)\n\tat org.junit.internal.runners.statements.InvokeMethod.evaluate(InvokeMethod.java:17)\n\tat org.junit.internal.runners.statements.FailOnTimeout$CallableStatement.call(FailOnTimeout.java:298)\n\tat org.junit.internal.runners.statements.FailOnTimeout$CallableStatement.call(FailOnTimeout.java:292)\n\tat java.util.concurrent.FutureTask.run(FutureTask.java:266)\n\tat java.lang.Thread.run(Thread.java:745)\n", "message": "Missing a required class: scaler/LinearScaleFunc"}, "e1tester.LinearScaleFuncTest:testReflectionClass": {"description": "testing class declaration", "details": "java.lang.NoClassDefFoundError: scaler/LinearScaleFunc\n\tat e1tester.LinearScaleFuncTest.testReflectionClass(LinearScaleFuncTest.java:24)\n\tat sun.reflect.NativeMethodAccessorImpl.invoke0(Native Method)\n\tat sun.reflect.NativeMethodAccessorImpl.invoke(NativeMethodAccessorImpl.java:62)\n\tat sun.reflect.DelegatingMethodAccessorImpl.invoke(DelegatingMethodAccessorImpl.java:43)\n\tat java.lang.reflect.Method.invoke(Method.java:498)\n\tat org.junit.runners.model.FrameworkMethod$1.runReflectiveCall(FrameworkMethod.java:50)\n\tat org.junit.internal.runners.model.ReflectiveCallable.run(ReflectiveCallable.java:12)\n\tat org.junit.runners.model.FrameworkMethod.invokeExplosively(FrameworkMethod.java:47)\n\tat org.junit.internal.runners.statements.InvokeMethod.evaluate(InvokeMethod.java:17)\n\tat org.junit.internal.runners.statements.FailOnTimeout$CallableStatement.call(FailOnTimeout.java:298)\n\tat org.junit.internal.runners.statements.FailOnTimeout$CallableStatement.call(FailOnTimeout.java:292)\n\tat java.util.concurrent.FutureTask.run(FutureTask.java:266)\n\tat java.lang.Thread.run(Thread.java:745)\n", "message": "Missing a required class: scaler/LinearScaleFunc"}}, "errors": {}, "passes": {}}, "e1tester.LinearScalerTest": {"failures": {"e1tester.LinearScalerTest:testGetScaleFunc": {"description": "testing functionality of getScaleFunc", "details": "java.lang.NoClassDefFoundError: scaler/LinearScaler\n\tat e1tester.LinearScalerTest.testGetScaleFunc(LinearScalerTest.java:50)\n\tat sun.reflect.NativeMethodAccessorImpl.invoke0(Native Method)\n\tat sun.reflect.NativeMethodAccessorImpl.invoke(NativeMethodAccessorImpl.java:62)\n\tat sun.reflect.DelegatingMethodAccessorImpl.invoke(DelegatingMethodAccessorImpl.java:43)\n\tat java.lang.reflect.Method.invoke(Method.java:498)\n\tat org.junit.runners.model.FrameworkMethod$1.runReflectiveCall(FrameworkMethod.java:50)\n\tat org.junit.internal.runners.model.ReflectiveCallable.run(ReflectiveCallable.java:12)\n\tat org.junit.runners.model.FrameworkMethod.invokeExplosively(FrameworkMethod.java:47)\n\tat org.junit.internal.runners.statements.InvokeMethod.evaluate(InvokeMethod.java:17)\n\tat org.junit.internal.runners.statements.FailOnTimeout$CallableStatement.call(FailOnTimeout.java:298)\n\tat org.junit.internal.runners.statements.FailOnTimeout$CallableStatement.call(FailOnTimeout.java:292)\n\tat java.util.concurrent.FutureTask.run(FutureTask.java:266)\n\tat java.lang.Thread.run(Thread.java:745)\n", "message": "Missing a required class: scaler/LinearScaler"}, "e1tester.LinearScalerTest:testReflectionGetScaleFunc": {"description": "testing signature of getScaleFunc", "details": "java.lang.NoClassDefFoundError: scaler/LinearScaler (wrong name: LinearScaler)\n\tat java.lang.ClassLoader.defineClass1(Native Method)\n\tat java.lang.ClassLoader.defineClass(ClassLoader.java:760)\n\tat java.security.SecureClassLoader.defineClass(SecureClassLoader.java:142)\n\tat java.net.URLClassLoader.defineClass(URLClassLoader.java:467)\n\tat java.net.URLClassLoader.access$100(URLClassLoader.java:73)\n\tat java.net.URLClassLoader$1.run(URLClassLoader.java:368)\n\tat java.net.URLClassLoader$1.run(URLClassLoader.java:362)\n\tat java.security.AccessController.doPrivileged(Native Method)\n\tat java.net.URLClassLoader.findClass(URLClassLoader.java:361)\n\tat java.lang.ClassLoader.loadClass(ClassLoader.java:424)\n\tat sun.misc.Launcher$AppClassLoader.loadClass(Launcher.java:331)\n\tat java.lang.ClassLoader.loadClass(ClassLoader.java:357)\n\tat e1tester.LinearScalerTest.testReflectionGetScaleFunc(LinearScalerTest.java:31)\n\tat sun.reflect.NativeMethodAccessorImpl.invoke0(Native Method)\n\tat sun.reflect.NativeMethodAccessorImpl.invoke(NativeMethodAccessorImpl.java:62)\n\tat sun.reflect.DelegatingMethodAccessorImpl.invoke(DelegatingMethodAccessorImpl.java:43)\n\tat java.lang.reflect.Method.invoke(Method.java:498)\n\tat org.junit.runners.model.FrameworkMethod$1.runReflectiveCall(FrameworkMethod.java:50)\n\tat org.junit.internal.runners.model.ReflectiveCallable.run(ReflectiveCallable.java:12)\n\tat org.junit.runners.model.FrameworkMethod.invokeExplosively(FrameworkMethod.java:47)\n\tat org.junit.internal.runners.statements.InvokeMethod.evaluate(InvokeMethod.java:17)\n\tat org.junit.internal.runners.statements.FailOnTimeout$CallableStatement.call(FailOnTimeout.java:298)\n\tat org.junit.internal.runners.statements.FailOnTimeout$CallableStatement.call(FailOnTimeout.java:292)\n\tat java.util.concurrent.FutureTask.run(FutureTask.java:266)\n\tat java.lang.Thread.run(Thread.java:745)\n", "message": "Missing a required class: scaler/LinearScaler (wrong name: LinearScaler)"}, "e1tester.LinearScalerTest:testReflectionClass": {"description": "testing class declaration", "details": "java.lang.NoClassDefFoundError: scaler/LinearScaler\n\tat e1tester.LinearScalerTest.testReflectionClass(LinearScalerTest.java:22)\n\tat sun.reflect.NativeMethodAccessorImpl.invoke0(Native Method)\n\tat sun.reflect.NativeMethodAccessorImpl.invoke(NativeMethodAccessorImpl.java:62)\n\tat sun.reflect.DelegatingMethodAccessorImpl.invoke(DelegatingMethodAccessorImpl.java:43)\n\tat java.lang.reflect.Method.invoke(Method.java:498)\n\tat org.junit.runners.model.FrameworkMethod$1.runReflectiveCall(FrameworkMethod.java:50)\n\tat org.junit.internal.runners.model.ReflectiveCallable.run(ReflectiveCallable.java:12)\n\tat org.junit.runners.model.FrameworkMethod.invokeExplosively(FrameworkMethod.java:47)\n\tat org.junit.internal.runners.statements.InvokeMethod.evaluate(InvokeMethod.java:17)\n\tat org.junit.internal.runners.statements.FailOnTimeout$CallableStatement.call(FailOnTimeout.java:298)\n\tat org.junit.internal.runners.statements.FailOnTimeout$CallableStatement.call(FailOnTimeout.java:292)\n\tat java.util.concurrent.FutureTask.run(FutureTask.java:266)\n\tat java.lang.Thread.run(Thread.java:745)\n", "message": "Missing a required class: scaler/LinearScaler"}}, "errors": {}, "passes": {}}}, "assignment": "E1", "date": "2016-05-15T19:04:15"}, {"origin": "/home/anya/at/uam/submissions/wongwilf/e1", "students": [{"section": "N/A", "student_number": "1000616238", "last": "Wong", "first": "Wilfred", "student_id": "wongwilf", "email": "wilfredw.wong@mail.utoronto.ca", "source": "N/A"}], "results": {"e1tester.LinearScaleFuncTest": {"failures": {}, "errors": {}, "passes": {"e1tester.LinearScaleFuncTest:testScale": "testing functionality of scale", "e1tester.LinearScaleFuncTest:testReflectionScale": "testing signature of scale", "e1tester.LinearScaleFuncTest:testReflectionClass": "testing class declaration"}}, "e1tester.LinearScalerTest": {"failures": {}, "errors": {}, "passes": {"e1tester.LinearScalerTest:testGetScaleFunc": "testing functionality of getScaleFunc", "e1tester.LinearScalerTest:testReflectionGetScaleFunc": "testing signature of getScaleFunc", "e1tester.LinearScalerTest:testReflectionClass": "testing class declaration"}}}, "assignment": "E1", "date": "2016-05-15T19:04:15"}, {"origin": "/home/anya/at/uam/submissions/wuaddiso/e1", "students": [{"section": "N/A", "student_number": "0998917953", "last": "Wu", "first": "Addison", "student_id": "wuaddiso", "email": "addison.wu@mail.utoronto.ca", "source": "N/A"}], "results": {"e1tester.LinearScaleFuncTest": {"failures": {"e1tester.LinearScaleFuncTest:testScale": {"description": "testing functionality of scale", "details": "java.lang.IllegalAccessError: tried to access method scaler.LinearScaleFunc.<init>(II)V from class e1tester.LinearScaleFuncTest\n\tat e1tester.LinearScaleFuncTest.testScale(LinearScaleFuncTest.java:50)\n\tat sun.reflect.NativeMethodAccessorImpl.invoke0(Native Method)\n\tat sun.reflect.NativeMethodAccessorImpl.invoke(NativeMethodAccessorImpl.java:62)\n\tat sun.reflect.DelegatingMethodAccessorImpl.invoke(DelegatingMethodAccessorImpl.java:43)\n\tat java.lang.reflect.Method.invoke(Method.java:498)\n\tat org.junit.runners.model.FrameworkMethod$1.runReflectiveCall(FrameworkMethod.java:50)\n\tat org.junit.internal.runners.model.ReflectiveCallable.run(ReflectiveCallable.java:12)\n\tat org.junit.runners.model.FrameworkMethod.invokeExplosively(FrameworkMethod.java:47)\n\tat org.junit.internal.runners.statements.InvokeMethod.evaluate(InvokeMethod.java:17)\n\tat org.junit.internal.runners.statements.FailOnTimeout$CallableStatement.call(FailOnTimeout.java:298)\n\tat org.junit.internal.runners.statements.FailOnTimeout$CallableStatement.call(FailOnTimeout.java:292)\n\tat java.util.concurrent.FutureTask.run(FutureTask.java:266)\n\tat java.lang.Thread.run(Thread.java:745)\n", "message": "tried to access method scaler.LinearScaleFunc.<init>(II)V from class e1tester.LinearScaleFuncTest"}, "e1tester.LinearScaleFuncTest:testReflectionScale": {"description": "testing signature of scale", "details": "java.lang.AssertionError: LinearScaleFunc must implement scale(double).\n\tat org.junit.Assert.fail(Assert.java:88)\n\tat e1tester.LinearScaleFuncTest.testReflectionScale(LinearScaleFuncTest.java:41)\n\tat sun.reflect.NativeMethodAccessorImpl.invoke0(Native Method)\n\tat sun.reflect.NativeMethodAccessorImpl.invoke(NativeMethodAccessorImpl.java:62)\n\tat sun.reflect.DelegatingMethodAccessorImpl.invoke(DelegatingMethodAccessorImpl.java:43)\n\tat java.lang.reflect.Method.invoke(Method.java:498)\n\tat org.junit.runners.model.FrameworkMethod$1.runReflectiveCall(FrameworkMethod.java:50)\n\tat org.junit.internal.runners.model.ReflectiveCallable.run(ReflectiveCallable.java:12)\n\tat org.junit.runners.model.FrameworkMethod.invokeExplosively(FrameworkMethod.java:47)\n\tat org.junit.internal.runners.statements.InvokeMethod.evaluate(InvokeMethod.java:17)\n\tat org.junit.internal.runners.statements.FailOnTimeout$CallableStatement.call(FailOnTimeout.java:298)\n\tat org.junit.internal.runners.statements.FailOnTimeout$CallableStatement.call(FailOnTimeout.java:292)\n\tat java.util.concurrent.FutureTask.run(FutureTask.java:266)\n\tat java.lang.Thread.run(Thread.java:745)\n", "message": "LinearScaleFunc must implement scale(double)."}}, "errors": {}, "passes": {"e1tester.LinearScaleFuncTest:testReflectionClass": "testing class declaration"}}, "e1tester.LinearScalerTest": {"failures": {"e1tester.LinearScalerTest:testGetScaleFunc": {"description": "testing functionality of getScaleFunc", "details": "java.lang.IllegalAccessError: tried to access method scaler.LinearScaler.getScaleFunc(II)Lscaler/LinearScaleFunc; from class e1tester.LinearScalerTest\n\tat e1tester.LinearScalerTest.testGetScaleFunc(LinearScalerTest.java:51)\n\tat sun.reflect.NativeMethodAccessorImpl.invoke0(Native Method)\n\tat sun.reflect.NativeMethodAccessorImpl.invoke(NativeMethodAccessorImpl.java:62)\n\tat sun.reflect.DelegatingMethodAccessorImpl.invoke(DelegatingMethodAccessorImpl.java:43)\n\tat java.lang.reflect.Method.invoke(Method.java:498)\n\tat org.junit.runners.model.FrameworkMethod$1.runReflectiveCall(FrameworkMethod.java:50)\n\tat org.junit.internal.runners.model.ReflectiveCallable.run(ReflectiveCallable.java:12)\n\tat org.junit.runners.model.FrameworkMethod.invokeExplosively(FrameworkMethod.java:47)\n\tat org.junit.internal.runners.statements.InvokeMethod.evaluate(InvokeMethod.java:17)\n\tat org.junit.internal.runners.statements.FailOnTimeout$CallableStatement.call(FailOnTimeout.java:298)\n\tat org.junit.internal.runners.statements.FailOnTimeout$CallableStatement.call(FailOnTimeout.java:292)\n\tat java.util.concurrent.FutureTask.run(FutureTask.java:266)\n\tat java.lang.Thread.run(Thread.java:745)\n", "message": "tried to access method scaler.LinearScaler.getScaleFunc(II)Lscaler/LinearScaleFunc; from class e1tester.LinearScalerTest"}, "e1tester.LinearScalerTest:testReflectionGetScaleFunc": {"description": "testing signature of getScaleFunc", "details": "java.lang.AssertionError: LinearScaler must implement getScaleFunc(int, int).\n\tat org.junit.Assert.fail(Assert.java:88)\n\tat e1tester.LinearScalerTest.testReflectionGetScaleFunc(LinearScalerTest.java:41)\n\tat sun.reflect.NativeMethodAccessorImpl.invoke0(Native Method)\n\tat sun.reflect.NativeMethodAccessorImpl.invoke(NativeMethodAccessorImpl.java:62)\n\tat sun.reflect.DelegatingMethodAccessorImpl.invoke(DelegatingMethodAccessorImpl.java:43)\n\tat java.lang.reflect.Method.invoke(Method.java:498)\n\tat org.junit.runners.model.FrameworkMethod$1.runReflectiveCall(FrameworkMethod.java:50)\n\tat org.junit.internal.runners.model.ReflectiveCallable.run(ReflectiveCallable.java:12)\n\tat org.junit.runners.model.FrameworkMethod.invokeExplosively(FrameworkMethod.java:47)\n\tat org.junit.internal.runners.statements.InvokeMethod.evaluate(InvokeMethod.java:17)\n\tat org.junit.internal.runners.statements.FailOnTimeout$CallableStatement.call(FailOnTimeout.java:298)\n\tat org.junit.internal.runners.statements.FailOnTimeout$CallableStatement.call(FailOnTimeout.java:292)\n\tat java.util.concurrent.FutureTask.run(FutureTask.java:266)\n\tat java.lang.Thread.run(Thread.java:745)\n", "message": "LinearScaler must implement getScaleFunc(int, int)."}}, "errors": {}, "passes": {"e1tester.LinearScalerTest:testReflectionClass": "testing class declaration"}}}, "assignment": "E1", "date": "2016-05-15T19:04:15"}, {"origin": "/home/anya/at/uam/submissions/wuhao18/e1", "students": [{"section": "N/A", "student_number": "0999495096", "last": "Wu", "first": "Hao", "student_id": "wuhao18", "email": "haooo.wu@mail.utoronto.ca", "source": "N/A"}], "results": {"e1tester.LinearScaleFuncTest": {"failures": {}, "errors": {}, "passes": {"e1tester.LinearScaleFuncTest:testScale": "testing functionality of scale", "e1tester.LinearScaleFuncTest:testReflectionScale": "testing signature of scale", "e1tester.LinearScaleFuncTest:testReflectionClass": "testing class declaration"}}, "e1tester.LinearScalerTest": {"failures": {}, "errors": {}, "passes": {"e1tester.LinearScalerTest:testGetScaleFunc": "testing functionality of getScaleFunc", "e1tester.LinearScalerTest:testReflectionGetScaleFunc": "testing signature of getScaleFunc", "e1tester.LinearScalerTest:testReflectionClass": "testing class declaration"}}}, "assignment": "E1", "date": "2016-05-15T19:04:15"}, {"origin": "/home/anya/at/uam/submissions/xingmu/e1", "students": [{"section": "N/A", "student_number": "1000561858", "last": "Xing", "first": "Mu", "student_id": "xingmu", "email": "lucy.xing@mail.utoronto.ca", "source": "N/A"}], "results": {"e1tester.LinearScaleFuncTest": {"failures": {}, "errors": {}, "passes": {"e1tester.LinearScaleFuncTest:testScale": "testing functionality of scale", "e1tester.LinearScaleFuncTest:testReflectionScale": "testing signature of scale", "e1tester.LinearScaleFuncTest:testReflectionClass": "testing class declaration"}}, "e1tester.LinearScalerTest": {"failures": {}, "errors": {}, "passes": {"e1tester.LinearScalerTest:testGetScaleFunc": "testing functionality of getScaleFunc", "e1tester.LinearScalerTest:testReflectionGetScaleFunc": "testing signature of getScaleFunc", "e1tester.LinearScalerTest:testReflectionClass": "testing class declaration"}}}, "assignment": "E1", "date": "2016-05-15T19:04:15"}, {"origin": "/home/anya/at/uam/submissions/xuman2/e1", "students": [{"section": "N/A", "student_number": "0999586755", "last": "Xu", "first": "Man", "student_id": "xuman2", "email": "miranda.xu@mail.utoronto.ca", "source": "N/A"}], "results": {"e1tester.LinearScaleFuncTest": {"failures": {}, "errors": {}, "passes": {"e1tester.LinearScaleFuncTest:testScale": "testing functionality of scale", "e1tester.LinearScaleFuncTest:testReflectionScale": "testing signature of scale", "e1tester.LinearScaleFuncTest:testReflectionClass": "testing class declaration"}}, "e1tester.LinearScalerTest": {"failures": {}, "errors": {}, "passes": {"e1tester.LinearScalerTest:testGetScaleFunc": "testing functionality of getScaleFunc", "e1tester.LinearScalerTest:testReflectionGetScaleFunc": "testing signature of getScaleFunc", "e1tester.LinearScalerTest:testReflectionClass": "testing class declaration"}}}, "assignment": "E1", "date": "2016-05-15T19:04:15"}, {"origin": "/home/anya/at/uam/submissions/xuxiao5/e1", "students": [{"section": "N/A", "student_number": "0997457185", "last": "Xu", "first": "Xiao", "student_id": "xuxiao5", "email": "allen.xu@mail.utoronto.ca", "source": "N/A"}], "results": {"e1tester.LinearScaleFuncTest": {"failures": {"e1tester.LinearScaleFuncTest:testScale": {"description": "testing functionality of scale", "details": "java.lang.NoClassDefFoundError: scaler/LinearScaleFunc\n\tat e1tester.LinearScaleFuncTest.testScale(LinearScaleFuncTest.java:50)\n\tat sun.reflect.NativeMethodAccessorImpl.invoke0(Native Method)\n\tat sun.reflect.NativeMethodAccessorImpl.invoke(NativeMethodAccessorImpl.java:62)\n\tat sun.reflect.DelegatingMethodAccessorImpl.invoke(DelegatingMethodAccessorImpl.java:43)\n\tat java.lang.reflect.Method.invoke(Method.java:498)\n\tat org.junit.runners.model.FrameworkMethod$1.runReflectiveCall(FrameworkMethod.java:50)\n\tat org.junit.internal.runners.model.ReflectiveCallable.run(ReflectiveCallable.java:12)\n\tat org.junit.runners.model.FrameworkMethod.invokeExplosively(FrameworkMethod.java:47)\n\tat org.junit.internal.runners.statements.InvokeMethod.evaluate(InvokeMethod.java:17)\n\tat org.junit.internal.runners.statements.FailOnTimeout$CallableStatement.call(FailOnTimeout.java:298)\n\tat org.junit.internal.runners.statements.FailOnTimeout$CallableStatement.call(FailOnTimeout.java:292)\n\tat java.util.concurrent.FutureTask.run(FutureTask.java:266)\n\tat java.lang.Thread.run(Thread.java:745)\nCaused by: java.lang.ClassNotFoundException: scaler.LinearScaleFunc\n\tat java.net.URLClassLoader.findClass(URLClassLoader.java:381)\n\tat java.lang.ClassLoader.loadClass(ClassLoader.java:424)\n\tat sun.misc.Launcher$AppClassLoader.loadClass(Launcher.java:331)\n\tat java.lang.ClassLoader.loadClass(ClassLoader.java:357)\n\t... 13 more\n", "message": "Missing a required class: scaler/LinearScaleFunc"}, "e1tester.LinearScaleFuncTest:testReflectionScale": {"description": "testing signature of scale", "details": "java.lang.NoClassDefFoundError: scaler/LinearScaleFunc\n\tat e1tester.LinearScaleFuncTest.testReflectionScale(LinearScaleFuncTest.java:33)\n\tat sun.reflect.NativeMethodAccessorImpl.invoke0(Native Method)\n\tat sun.reflect.NativeMethodAccessorImpl.invoke(NativeMethodAccessorImpl.java:62)\n\tat sun.reflect.DelegatingMethodAccessorImpl.invoke(DelegatingMethodAccessorImpl.java:43)\n\tat java.lang.reflect.Method.invoke(Method.java:498)\n\tat org.junit.runners.model.FrameworkMethod$1.runReflectiveCall(FrameworkMethod.java:50)\n\tat org.junit.internal.runners.model.ReflectiveCallable.run(ReflectiveCallable.java:12)\n\tat org.junit.runners.model.FrameworkMethod.invokeExplosively(FrameworkMethod.java:47)\n\tat org.junit.internal.runners.statements.InvokeMethod.evaluate(InvokeMethod.java:17)\n\tat org.junit.internal.runners.statements.FailOnTimeout$CallableStatement.call(FailOnTimeout.java:298)\n\tat org.junit.internal.runners.statements.FailOnTimeout$CallableStatement.call(FailOnTimeout.java:292)\n\tat java.util.concurrent.FutureTask.run(FutureTask.java:266)\n\tat java.lang.Thread.run(Thread.java:745)\n", "message": "Missing a required class: scaler/LinearScaleFunc"}, "e1tester.LinearScaleFuncTest:testReflectionClass": {"description": "testing class declaration", "details": "java.lang.NoClassDefFoundError: scaler/LinearScaleFunc\n\tat e1tester.LinearScaleFuncTest.testReflectionClass(LinearScaleFuncTest.java:24)\n\tat sun.reflect.NativeMethodAccessorImpl.invoke0(Native Method)\n\tat sun.reflect.NativeMethodAccessorImpl.invoke(NativeMethodAccessorImpl.java:62)\n\tat sun.reflect.DelegatingMethodAccessorImpl.invoke(DelegatingMethodAccessorImpl.java:43)\n\tat java.lang.reflect.Method.invoke(Method.java:498)\n\tat org.junit.runners.model.FrameworkMethod$1.runReflectiveCall(FrameworkMethod.java:50)\n\tat org.junit.internal.runners.model.ReflectiveCallable.run(ReflectiveCallable.java:12)\n\tat org.junit.runners.model.FrameworkMethod.invokeExplosively(FrameworkMethod.java:47)\n\tat org.junit.internal.runners.statements.InvokeMethod.evaluate(InvokeMethod.java:17)\n\tat org.junit.internal.runners.statements.FailOnTimeout$CallableStatement.call(FailOnTimeout.java:298)\n\tat org.junit.internal.runners.statements.FailOnTimeout$CallableStatement.call(FailOnTimeout.java:292)\n\tat java.util.concurrent.FutureTask.run(FutureTask.java:266)\n\tat java.lang.Thread.run(Thread.java:745)\n", "message": "Missing a required class: scaler/LinearScaleFunc"}}, "errors": {}, "passes": {}}, "e1tester.LinearScalerTest": {"failures": {"e1tester.LinearScalerTest:testGetScaleFunc": {"description": "testing functionality of getScaleFunc", "details": "java.lang.NoClassDefFoundError: scaler/LinearScaler\n\tat e1tester.LinearScalerTest.testGetScaleFunc(LinearScalerTest.java:50)\n\tat sun.reflect.NativeMethodAccessorImpl.invoke0(Native Method)\n\tat sun.reflect.NativeMethodAccessorImpl.invoke(NativeMethodAccessorImpl.java:62)\n\tat sun.reflect.DelegatingMethodAccessorImpl.invoke(DelegatingMethodAccessorImpl.java:43)\n\tat java.lang.reflect.Method.invoke(Method.java:498)\n\tat org.junit.runners.model.FrameworkMethod$1.runReflectiveCall(FrameworkMethod.java:50)\n\tat org.junit.internal.runners.model.ReflectiveCallable.run(ReflectiveCallable.java:12)\n\tat org.junit.runners.model.FrameworkMethod.invokeExplosively(FrameworkMethod.java:47)\n\tat org.junit.internal.runners.statements.InvokeMethod.evaluate(InvokeMethod.java:17)\n\tat org.junit.internal.runners.statements.FailOnTimeout$CallableStatement.call(FailOnTimeout.java:298)\n\tat org.junit.internal.runners.statements.FailOnTimeout$CallableStatement.call(FailOnTimeout.java:292)\n\tat java.util.concurrent.FutureTask.run(FutureTask.java:266)\n\tat java.lang.Thread.run(Thread.java:745)\n", "message": "Missing a required class: scaler/LinearScaler"}, "e1tester.LinearScalerTest:testReflectionGetScaleFunc": {"description": "testing signature of getScaleFunc", "details": "java.lang.NoClassDefFoundError: scaler/LinearScaler\n\tat e1tester.LinearScalerTest.testReflectionGetScaleFunc(LinearScalerTest.java:31)\n\tat sun.reflect.NativeMethodAccessorImpl.invoke0(Native Method)\n\tat sun.reflect.NativeMethodAccessorImpl.invoke(NativeMethodAccessorImpl.java:62)\n\tat sun.reflect.DelegatingMethodAccessorImpl.invoke(DelegatingMethodAccessorImpl.java:43)\n\tat java.lang.reflect.Method.invoke(Method.java:498)\n\tat org.junit.runners.model.FrameworkMethod$1.runReflectiveCall(FrameworkMethod.java:50)\n\tat org.junit.internal.runners.model.ReflectiveCallable.run(ReflectiveCallable.java:12)\n\tat org.junit.runners.model.FrameworkMethod.invokeExplosively(FrameworkMethod.java:47)\n\tat org.junit.internal.runners.statements.InvokeMethod.evaluate(InvokeMethod.java:17)\n\tat org.junit.internal.runners.statements.FailOnTimeout$CallableStatement.call(FailOnTimeout.java:298)\n\tat org.junit.internal.runners.statements.FailOnTimeout$CallableStatement.call(FailOnTimeout.java:292)\n\tat java.util.concurrent.FutureTask.run(FutureTask.java:266)\n\tat java.lang.Thread.run(Thread.java:745)\nCaused by: java.lang.ClassNotFoundException: scaler.LinearScaler\n\tat java.net.URLClassLoader.findClass(URLClassLoader.java:381)\n\tat java.lang.ClassLoader.loadClass(ClassLoader.java:424)\n\tat sun.misc.Launcher$AppClassLoader.loadClass(Launcher.java:331)\n\tat java.lang.ClassLoader.loadClass(ClassLoader.java:357)\n\t... 13 more\n", "message": "Missing a required class: scaler/LinearScaler"}, "e1tester.LinearScalerTest:testReflectionClass": {"description": "testing class declaration", "details": "java.lang.NoClassDefFoundError: scaler/LinearScaler\n\tat e1tester.LinearScalerTest.testReflectionClass(LinearScalerTest.java:22)\n\tat sun.reflect.NativeMethodAccessorImpl.invoke0(Native Method)\n\tat sun.reflect.NativeMethodAccessorImpl.invoke(NativeMethodAccessorImpl.java:62)\n\tat sun.reflect.DelegatingMethodAccessorImpl.invoke(DelegatingMethodAccessorImpl.java:43)\n\tat java.lang.reflect.Method.invoke(Method.java:498)\n\tat org.junit.runners.model.FrameworkMethod$1.runReflectiveCall(FrameworkMethod.java:50)\n\tat org.junit.internal.runners.model.ReflectiveCallable.run(ReflectiveCallable.java:12)\n\tat org.junit.runners.model.FrameworkMethod.invokeExplosively(FrameworkMethod.java:47)\n\tat org.junit.internal.runners.statements.InvokeMethod.evaluate(InvokeMethod.java:17)\n\tat org.junit.internal.runners.statements.FailOnTimeout$CallableStatement.call(FailOnTimeout.java:298)\n\tat org.junit.internal.runners.statements.FailOnTimeout$CallableStatement.call(FailOnTimeout.java:292)\n\tat java.util.concurrent.FutureTask.run(FutureTask.java:266)\n\tat java.lang.Thread.run(Thread.java:745)\n", "message": "Missing a required class: scaler/LinearScaler"}}, "errors": {}, "passes": {}}}, "assignment": "E1", "date": "2016-05-15T19:04:15"}, {"origin": "/home/anya/at/uam/submissions/zhangf31/e1", "students": [{"section": "N/A", "student_number": "0999988651", "last": "Zhang", "first": "Fanyi", "student_id": "zhangf31", "email": "fanyi.zhang@mail.utoronto.ca", "source": "N/A"}], "results": {"e1tester.LinearScaleFuncTest": {"failures": {}, "errors": {}, "passes": {"e1tester.LinearScaleFuncTest:testScale": "testing functionality of scale", "e1tester.LinearScaleFuncTest:testReflectionScale": "testing signature of scale", "e1tester.LinearScaleFuncTest:testReflectionClass": "testing class declaration"}}, "e1tester.LinearScalerTest": {"failures": {}, "errors": {}, "passes": {"e1tester.LinearScalerTest:testGetScaleFunc": "testing functionality of getScaleFunc", "e1tester.LinearScalerTest:testReflectionGetScaleFunc": "testing signature of getScaleFunc", "e1tester.LinearScalerTest:testReflectionClass": "testing class declaration"}}}, "assignment": "E1", "date": "2016-05-15T19:04:15"}, {"origin": "/home/anya/at/uam/submissions/zhaorick/e1", "students": [{"section": "N/A", "student_number": "0999944743", "last": "Zhao", "first": "Ricky", "student_id": "zhaorick", "email": "ricky.zhao@mail.utoronto.ca", "source": "N/A"}], "results": {"e1tester.LinearScaleFuncTest": {"failures": {}, "errors": {}, "passes": {"e1tester.LinearScaleFuncTest:testScale": "testing functionality of scale", "e1tester.LinearScaleFuncTest:testReflectionScale": "testing signature of scale", "e1tester.LinearScaleFuncTest:testReflectionClass": "testing class declaration"}}, "e1tester.LinearScalerTest": {"failures": {}, "errors": {}, "passes": {"e1tester.LinearScalerTest:testGetScaleFunc": "testing functionality of getScaleFunc", "e1tester.LinearScalerTest:testReflectionGetScaleFunc": "testing signature of getScaleFunc", "e1tester.LinearScalerTest:testReflectionClass": "testing class declaration"}}}, "assignment": "E1", "date": "2016-05-15T19:04:15"}, {"origin": "/home/anya/at/uam/submissions/zhengj23/e1", "students": [{"section": "N/A", "student_number": "1000598025", "last": "Zheng", "first": "Jin", "student_id": "zhengj23", "email": "jintong.zheng@mail.utoronto.ca", "source": "N/A"}], "results": {"e1tester.LinearScaleFuncTest": {"failures": {}, "errors": {}, "passes": {"e1tester.LinearScaleFuncTest:testScale": "testing functionality of scale", "e1tester.LinearScaleFuncTest:testReflectionScale": "testing signature of scale", "e1tester.LinearScaleFuncTest:testReflectionClass": "testing class declaration"}}, "e1tester.LinearScalerTest": {"failures": {}, "errors": {}, "passes": {"e1tester.LinearScalerTest:testGetScaleFunc": "testing functionality of getScaleFunc", "e1tester.LinearScalerTest:testReflectionGetScaleFunc": "testing signature of getScaleFunc", "e1tester.LinearScalerTest:testReflectionClass": "testing class declaration"}}}, "assignment": "E1", "date": "2016-05-15T19:04:15"}, {"origin": "/home/anya/at/uam/submissions/zhengna4/e1", "students": [{"section": "N/A", "student_number": "1000813827", "last": "Zheng", "first": "Nanson", "student_id": "zhengna4", "email": "nanson.zheng@mail.utoronto.ca", "source": "N/A"}], "results": {"e1tester.LinearScaleFuncTest": {"failures": {}, "errors": {}, "passes": {"e1tester.LinearScaleFuncTest:testScale": "testing functionality of scale", "e1tester.LinearScaleFuncTest:testReflectionScale": "testing signature of scale", "e1tester.LinearScaleFuncTest:testReflectionClass": "testing class declaration"}}, "e1tester.LinearScalerTest": {"failures": {}, "errors": {}, "passes": {"e1tester.LinearScalerTest:testGetScaleFunc": "testing functionality of getScaleFunc", "e1tester.LinearScalerTest:testReflectionGetScaleFunc": "testing signature of getScaleFunc", "e1tester.LinearScalerTest:testReflectionClass": "testing class declaration"}}}, "assignment": "E1", "date": "2016-05-15T19:04:15"}, {"origin": "/home/anya/at/uam/submissions/zhengyo4/e1", "students": [{"section": "N/A", "student_number": "0999838038", "last": "Zheng", "first": "Yongzhe", "student_id": "zhengyo4", "email": "yongzhe.zheng@mail.utoronto.ca", "source": "N/A"}], "results": {"e1tester.LinearScaleFuncTest": {"failures": {"e1tester.LinearScaleFuncTest:testScale": {"description": "testing functionality of scale", "details": "java.lang.NoClassDefFoundError: scaler/LinearScaleFunc (wrong name: LinearScaleFunc)\n\tat java.lang.ClassLoader.defineClass1(Native Method)\n\tat java.lang.ClassLoader.defineClass(ClassLoader.java:760)\n\tat java.security.SecureClassLoader.defineClass(SecureClassLoader.java:142)\n\tat java.net.URLClassLoader.defineClass(URLClassLoader.java:467)\n\tat java.net.URLClassLoader.access$100(URLClassLoader.java:73)\n\tat java.net.URLClassLoader$1.run(URLClassLoader.java:368)\n\tat java.net.URLClassLoader$1.run(URLClassLoader.java:362)\n\tat java.security.AccessController.doPrivileged(Native Method)\n\tat java.net.URLClassLoader.findClass(URLClassLoader.java:361)\n\tat java.lang.ClassLoader.loadClass(ClassLoader.java:424)\n\tat sun.misc.Launcher$AppClassLoader.loadClass(Launcher.java:331)\n\tat java.lang.ClassLoader.loadClass(ClassLoader.java:357)\n\tat e1tester.LinearScaleFuncTest.testScale(LinearScaleFuncTest.java:50)\n\tat sun.reflect.NativeMethodAccessorImpl.invoke0(Native Method)\n\tat sun.reflect.NativeMethodAccessorImpl.invoke(NativeMethodAccessorImpl.java:62)\n\tat sun.reflect.DelegatingMethodAccessorImpl.invoke(DelegatingMethodAccessorImpl.java:43)\n\tat java.lang.reflect.Method.invoke(Method.java:498)\n\tat org.junit.runners.model.FrameworkMethod$1.runReflectiveCall(FrameworkMethod.java:50)\n\tat org.junit.internal.runners.model.ReflectiveCallable.run(ReflectiveCallable.java:12)\n\tat org.junit.runners.model.FrameworkMethod.invokeExplosively(FrameworkMethod.java:47)\n\tat org.junit.internal.runners.statements.InvokeMethod.evaluate(InvokeMethod.java:17)\n\tat org.junit.internal.runners.statements.FailOnTimeout$CallableStatement.call(FailOnTimeout.java:298)\n\tat org.junit.internal.runners.statements.FailOnTimeout$CallableStatement.call(FailOnTimeout.java:292)\n\tat java.util.concurrent.FutureTask.run(FutureTask.java:266)\n\tat java.lang.Thread.run(Thread.java:745)\n", "message": "Missing a required class: scaler/LinearScaleFunc (wrong name: LinearScaleFunc)"}, "e1tester.LinearScaleFuncTest:testReflectionScale": {"description": "testing signature of scale", "details": "java.lang.NoClassDefFoundError: scaler/LinearScaleFunc\n\tat e1tester.LinearScaleFuncTest.testReflectionScale(LinearScaleFuncTest.java:33)\n\tat sun.reflect.NativeMethodAccessorImpl.invoke0(Native Method)\n\tat sun.reflect.NativeMethodAccessorImpl.invoke(NativeMethodAccessorImpl.java:62)\n\tat sun.reflect.DelegatingMethodAccessorImpl.invoke(DelegatingMethodAccessorImpl.java:43)\n\tat java.lang.reflect.Method.invoke(Method.java:498)\n\tat org.junit.runners.model.FrameworkMethod$1.runReflectiveCall(FrameworkMethod.java:50)\n\tat org.junit.internal.runners.model.ReflectiveCallable.run(ReflectiveCallable.java:12)\n\tat org.junit.runners.model.FrameworkMethod.invokeExplosively(FrameworkMethod.java:47)\n\tat org.junit.internal.runners.statements.InvokeMethod.evaluate(InvokeMethod.java:17)\n\tat org.junit.internal.runners.statements.FailOnTimeout$CallableStatement.call(FailOnTimeout.java:298)\n\tat org.junit.internal.runners.statements.FailOnTimeout$CallableStatement.call(FailOnTimeout.java:292)\n\tat java.util.concurrent.FutureTask.run(FutureTask.java:266)\n\tat java.lang.Thread.run(Thread.java:745)\n", "message": "Missing a required class: scaler/LinearScaleFunc"}, "e1tester.LinearScaleFuncTest:testReflectionClass": {"description": "testing class declaration", "details": "java.lang.NoClassDefFoundError: scaler/LinearScaleFunc\n\tat e1tester.LinearScaleFuncTest.testReflectionClass(LinearScaleFuncTest.java:24)\n\tat sun.reflect.NativeMethodAccessorImpl.invoke0(Native Method)\n\tat sun.reflect.NativeMethodAccessorImpl.invoke(NativeMethodAccessorImpl.java:62)\n\tat sun.reflect.DelegatingMethodAccessorImpl.invoke(DelegatingMethodAccessorImpl.java:43)\n\tat java.lang.reflect.Method.invoke(Method.java:498)\n\tat org.junit.runners.model.FrameworkMethod$1.runReflectiveCall(FrameworkMethod.java:50)\n\tat org.junit.internal.runners.model.ReflectiveCallable.run(ReflectiveCallable.java:12)\n\tat org.junit.runners.model.FrameworkMethod.invokeExplosively(FrameworkMethod.java:47)\n\tat org.junit.internal.runners.statements.InvokeMethod.evaluate(InvokeMethod.java:17)\n\tat org.junit.internal.runners.statements.FailOnTimeout$CallableStatement.call(FailOnTimeout.java:298)\n\tat org.junit.internal.runners.statements.FailOnTimeout$CallableStatement.call(FailOnTimeout.java:292)\n\tat java.util.concurrent.FutureTask.run(FutureTask.java:266)\n\tat java.lang.Thread.run(Thread.java:745)\n", "message": "Missing a required class: scaler/LinearScaleFunc"}}, "errors": {}, "passes": {}}, "e1tester.LinearScalerTest": {"failures": {"e1tester.LinearScalerTest:testGetScaleFunc": {"description": "testing functionality of getScaleFunc", "details": "java.lang.NoClassDefFoundError: scaler/LinearScaler\n\tat e1tester.LinearScalerTest.testGetScaleFunc(LinearScalerTest.java:50)\n\tat sun.reflect.NativeMethodAccessorImpl.invoke0(Native Method)\n\tat sun.reflect.NativeMethodAccessorImpl.invoke(NativeMethodAccessorImpl.java:62)\n\tat sun.reflect.DelegatingMethodAccessorImpl.invoke(DelegatingMethodAccessorImpl.java:43)\n\tat java.lang.reflect.Method.invoke(Method.java:498)\n\tat org.junit.runners.model.FrameworkMethod$1.runReflectiveCall(FrameworkMethod.java:50)\n\tat org.junit.internal.runners.model.ReflectiveCallable.run(ReflectiveCallable.java:12)\n\tat org.junit.runners.model.FrameworkMethod.invokeExplosively(FrameworkMethod.java:47)\n\tat org.junit.internal.runners.statements.InvokeMethod.evaluate(InvokeMethod.java:17)\n\tat org.junit.internal.runners.statements.FailOnTimeout$CallableStatement.call(FailOnTimeout.java:298)\n\tat org.junit.internal.runners.statements.FailOnTimeout$CallableStatement.call(FailOnTimeout.java:292)\n\tat java.util.concurrent.FutureTask.run(FutureTask.java:266)\n\tat java.lang.Thread.run(Thread.java:745)\n", "message": "Missing a required class: scaler/LinearScaler"}, "e1tester.LinearScalerTest:testReflectionGetScaleFunc": {"description": "testing signature of getScaleFunc", "details": "java.lang.NoClassDefFoundError: scaler/LinearScaler (wrong name: LinearScaler)\n\tat java.lang.ClassLoader.defineClass1(Native Method)\n\tat java.lang.ClassLoader.defineClass(ClassLoader.java:760)\n\tat java.security.SecureClassLoader.defineClass(SecureClassLoader.java:142)\n\tat java.net.URLClassLoader.defineClass(URLClassLoader.java:467)\n\tat java.net.URLClassLoader.access$100(URLClassLoader.java:73)\n\tat java.net.URLClassLoader$1.run(URLClassLoader.java:368)\n\tat java.net.URLClassLoader$1.run(URLClassLoader.java:362)\n\tat java.security.AccessController.doPrivileged(Native Method)\n\tat java.net.URLClassLoader.findClass(URLClassLoader.java:361)\n\tat java.lang.ClassLoader.loadClass(ClassLoader.java:424)\n\tat sun.misc.Launcher$AppClassLoader.loadClass(Launcher.java:331)\n\tat java.lang.ClassLoader.loadClass(ClassLoader.java:357)\n\tat e1tester.LinearScalerTest.testReflectionGetScaleFunc(LinearScalerTest.java:31)\n\tat sun.reflect.NativeMethodAccessorImpl.invoke0(Native Method)\n\tat sun.reflect.NativeMethodAccessorImpl.invoke(NativeMethodAccessorImpl.java:62)\n\tat sun.reflect.DelegatingMethodAccessorImpl.invoke(DelegatingMethodAccessorImpl.java:43)\n\tat java.lang.reflect.Method.invoke(Method.java:498)\n\tat org.junit.runners.model.FrameworkMethod$1.runReflectiveCall(FrameworkMethod.java:50)\n\tat org.junit.internal.runners.model.ReflectiveCallable.run(ReflectiveCallable.java:12)\n\tat org.junit.runners.model.FrameworkMethod.invokeExplosively(FrameworkMethod.java:47)\n\tat org.junit.internal.runners.statements.InvokeMethod.evaluate(InvokeMethod.java:17)\n\tat org.junit.internal.runners.statements.FailOnTimeout$CallableStatement.call(FailOnTimeout.java:298)\n\tat org.junit.internal.runners.statements.FailOnTimeout$CallableStatement.call(FailOnTimeout.java:292)\n\tat java.util.concurrent.FutureTask.run(FutureTask.java:266)\n\tat java.lang.Thread.run(Thread.java:745)\n", "message": "Missing a required class: scaler/LinearScaler (wrong name: LinearScaler)"}, "e1tester.LinearScalerTest:testReflectionClass": {"description": "testing class declaration", "details": "java.lang.NoClassDefFoundError: scaler/LinearScaler\n\tat e1tester.LinearScalerTest.testReflectionClass(LinearScalerTest.java:22)\n\tat sun.reflect.NativeMethodAccessorImpl.invoke0(Native Method)\n\tat sun.reflect.NativeMethodAccessorImpl.invoke(NativeMethodAccessorImpl.java:62)\n\tat sun.reflect.DelegatingMethodAccessorImpl.invoke(DelegatingMethodAccessorImpl.java:43)\n\tat java.lang.reflect.Method.invoke(Method.java:498)\n\tat org.junit.runners.model.FrameworkMethod$1.runReflectiveCall(FrameworkMethod.java:50)\n\tat org.junit.internal.runners.model.ReflectiveCallable.run(ReflectiveCallable.java:12)\n\tat org.junit.runners.model.FrameworkMethod.invokeExplosively(FrameworkMethod.java:47)\n\tat org.junit.internal.runners.statements.InvokeMethod.evaluate(InvokeMethod.java:17)\n\tat org.junit.internal.runners.statements.FailOnTimeout$CallableStatement.call(FailOnTimeout.java:298)\n\tat org.junit.internal.runners.statements.FailOnTimeout$CallableStatement.call(FailOnTimeout.java:292)\n\tat java.util.concurrent.FutureTask.run(FutureTask.java:266)\n\tat java.lang.Thread.run(Thread.java:745)\n", "message": "Missing a required class: scaler/LinearScaler"}}, "errors": {}, "passes": {}}}, "assignment": "E1", "date": "2016-05-15T19:04:15"}, {"origin": "/home/anya/at/uam/submissions/zhouxi47/e1", "students": [{"section": "N/A", "student_number": "1000763836", "last": "Zhou", "first": "Xiaohan", "student_id": "zhouxi47", "email": "xiaoh.zhou@mail.utoronto.ca", "source": "N/A"}], "results": {"e1tester.LinearScaleFuncTest": {"failures": {}, "errors": {}, "passes": {"e1tester.LinearScaleFuncTest:testScale": "testing functionality of scale", "e1tester.LinearScaleFuncTest:testReflectionScale": "testing signature of scale", "e1tester.LinearScaleFuncTest:testReflectionClass": "testing class declaration"}}, "e1tester.LinearScalerTest": {"failures": {}, "errors": {}, "passes": {"e1tester.LinearScalerTest:testGetScaleFunc": "testing functionality of getScaleFunc", "e1tester.LinearScalerTest:testReflectionGetScaleFunc": "testing signature of getScaleFunc", "e1tester.LinearScalerTest:testReflectionClass": "testing class declaration"}}}, "assignment": "E1", "date": "2016-05-15T19:04:15"}, {"origin": "/home/anya/at/uam/submissions/zhulin7/e1", "students": [{"section": "N/A", "student_number": "0999882140", "last": "Zhu", "first": "Lin", "student_id": "zhulin7", "email": "julielin.zhu@mail.utoronto.ca", "source": "N/A"}], "results": {"e1tester.LinearScaleFuncTest": {"failures": {}, "errors": {}, "passes": {"e1tester.LinearScaleFuncTest:testScale": "testing functionality of scale", "e1tester.LinearScaleFuncTest:testReflectionScale": "testing signature of scale", "e1tester.LinearScaleFuncTest:testReflectionClass": "testing class declaration"}}, "e1tester.LinearScalerTest": {"failures": {}, "errors": {}, "passes": {"e1tester.LinearScalerTest:testGetScaleFunc": "testing functionality of getScaleFunc", "e1tester.LinearScalerTest:testReflectionGetScaleFunc": "testing signature of getScaleFunc", "e1tester.LinearScalerTest:testReflectionClass": "testing class declaration"}}}, "assignment": "E1", "date": "2016-05-15T19:04:15"}, {"origin": "/home/anya/at/uam/submissions/zuoandre/e1", "students": [{"section": "N/A", "student_number": "1000671873", "last": "Zuo", "first": "Andrew", "student_id": "zuoandre", "email": "andrew.zuo@mail.utoronto.ca", "source": "N/A"}], "results": {"e1tester.LinearScaleFuncTest": {"failures": {}, "errors": {}, "passes": {"e1tester.LinearScaleFuncTest:testScale": "testing functionality of scale", "e1tester.LinearScaleFuncTest:testReflectionScale": "testing signature of scale", "e1tester.LinearScaleFuncTest:testReflectionClass": "testing class declaration"}}, "e1tester.LinearScalerTest": {"failures": {"e1tester.LinearScalerTest:testGetScaleFunc": {"description": "testing functionality of getScaleFunc", "details": "java.lang.IncompatibleClassChangeError: Expecting non-static method scaler.LinearScaler.getScaleFunc(II)Lscaler/LinearScaleFunc;\n\tat e1tester.LinearScalerTest.testGetScaleFunc(LinearScalerTest.java:51)\n\tat sun.reflect.NativeMethodAccessorImpl.invoke0(Native Method)\n\tat sun.reflect.NativeMethodAccessorImpl.invoke(NativeMethodAccessorImpl.java:62)\n\tat sun.reflect.DelegatingMethodAccessorImpl.invoke(DelegatingMethodAccessorImpl.java:43)\n\tat java.lang.reflect.Method.invoke(Method.java:498)\n\tat org.junit.runners.model.FrameworkMethod$1.runReflectiveCall(FrameworkMethod.java:50)\n\tat org.junit.internal.runners.model.ReflectiveCallable.run(ReflectiveCallable.java:12)\n\tat org.junit.runners.model.FrameworkMethod.invokeExplosively(FrameworkMethod.java:47)\n\tat org.junit.internal.runners.statements.InvokeMethod.evaluate(InvokeMethod.java:17)\n\tat org.junit.internal.runners.statements.FailOnTimeout$CallableStatement.call(FailOnTimeout.java:298)\n\tat org.junit.internal.runners.statements.FailOnTimeout$CallableStatement.call(FailOnTimeout.java:292)\n\tat java.util.concurrent.FutureTask.run(FutureTask.java:266)\n\tat java.lang.Thread.run(Thread.java:745)\n", "message": "Expecting non-static method scaler.LinearScaler.getScaleFunc(II)Lscaler/LinearScaleFunc;"}}, "errors": {}, "passes": {"e1tester.LinearScalerTest:testReflectionGetScaleFunc": "testing signature of getScaleFunc", "e1tester.LinearScalerTest:testReflectionClass": "testing class declaration"}}}, "assignment": "E1", "date": "2016-05-15T19:04:15"}], "tests": ["e1tester.LinearScaleFuncTest:testReflectionClass", "e1tester.LinearScaleFuncTest:testReflectionScale", "e1tester.LinearScaleFuncTest:testScale", "e1tester.LinearScalerTest:testGetScaleFunc", "e1tester.LinearScalerTest:testReflectionClass", "e1tester.LinearScalerTest:testReflectionGetScaleFunc"]}
