{"students": [{"student_id": "nosubmission", "source": "N/A", "email": "nsem", "student_number": "4444444444", "section": "N/A", "last": "nsl", "first": "nsf"}], "assignment": "E2", "results": {"E2.e2tester.GraphTest": {"passes": {}, "failures": {"initializationError": {"description": "Compilation errors! Could not run any tests for this class.", "message": "Missing a required class: e2soln/NoSuchNodeException", "details": "java.lang.NoClassDefFoundError: e2soln/NoSuchNodeException\n\tat java.lang.Class.getDeclaredMethods0(Native Method)\n\tat java.lang.Class.privateGetDeclaredMethods(Class.java:2615)\n\tat java.lang.Class.getMethod0(Class.java:2856)\n\tat java.lang.Class.getMethod(Class.java:1668)\n\tat org.junit.internal.builders.SuiteMethodBuilder.hasSuiteMethod(SuiteMethodBuilder.java:18)\n\tat org.junit.internal.builders.SuiteMethodBuilder.runnerForClass(SuiteMethodBuilder.java:10)\n\tat org.junit.runners.model.RunnerBuilder.safeRunnerForClass(RunnerBuilder.java:59)\n\tat org.junit.internal.builders.AllDefaultPossibilitiesBuilder.runnerForClass(AllDefaultPossibilitiesBuilder.java:26)\n\tat org.junit.runners.model.RunnerBuilder.safeRunnerForClass(RunnerBuilder.java:59)\n\tat org.junit.runners.model.RunnerBuilder.runners(RunnerBuilder.java:101)\n\tat org.junit.runners.model.RunnerBuilder.runners(RunnerBuilder.java:87)\n\tat org.junit.runners.Suite.<init>(Suite.java:102)\n\tat org.junit.runners.Suite.<init>(Suite.java:70)\n\tat sun.reflect.NativeConstructorAccessorImpl.newInstance0(Native Method)\n\tat sun.reflect.NativeConstructorAccessorImpl.newInstance(NativeConstructorAccessorImpl.java:57)\n\tat sun.reflect.DelegatingConstructorAccessorImpl.newInstance(DelegatingConstructorAccessorImpl.java:45)\n\tat java.lang.reflect.Constructor.newInstance(Constructor.java:526)\n\tat org.junit.internal.builders.AnnotatedBuilder.buildRunner(AnnotatedBuilder.java:107)\n\tat org.junit.internal.builders.AnnotatedBuilder.runnerForClass(AnnotatedBuilder.java:86)\n\tat org.junit.runners.model.RunnerBuilder.safeRunnerForClass(RunnerBuilder.java:59)\n\tat org.junit.internal.builders.AllDefaultPossibilitiesBuilder.runnerForClass(AllDefaultPossibilitiesBuilder.java:26)\n\tat org.junit.runner.Computer.getRunner(Computer.java:40)\n\tat org.junit.runner.Computer$1.runnerForClass(Computer.java:31)\n\tat org.junit.runners.model.RunnerBuilder.safeRunnerForClass(RunnerBuilder.java:59)\n\tat org.junit.runners.model.RunnerBuilder.runners(RunnerBuilder.java:101)\n\tat org.junit.runners.model.RunnerBuilder.runners(RunnerBuilder.java:87)\n\tat org.junit.runners.Suite.<init>(Suite.java:81)\n\tat org.junit.runner.Computer.getSuite(Computer.java:28)\n\tat org.junit.runner.Request.classes(Request.java:75)\n\tat org.junit.runner.JUnitCommandLineParseResult.createRequest(JUnitCommandLineParseResult.java:118)\n\tat org.junit.runner.JAMCore.runMain(JAMCore.java:72)\n\tat org.junit.runner.JAMCore.main(JAMCore.java:49)\nCaused by: java.lang.ClassNotFoundException: e2soln.NoSuchNodeException\n\tat java.net.URLClassLoader$1.run(URLClassLoader.java:366)\n\tat java.net.URLClassLoader$1.run(URLClassLoader.java:355)\n\tat java.security.AccessController.doPrivileged(Native Method)\n\tat java.net.URLClassLoader.findClass(URLClassLoader.java:354)\n\tat java.lang.ClassLoader.loadClass(ClassLoader.java:425)\n\tat sun.misc.Launcher$AppClassLoader.loadClass(Launcher.java:308)\n\tat java.lang.ClassLoader.loadClass(ClassLoader.java:358)\n\t... 32 more\n"}}, "errors": {}}, "E2.e2tester.NoSuchNodeExceptionTest": {"passes": {}, "failures": {"testIsCheckedException": {"description": "that NoSuchNodeException is a checked exception", "message": "Missing a required class: e2soln/NoSuchNodeException", "details": "java.lang.NoClassDefFoundError: e2soln/NoSuchNodeException\n\tat E2.e2tester.NoSuchNodeExceptionTest.testIsCheckedException(NoSuchNodeExceptionTest.java:25)\n\tat sun.reflect.NativeMethodAccessorImpl.invoke0(Native Method)\n\tat sun.reflect.NativeMethodAccessorImpl.invoke(NativeMethodAccessorImpl.java:57)\n\tat sun.reflect.DelegatingMethodAccessorImpl.invoke(DelegatingMethodAccessorImpl.java:43)\n\tat java.lang.reflect.Method.invoke(Method.java:606)\n\tat org.junit.runners.model.FrameworkMethod$1.runReflectiveCall(FrameworkMethod.java:50)\n\tat org.junit.internal.runners.model.ReflectiveCallable.run(ReflectiveCallable.java:12)\n\tat org.junit.runners.model.FrameworkMethod.invokeExplosively(FrameworkMethod.java:47)\n\tat org.junit.internal.runners.statements.InvokeMethod.evaluate(InvokeMethod.java:17)\n\tat org.junit.internal.runners.statements.FailOnTimeout$CallableStatement.call(FailOnTimeout.java:298)\n\tat org.junit.internal.runners.statements.FailOnTimeout$CallableStatement.call(FailOnTimeout.java:292)\n\tat java.util.concurrent.FutureTask.run(FutureTask.java:262)\n\tat java.lang.Thread.run(Thread.java:745)\nCaused by: java.lang.ClassNotFoundException: e2soln.NoSuchNodeException\n\tat java.net.URLClassLoader$1.run(URLClassLoader.java:366)\n\tat java.net.URLClassLoader$1.run(URLClassLoader.java:355)\n\tat java.security.AccessController.doPrivileged(Native Method)\n\tat java.net.URLClassLoader.findClass(URLClassLoader.java:354)\n\tat java.lang.ClassLoader.loadClass(ClassLoader.java:425)\n\tat sun.misc.Launcher$AppClassLoader.loadClass(Launcher.java:308)\n\tat java.lang.ClassLoader.loadClass(ClassLoader.java:358)\n\t... 13 more\n"}, "testConstructorNoArgs": {"description": "the NoSuchNodeException constructor with no arguments", "message": "Missing a required class: e2soln/NoSuchNodeException", "details": "java.lang.NoClassDefFoundError: e2soln/NoSuchNodeException\n\tat E2.e2tester.NoSuchNodeExceptionTest.testConstructorNoArgs(NoSuchNodeExceptionTest.java:13)\n\tat sun.reflect.NativeMethodAccessorImpl.invoke0(Native Method)\n\tat sun.reflect.NativeMethodAccessorImpl.invoke(NativeMethodAccessorImpl.java:57)\n\tat sun.reflect.DelegatingMethodAccessorImpl.invoke(DelegatingMethodAccessorImpl.java:43)\n\tat java.lang.reflect.Method.invoke(Method.java:606)\n\tat org.junit.runners.model.FrameworkMethod$1.runReflectiveCall(FrameworkMethod.java:50)\n\tat org.junit.internal.runners.model.ReflectiveCallable.run(ReflectiveCallable.java:12)\n\tat org.junit.runners.model.FrameworkMethod.invokeExplosively(FrameworkMethod.java:47)\n\tat org.junit.internal.runners.statements.InvokeMethod.evaluate(InvokeMethod.java:17)\n\tat org.junit.internal.runners.statements.FailOnTimeout$CallableStatement.call(FailOnTimeout.java:298)\n\tat org.junit.internal.runners.statements.FailOnTimeout$CallableStatement.call(FailOnTimeout.java:292)\n\tat java.util.concurrent.FutureTask.run(FutureTask.java:262)\n\tat java.lang.Thread.run(Thread.java:745)\n"}, "testConstructorOneArg": {"description": "the NoSuchNodeException constructor with one argument", "message": "Missing a required class: e2soln/NoSuchNodeException", "details": "java.lang.NoClassDefFoundError: e2soln/NoSuchNodeException\n\tat E2.e2tester.NoSuchNodeExceptionTest.testConstructorOneArg(NoSuchNodeExceptionTest.java:19)\n\tat sun.reflect.NativeMethodAccessorImpl.invoke0(Native Method)\n\tat sun.reflect.NativeMethodAccessorImpl.invoke(NativeMethodAccessorImpl.java:57)\n\tat sun.reflect.DelegatingMethodAccessorImpl.invoke(DelegatingMethodAccessorImpl.java:43)\n\tat java.lang.reflect.Method.invoke(Method.java:606)\n\tat org.junit.runners.model.FrameworkMethod$1.runReflectiveCall(FrameworkMethod.java:50)\n\tat org.junit.internal.runners.model.ReflectiveCallable.run(ReflectiveCallable.java:12)\n\tat org.junit.runners.model.FrameworkMethod.invokeExplosively(FrameworkMethod.java:47)\n\tat org.junit.internal.runners.statements.InvokeMethod.evaluate(InvokeMethod.java:17)\n\tat org.junit.internal.runners.statements.FailOnTimeout$CallableStatement.call(FailOnTimeout.java:298)\n\tat org.junit.internal.runners.statements.FailOnTimeout$CallableStatement.call(FailOnTimeout.java:292)\n\tat java.util.concurrent.FutureTask.run(FutureTask.java:262)\n\tat java.lang.Thread.run(Thread.java:745)\n"}}, "errors": {}}}, "origin": "/home/anya/projects/at/u-of-t-autotester/uam/testjam/submissions/nosubmission/E2", "date": "2015-07-21T12:34:14"}