Autotested Results for E2 submitted by sf sl (syntax)
Generated at 2015-07-21T12:34:14

Summary of Results: 0 out of 4 tests successfully passed
--

Tests for E2.e2tester.GraphTest (0/1 passed)
--

1) Compilation errors! Could not run any tests for this class.                        .. failed
.. because Missing a required class: e2soln/NoSuchNodeException (details below):

    java.lang.NoClassDefFoundError: e2soln/NoSuchNodeException
    	at java.lang.Class.getDeclaredMethods0(Native Method)
    	at java.lang.Class.privateGetDeclaredMethods(Class.java:2615)
    	at java.lang.Class.getMethod0(Class.java:2856)
    	at java.lang.Class.getMethod(Class.java:1668)
    	at org.junit.internal.builders.SuiteMethodBuilder.hasSuiteMethod(SuiteMethodBuilder.java:18)
    	at org.junit.internal.builders.SuiteMethodBuilder.runnerForClass(SuiteMethodBuilder.java:10)
    	at org.junit.runners.model.RunnerBuilder.safeRunnerForClass(RunnerBuilder.java:59)
    	at org.junit.internal.builders.AllDefaultPossibilitiesBuilder.runnerForClass(AllDefaultPossibilitiesBuilder.java:26)
    	at org.junit.runners.model.RunnerBuilder.safeRunnerForClass(RunnerBuilder.java:59)
    	at org.junit.runners.model.RunnerBuilder.runners(RunnerBuilder.java:101)
    	at org.junit.runners.model.RunnerBuilder.runners(RunnerBuilder.java:87)
    	at org.junit.runners.Suite.<init>(Suite.java:102)
    	at org.junit.runners.Suite.<init>(Suite.java:70)
    	at sun.reflect.NativeConstructorAccessorImpl.newInstance0(Native Method)
    	at sun.reflect.NativeConstructorAccessorImpl.newInstance(NativeConstructorAccessorImpl.java:57)
    	at sun.reflect.DelegatingConstructorAccessorImpl.newInstance(DelegatingConstructorAccessorImpl.java:45)
    	at java.lang.reflect.Constructor.newInstance(Constructor.java:526)
    	at org.junit.internal.builders.AnnotatedBuilder.buildRunner(AnnotatedBuilder.java:107)
    	at org.junit.internal.builders.AnnotatedBuilder.runnerForClass(AnnotatedBuilder.java:86)
    	at org.junit.runners.model.RunnerBuilder.safeRunnerForClass(RunnerBuilder.java:59)
    	at org.junit.internal.builders.AllDefaultPossibilitiesBuilder.runnerForClass(AllDefaultPossibilitiesBuilder.java:26)
    	at org.junit.runner.Computer.getRunner(Computer.java:40)
    	at org.junit.runner.Computer$1.runnerForClass(Computer.java:31)
    	at org.junit.runners.model.RunnerBuilder.safeRunnerForClass(RunnerBuilder.java:59)
    	at org.junit.runners.model.RunnerBuilder.runners(RunnerBuilder.java:101)
    	at org.junit.runners.model.RunnerBuilder.runners(RunnerBuilder.java:87)
    	at org.junit.runners.Suite.<init>(Suite.java:81)
    	at org.junit.runner.Computer.getSuite(Computer.java:28)
    	at org.junit.runner.Request.classes(Request.java:75)
    	at org.junit.runner.JUnitCommandLineParseResult.createRequest(JUnitCommandLineParseResult.java:118)
    	at org.junit.runner.JAMCore.runMain(JAMCore.java:72)
    	at org.junit.runner.JAMCore.main(JAMCore.java:49)
    Caused by: java.lang.ClassNotFoundException: e2soln.NoSuchNodeException
    	at java.net.URLClassLoader$1.run(URLClassLoader.java:366)
    	at java.net.URLClassLoader$1.run(URLClassLoader.java:355)
    	at java.security.AccessController.doPrivileged(Native Method)
    	at java.net.URLClassLoader.findClass(URLClassLoader.java:354)
    	at java.lang.ClassLoader.loadClass(ClassLoader.java:425)
    	at sun.misc.Launcher$AppClassLoader.loadClass(Launcher.java:308)
    	at java.lang.ClassLoader.loadClass(ClassLoader.java:358)
    	... 32 more



Tests for E2.e2tester.NoSuchNodeExceptionTest (0/3 passed)
--

1) that NoSuchNodeException is a checked exception                                    .. failed
.. because Missing a required class: e2soln/NoSuchNodeException (details below):

    java.lang.NoClassDefFoundError: e2soln/NoSuchNodeException
    	at E2.e2tester.NoSuchNodeExceptionTest.testIsCheckedException(NoSuchNodeExceptionTest.java:25)
    	at sun.reflect.NativeMethodAccessorImpl.invoke0(Native Method)
    	at sun.reflect.NativeMethodAccessorImpl.invoke(NativeMethodAccessorImpl.java:57)
    	at sun.reflect.DelegatingMethodAccessorImpl.invoke(DelegatingMethodAccessorImpl.java:43)
    	at java.lang.reflect.Method.invoke(Method.java:606)
    	at org.junit.runners.model.FrameworkMethod$1.runReflectiveCall(FrameworkMethod.java:50)
    	at org.junit.internal.runners.model.ReflectiveCallable.run(ReflectiveCallable.java:12)
    	at org.junit.runners.model.FrameworkMethod.invokeExplosively(FrameworkMethod.java:47)
    	at org.junit.internal.runners.statements.InvokeMethod.evaluate(InvokeMethod.java:17)
    	at org.junit.internal.runners.statements.FailOnTimeout$CallableStatement.call(FailOnTimeout.java:298)
    	at org.junit.internal.runners.statements.FailOnTimeout$CallableStatement.call(FailOnTimeout.java:292)
    	at java.util.concurrent.FutureTask.run(FutureTask.java:262)
    	at java.lang.Thread.run(Thread.java:745)
    Caused by: java.lang.ClassNotFoundException: e2soln.NoSuchNodeException
    	at java.net.URLClassLoader$1.run(URLClassLoader.java:366)
    	at java.net.URLClassLoader$1.run(URLClassLoader.java:355)
    	at java.security.AccessController.doPrivileged(Native Method)
    	at java.net.URLClassLoader.findClass(URLClassLoader.java:354)
    	at java.lang.ClassLoader.loadClass(ClassLoader.java:425)
    	at sun.misc.Launcher$AppClassLoader.loadClass(Launcher.java:308)
    	at java.lang.ClassLoader.loadClass(ClassLoader.java:358)
    	... 13 more

2) the NoSuchNodeException constructor with one argument                              .. failed
.. because Missing a required class: e2soln/NoSuchNodeException (details below):

    java.lang.NoClassDefFoundError: e2soln/NoSuchNodeException
    	at E2.e2tester.NoSuchNodeExceptionTest.testConstructorOneArg(NoSuchNodeExceptionTest.java:19)
    	at sun.reflect.NativeMethodAccessorImpl.invoke0(Native Method)
    	at sun.reflect.NativeMethodAccessorImpl.invoke(NativeMethodAccessorImpl.java:57)
    	at sun.reflect.DelegatingMethodAccessorImpl.invoke(DelegatingMethodAccessorImpl.java:43)
    	at java.lang.reflect.Method.invoke(Method.java:606)
    	at org.junit.runners.model.FrameworkMethod$1.runReflectiveCall(FrameworkMethod.java:50)
    	at org.junit.internal.runners.model.ReflectiveCallable.run(ReflectiveCallable.java:12)
    	at org.junit.runners.model.FrameworkMethod.invokeExplosively(FrameworkMethod.java:47)
    	at org.junit.internal.runners.statements.InvokeMethod.evaluate(InvokeMethod.java:17)
    	at org.junit.internal.runners.statements.FailOnTimeout$CallableStatement.call(FailOnTimeout.java:298)
    	at org.junit.internal.runners.statements.FailOnTimeout$CallableStatement.call(FailOnTimeout.java:292)
    	at java.util.concurrent.FutureTask.run(FutureTask.java:262)
    	at java.lang.Thread.run(Thread.java:745)

3) the NoSuchNodeException constructor with no arguments                              .. failed
.. because Missing a required class: e2soln/NoSuchNodeException (details below):

    java.lang.NoClassDefFoundError: e2soln/NoSuchNodeException
    	at E2.e2tester.NoSuchNodeExceptionTest.testConstructorNoArgs(NoSuchNodeExceptionTest.java:13)
    	at sun.reflect.NativeMethodAccessorImpl.invoke0(Native Method)
    	at sun.reflect.NativeMethodAccessorImpl.invoke(NativeMethodAccessorImpl.java:57)
    	at sun.reflect.DelegatingMethodAccessorImpl.invoke(DelegatingMethodAccessorImpl.java:43)
    	at java.lang.reflect.Method.invoke(Method.java:606)
    	at org.junit.runners.model.FrameworkMethod$1.runReflectiveCall(FrameworkMethod.java:50)
    	at org.junit.internal.runners.model.ReflectiveCallable.run(ReflectiveCallable.java:12)
    	at org.junit.runners.model.FrameworkMethod.invokeExplosively(FrameworkMethod.java:47)
    	at org.junit.internal.runners.statements.InvokeMethod.evaluate(InvokeMethod.java:17)
    	at org.junit.internal.runners.statements.FailOnTimeout$CallableStatement.call(FailOnTimeout.java:298)
    	at org.junit.internal.runners.statements.FailOnTimeout$CallableStatement.call(FailOnTimeout.java:292)
    	at java.util.concurrent.FutureTask.run(FutureTask.java:262)
    	at java.lang.Thread.run(Thread.java:745)



